#
# There is insufficient memory for the Java Runtime Environment to continue.
# Native memory allocation (mmap) failed to map 134217728 bytes for G1 virtual space
# Possible reasons:
#   The system is out of physical RAM or swap space
#   The process is running with CompressedOops enabled, and the Java Heap may be blocking the growth of the native heap
# Possible solutions:
#   Reduce memory load on the system
#   Increase physical memory or swap space
#   Check if swap backing store is full
#   Decrease Java heap size (-Xmx/-Xms)
#   Decrease number of Java threads
#   Decrease Java thread stack sizes (-Xss)
#   Set larger code cache with -XX:ReservedCodeCacheSize=
#   JVM is running with Unscaled Compressed Oops mode in which the Java heap is
#     placed in the first 4GB address space. The Java Heap base address is the
#     maximum limit for the native heap growth. Please use -XX:HeapBaseMinAddress
#     to set the Java Heap base and to place the Java Heap above 4GB virtual address.
# This output file may be truncated or incomplete.
#
#  Out of Memory Error (os_windows.cpp:3559), pid=15780, tid=12884
#
# JRE version:  (17.0.7+7) (build )
# Java VM: OpenJDK 64-Bit Server VM (17.0.7+7, mixed mode, sharing, tiered, compressed oops, compressed class ptrs, g1 gc, windows-amd64)
# No core dump will be written. Minidumps are not enabled by default on client versions of Windows
#

---------------  S U M M A R Y ------------

Command Line: -Dnet.bytebuddy.agent.attacher.dump= net.bytebuddy.agent.Attacher com.sun.tools.attach.VirtualMachine 3236 C:\Users\pc\.m2\repository\net\bytebuddy\byte-buddy-agent\1.14.10\byte-buddy-agent-1.14.10.jar false 

Host: Intel(R) Core(TM) i5-4200M CPU @ 2.50GHz, 4 cores, 7G,  Windows 10 , 64 bit Build 19041 (10.0.19041.3636)
Time: Tue Feb 20 23:38:22 2024 Morocco Standard Time elapsed time: 0.203582 seconds (0d 0h 0m 0s)

---------------  T H R E A D  ---------------

Current thread (0x000001d9b51f20c0):  JavaThread "Unknown thread" [_thread_in_vm, id=12884, stack(0x000000b9bfa00000,0x000000b9bfb00000)]

Stack: [0x000000b9bfa00000,0x000000b9bfb00000]
Native frames: (J=compiled Java code, j=interpreted, Vv=VM code, C=native code)
V  [jvm.dll+0x67754a]
V  [jvm.dll+0x834304]
V  [jvm.dll+0x835aae]
V  [jvm.dll+0x836113]
V  [jvm.dll+0x24696f]
V  [jvm.dll+0x6743f9]
V  [jvm.dll+0x668c8a]
V  [jvm.dll+0x3061bb]
V  [jvm.dll+0x30d6a6]
V  [jvm.dll+0x35cece]
V  [jvm.dll+0x35d0ff]
V  [jvm.dll+0x2dd048]
V  [jvm.dll+0x2ddfb4]
V  [jvm.dll+0x8066d1]
V  [jvm.dll+0x36ac91]
V  [jvm.dll+0x7e5cec]
V  [jvm.dll+0x3ed56f]
V  [jvm.dll+0x3ef0a1]
C  [jli.dll+0x528b]
C  [ucrtbase.dll+0x21bb2]
C  [KERNEL32.DLL+0x17344]
C  [ntdll.dll+0x526b1]


---------------  P R O C E S S  ---------------

Threads class SMR info:
_java_thread_list=0x00007ffaf13d7018, length=0, elements={
}

Java Threads: ( => current thread )

Other Threads:
  0x000001d9b524cef0 GCTaskThread "GC Thread#0" [stack: 0x000000b9bfb00000,0x000000b9bfc00000] [id=15848]
  0x000001d9b525dbb0 ConcurrentGCThread "G1 Main Marker" [stack: 0x000000b9bfc00000,0x000000b9bfd00000] [id=9828]
  0x000001d9b525ed60 ConcurrentGCThread "G1 Conc#0" [stack: 0x000000b9bfd00000,0x000000b9bfe00000] [id=13524]

[error occurred during error reporting (printing all threads), id 0xc0000005, EXCEPTION_ACCESS_VIOLATION (0xc0000005) at pc=0x00007ffaf0badaf7]

VM state: not at safepoint (not fully initialized)

VM Mutex/Monitor currently owned by a thread:  ([mutex/lock_event])
[0x000001d9b51ec840] Heap_lock - owner thread: 0x000001d9b51f20c0

Heap address: 0x0000000081400000, size: 2028 MB, Compressed Oops mode: 32-bit

CDS archive(s) mapped at: [0x0000000000000000-0x0000000000000000-0x0000000000000000), size 0, SharedBaseAddress: 0x0000000800000000, ArchiveRelocationMode: 0.
Narrow klass base: 0x0000000000000000, Narrow klass shift: 0, Narrow klass range: 0x0

GC Precious Log:
<Empty>

Heap:
 garbage-first heap   total 0K, used 0K [0x0000000081400000, 0x0000000100000000)
  region size 1024K, 0 young (0K), 0 survivors (0K)

[error occurred during error reporting (printing heap information), id 0xc0000005, EXCEPTION_ACCESS_VIOLATION (0xc0000005) at pc=0x00007ffaf0f90db9]

GC Heap History (0 events):
No events

Dll operation events (1 events):
Event: 0.013 Loaded shared library C:\Users\pc\Downloads\spring-tool-suite-4-4.19.0.RELEASE-e4.28.0-win32.win32.x86_64.self-extracting (1)\sts-4.19.0.RELEASE\plugins\org.eclipse.justj.openjdk.hotspot.jre.full.win32.x86_64_17.0.7.v20230425-1502\jre\bin\java.dll

Deoptimization events (0 events):
No events

Classes unloaded (0 events):
No events

Classes redefined (0 events):
No events

Internal exceptions (0 events):
No events

VM Operations (0 events):
No events

Events (0 events):
No events


Dynamic libraries:
0x00007ff6851f0000 - 0x00007ff6851fe000 	C:\Users\pc\Downloads\spring-tool-suite-4-4.19.0.RELEASE-e4.28.0-win32.win32.x86_64.self-extracting (1)\sts-4.19.0.RELEASE\plugins\org.eclipse.justj.openjdk.hotspot.jre.full.win32.x86_64_17.0.7.v20230425-1502\jre\bin\java.exe
0x00007ffb52110000 - 0x00007ffb52308000 	C:\WINDOWS\SYSTEM32\ntdll.dll
0x00007ffb510f0000 - 0x00007ffb511ad000 	C:\WINDOWS\System32\KERNEL32.DLL
0x00007ffb4fee0000 - 0x00007ffb501d6000 	C:\WINDOWS\System32\KERNELBASE.dll
0x00007ffb4f860000 - 0x00007ffb4f960000 	C:\WINDOWS\System32\ucrtbase.dll
0x00007ffb36e10000 - 0x00007ffb36e27000 	C:\Users\pc\Downloads\spring-tool-suite-4-4.19.0.RELEASE-e4.28.0-win32.win32.x86_64.self-extracting (1)\sts-4.19.0.RELEASE\plugins\org.eclipse.justj.openjdk.hotspot.jre.full.win32.x86_64_17.0.7.v20230425-1502\jre\bin\jli.dll
0x00007ffb366d0000 - 0x00007ffb366e9000 	C:\Users\pc\Downloads\spring-tool-suite-4-4.19.0.RELEASE-e4.28.0-win32.win32.x86_64.self-extracting (1)\sts-4.19.0.RELEASE\plugins\org.eclipse.justj.openjdk.hotspot.jre.full.win32.x86_64_17.0.7.v20230425-1502\jre\bin\VCRUNTIME140.dll
0x00007ffb50e50000 - 0x00007ffb50fee000 	C:\WINDOWS\System32\USER32.dll
0x00007ffb4fe10000 - 0x00007ffb4fe32000 	C:\WINDOWS\System32\win32u.dll
0x00007ffb42400000 - 0x00007ffb4269a000 	C:\WINDOWS\WinSxS\amd64_microsoft.windows.common-controls_6595b64144ccf1df_6.0.19041.3636_none_60b6a03d71f818d5\COMCTL32.dll
0x00007ffb510c0000 - 0x00007ffb510eb000 	C:\WINDOWS\System32\GDI32.dll
0x00007ffb50cd0000 - 0x00007ffb50d6e000 	C:\WINDOWS\System32\msvcrt.dll
0x00007ffb4fcf0000 - 0x00007ffb4fe07000 	C:\WINDOWS\System32\gdi32full.dll
0x00007ffb4fe40000 - 0x00007ffb4fedd000 	C:\WINDOWS\System32\msvcp_win.dll
0x00007ffb501e0000 - 0x00007ffb50212000 	C:\WINDOWS\System32\IMM32.DLL
0x00007ffb4b3f0000 - 0x00007ffb4b3fc000 	C:\Users\pc\Downloads\spring-tool-suite-4-4.19.0.RELEASE-e4.28.0-win32.win32.x86_64.self-extracting (1)\sts-4.19.0.RELEASE\plugins\org.eclipse.justj.openjdk.hotspot.jre.full.win32.x86_64_17.0.7.v20230425-1502\jre\bin\vcruntime140_1.dll
0x00007ffb35040000 - 0x00007ffb350d1000 	C:\Users\pc\Downloads\spring-tool-suite-4-4.19.0.RELEASE-e4.28.0-win32.win32.x86_64.self-extracting (1)\sts-4.19.0.RELEASE\plugins\org.eclipse.justj.openjdk.hotspot.jre.full.win32.x86_64_17.0.7.v20230425-1502\jre\bin\msvcp140.dll
0x00007ffaf08c0000 - 0x00007ffaf1508000 	C:\Users\pc\Downloads\spring-tool-suite-4-4.19.0.RELEASE-e4.28.0-win32.win32.x86_64.self-extracting (1)\sts-4.19.0.RELEASE\plugins\org.eclipse.justj.openjdk.hotspot.jre.full.win32.x86_64_17.0.7.v20230425-1502\jre\bin\server\jvm.dll
0x00007ffb51920000 - 0x00007ffb519d3000 	C:\WINDOWS\System32\ADVAPI32.dll
0x00007ffb51de0000 - 0x00007ffb51e7f000 	C:\WINDOWS\System32\sechost.dll
0x00007ffb51ca0000 - 0x00007ffb51dc6000 	C:\WINDOWS\System32\RPCRT4.dll
0x00007ffb4fa80000 - 0x00007ffb4faa7000 	C:\WINDOWS\System32\bcrypt.dll
0x00007ffb49070000 - 0x00007ffb49079000 	C:\WINDOWS\SYSTEM32\WSOCK32.dll
0x00007ffb52060000 - 0x00007ffb520cb000 	C:\WINDOWS\System32\WS2_32.dll
0x00007ffb43890000 - 0x00007ffb438b7000 	C:\WINDOWS\SYSTEM32\WINMM.dll
0x00007ffb4b040000 - 0x00007ffb4b04a000 	C:\WINDOWS\SYSTEM32\VERSION.dll
0x00007ffb4d600000 - 0x00007ffb4d612000 	C:\WINDOWS\SYSTEM32\kernel.appcore.dll
0x00007ffb3d4c0000 - 0x00007ffb3d4ca000 	C:\Users\pc\Downloads\spring-tool-suite-4-4.19.0.RELEASE-e4.28.0-win32.win32.x86_64.self-extracting (1)\sts-4.19.0.RELEASE\plugins\org.eclipse.justj.openjdk.hotspot.jre.full.win32.x86_64_17.0.7.v20230425-1502\jre\bin\jimage.dll
0x00007ffb37720000 - 0x00007ffb37904000 	C:\WINDOWS\SYSTEM32\DBGHELP.DLL
0x00007ffb37670000 - 0x00007ffb376a4000 	C:\WINDOWS\SYSTEM32\dbgcore.DLL
0x00007ffb4fc60000 - 0x00007ffb4fce2000 	C:\WINDOWS\System32\bcryptPrimitives.dll
0x00007ffb35830000 - 0x00007ffb35855000 	C:\Users\pc\Downloads\spring-tool-suite-4-4.19.0.RELEASE-e4.28.0-win32.win32.x86_64.self-extracting (1)\sts-4.19.0.RELEASE\plugins\org.eclipse.justj.openjdk.hotspot.jre.full.win32.x86_64_17.0.7.v20230425-1502\jre\bin\java.dll

dbghelp: loaded successfully - version: 4.0.5 - missing functions: none
symbol engine: initialized successfully - sym options: 0x614 - pdb path: .;C:\Users\pc\Downloads\spring-tool-suite-4-4.19.0.RELEASE-e4.28.0-win32.win32.x86_64.self-extracting (1)\sts-4.19.0.RELEASE\plugins\org.eclipse.justj.openjdk.hotspot.jre.full.win32.x86_64_17.0.7.v20230425-1502\jre\bin;C:\WINDOWS\SYSTEM32;C:\WINDOWS\WinSxS\amd64_microsoft.windows.common-controls_6595b64144ccf1df_6.0.19041.3636_none_60b6a03d71f818d5;C:\Users\pc\Downloads\spring-tool-suite-4-4.19.0.RELEASE-e4.28.0-win32.win32.x86_64.self-extracting (1)\sts-4.19.0.RELEASE\plugins\org.eclipse.justj.openjdk.hotspot.jre.full.win32.x86_64_17.0.7.v20230425-1502\jre\bin\server

VM Arguments:
jvm_args: -Dnet.bytebuddy.agent.attacher.dump= 
java_command: net.bytebuddy.agent.Attacher com.sun.tools.attach.VirtualMachine 3236 C:\Users\pc\.m2\repository\net\bytebuddy\byte-buddy-agent\1.14.10\byte-buddy-agent-1.14.10.jar false 
java_class_path (initial): C:\Users\pc\.m2\repository\net\bytebuddy\byte-buddy-agent\1.14.10\byte-buddy-agent-1.14.10.jar
Launcher Type: SUN_STANDARD

[Global flags]
     intx CICompilerCount                          = 3                                         {product} {ergonomic}
     uint ConcGCThreads                            = 1                                         {product} {ergonomic}
     uint G1ConcRefinementThreads                  = 4                                         {product} {ergonomic}
   size_t G1HeapRegionSize                         = 1048576                                   {product} {ergonomic}
    uintx GCDrainStackTargetSize                   = 64                                        {product} {ergonomic}
   size_t InitialHeapSize                          = 134217728                                 {product} {ergonomic}
   size_t MarkStackSize                            = 4194304                                   {product} {ergonomic}
   size_t MaxHeapSize                              = 2126512128                                {product} {ergonomic}
   size_t MinHeapDeltaBytes                        = 1048576                                   {product} {ergonomic}
   size_t MinHeapSize                              = 8388608                                   {product} {ergonomic}
    uintx NonNMethodCodeHeapSize                   = 5832780                                {pd product} {ergonomic}
    uintx NonProfiledCodeHeapSize                  = 122912730                              {pd product} {ergonomic}
    uintx ProfiledCodeHeapSize                     = 122912730                              {pd product} {ergonomic}
    uintx ReservedCodeCacheSize                    = 251658240                              {pd product} {ergonomic}
     bool SegmentedCodeCache                       = true                                      {product} {ergonomic}
   size_t SoftMaxHeapSize                          = 2126512128                             {manageable} {ergonomic}
     bool UseCompressedClassPointers               = true                           {product lp64_product} {ergonomic}
     bool UseCompressedOops                        = true                           {product lp64_product} {ergonomic}
     bool UseG1GC                                  = true                                      {product} {ergonomic}
     bool UseLargePagesIndividualAllocation        = false                                  {pd product} {ergonomic}

Logging:
Log output configuration:
 #0: stdout all=warning uptime,level,tags
 #1: stderr all=off uptime,level,tags

Environment Variables:
JAVA_HOME=C:\Program Files\Java\jdk-19
PATH=C:/Users/pc/Downloads/spring-tool-suite-4-4.19.0.RELEASE-e4.28.0-win32.win32.x86_64.self-extracting (1)/sts-4.19.0.RELEASE//plugins/org.eclipse.justj.openjdk.hotspot.jre.full.win32.x86_64_17.0.7.v20230425-1502/jre/bin/server;C:/Users/pc/Downloads/spring-tool-suite-4-4.19.0.RELEASE-e4.28.0-win32.win32.x86_64.self-extracting (1)/sts-4.19.0.RELEASE//plugins/org.eclipse.justj.openjdk.hotspot.jre.full.win32.x86_64_17.0.7.v20230425-1502/jre/bin;C:\Program Files\Common Files\Oracle\Java\javapath;C:\Program Files (x86)\AMD APP\bin\x86_64;C:\Program Files (x86)\AMD APP\bin\x86;C:\WINDOWS\system32;C:\WINDOWS;C:\WINDOWS\System32\Wbem;C:\WINDOWS\System32\WindowsPowerShell\v1.0\;C:\Program Files\nodejs\;C:\Program Files (x86)\Intel\OpenCL SDK\3.0\bin\x86;C:\Program Files (x86)\Intel\OpenCL SDK\3.0\bin\x64;C:\WINDOWS\System32\OpenSSH\;C:\Program Files\Java\jdk-1.bin;C:\Program Files\Java\jdk-19\bin;C:\Program Files\Git\cmd;C:\Program Files (x86)\Common Files\DivX Shared\DesktopService;C:\xampp\php;C:\composer;C:\Program Files\PuTTY\;C:\Program Files\Amazon\AWSCLIV2\;C:\Users\pc\AppData\Local\Microsoft\WindowsApps;C:\Users\pc\AppData\Local\Programs\Microsoft VS Code\bin;C:\Users\pc\AppData\Roaming\npm;C:\Users\pc\AppData\Local\GitHubDesktop\bin;C:\Users\pc\AppData\Roaming\Composer\vendor\bin;C:\Users\pc\Downloads\spring-tool-suite-4-4.19.0.RELEASE-e4.28.0-win32.win32.x86_64.self-extracting (1)\sts-4.19.0.RELEASE;
USERNAME=pc
OS=Windows_NT
PROCESSOR_IDENTIFIER=Intel64 Family 6 Model 60 Stepping 3, GenuineIntel
TMP=C:\Users\pc\AppData\Local\Temp
TEMP=C:\Users\pc\AppData\Local\Temp



---------------  S Y S T E M  ---------------

OS:
 Windows 10 , 64 bit Build 19041 (10.0.19041.3636)
OS uptime: 0 days 16:04 hours

CPU: total 4 (initial active 4) (2 cores per cpu, 2 threads per core) family 6 model 60 stepping 3 microcode 0x27, cx8, cmov, fxsr, ht, mmx, sse, sse2, sse3, ssse3, sse4.1, sse4.2, popcnt, lzcnt, tsc, tscinvbit, avx, avx2, aes, erms, clmul, bmi1, bmi2, fma, vzeroupper, clflush

Memory: 4k page, system-wide physical 8107M (263M free)
TotalPageFile size 9996M (AvailPageFile size 88M)
current process WorkingSet (physical memory assigned to process): 10M, peak: 10M
current process commit charge ("private bytes"): 51M, peak: 179M

vm_info: OpenJDK 64-Bit Server VM (17.0.7+7) for windows-amd64 JRE (17.0.7+7), built on Apr 18 2023 22:10:42 by "temurin" with MS VC++ 16.7 (VS2019)

END.
