#
# There is insufficient memory for the Java Runtime Environment to continue.
# Native memory allocation (mmap) failed to map 65536 bytes for Failed to commit metaspace.
# Possible reasons:
#   The system is out of physical RAM or swap space
#   The process is running with CompressedOops enabled, and the Java Heap may be blocking the growth of the native heap
# Possible solutions:
#   Reduce memory load on the system
#   Increase physical memory or swap space
#   Check if swap backing store is full
#   Decrease Java heap size (-Xmx/-Xms)
#   Decrease number of Java threads
#   Decrease Java thread stack sizes (-Xss)
#   Set larger code cache with -XX:ReservedCodeCacheSize=
#   JVM is running with Unscaled Compressed Oops mode in which the Java heap is
#     placed in the first 4GB address space. The Java Heap base address is the
#     maximum limit for the native heap growth. Please use -XX:HeapBaseMinAddress
#     to set the Java Heap base and to place the Java Heap above 4GB virtual address.
# This output file may be truncated or incomplete.
#
#  Out of Memory Error (virtualSpaceNode.cpp:110), pid=15048, tid=8344
#
# JRE version: OpenJDK Runtime Environment Temurin-17.0.7+7 (17.0.7+7) (build 17.0.7+7)
# Java VM: OpenJDK 64-Bit Server VM Temurin-17.0.7+7 (17.0.7+7, mixed mode, emulated-client, tiered, compressed oops, compressed class ptrs, g1 gc, windows-amd64)
# No core dump will be written. Minidumps are not enabled by default on client versions of Windows
#

---------------  S U M M A R Y ------------

Command Line: -Dcom.sun.management.jmxremote -Dcom.sun.management.jmxremote.port=62256 -Dcom.sun.management.jmxremote.authenticate=false -Dcom.sun.management.jmxremote.ssl=false -Djava.rmi.server.hostname=localhost -Dspring.jmx.enabled=true -Dmanagement.endpoints.jmx.exposure.include=* -Dspring.application.admin.enabled=true -XX:TieredStopAtLevel=1 -Dspring.boot.project.name=back-end-ecom -Dfile.encoding=UTF-8 -XX:+ShowCodeDetailsInExceptionMessages com.example.demo.BackEndEcomApplication --spring.output.ansi.enabled=always

Host: Intel(R) Core(TM) i5-4200M CPU @ 2.50GHz, 4 cores, 7G,  Windows 10 , 64 bit Build 19041 (10.0.19041.3636)
Time: Thu Feb 15 22:30:03 2024 Morocco Standard Time elapsed time: 1.058235 seconds (0d 0h 0m 1s)

---------------  T H R E A D  ---------------

Current thread (0x0000024e5d5c4ac0):  JavaThread "RMI TCP Connection(1)-127.0.0.1" daemon [_thread_in_vm, id=8344, stack(0x00000058d8b00000,0x00000058d8c00000)]

Stack: [0x00000058d8b00000,0x00000058d8c00000]
Native frames: (J=compiled Java code, j=interpreted, Vv=VM code, C=native code)
V  [jvm.dll+0x67754a]
V  [jvm.dll+0x834304]
V  [jvm.dll+0x835aae]
V  [jvm.dll+0x836113]
V  [jvm.dll+0x24696f]
V  [jvm.dll+0x83039b]
V  [jvm.dll+0x61c006]
V  [jvm.dll+0x1c169e]
V  [jvm.dll+0x61e961]
V  [jvm.dll+0x61c9a6]
V  [jvm.dll+0x36cff2]
V  [jvm.dll+0x1e311b]
V  [jvm.dll+0x53ea79]
V  [jvm.dll+0x1f2067]
V  [jvm.dll+0x7af05b]
V  [jvm.dll+0x7b0402]
V  [jvm.dll+0x7b0738]
V  [jvm.dll+0x23ec6e]
V  [jvm.dll+0x380a4e]
C  0x0000024e4ebc993b

Java frames: (J=compiled Java code, j=interpreted, Vv=VM code)
j  java.util.concurrent.ScheduledThreadPoolExecutor.schedule(Ljava/lang/Runnable;JLjava/util/concurrent/TimeUnit;)Ljava/util/concurrent/ScheduledFuture;+19 java.base@17.0.7
j  sun.rmi.transport.DGCAckHandler.startTimer()V+32 java.rmi@17.0.7
j  sun.rmi.transport.ConnectionOutputStream.done()V+11 java.rmi@17.0.7
j  sun.rmi.transport.StreamRemoteCall.releaseOutputStream()V+18 java.rmi@17.0.7
j  sun.rmi.server.UnicastServerRef.dispatch(Ljava/rmi/Remote;Ljava/rmi/server/RemoteCall;)V+54 java.rmi@17.0.7
j  sun.rmi.transport.Transport$1.run()Ljava/lang/Void;+23 java.rmi@17.0.7
j  sun.rmi.transport.Transport$1.run()Ljava/lang/Object;+1 java.rmi@17.0.7
j  java.security.AccessController.executePrivileged(Ljava/security/PrivilegedExceptionAction;Ljava/security/AccessControlContext;Ljava/lang/Class;)Ljava/lang/Object;+29 java.base@17.0.7
j  java.security.AccessController.doPrivileged(Ljava/security/PrivilegedExceptionAction;Ljava/security/AccessControlContext;)Ljava/lang/Object;+13 java.base@17.0.7
j  sun.rmi.transport.Transport.serviceCall(Ljava/rmi/server/RemoteCall;)Z+157 java.rmi@17.0.7
j  sun.rmi.transport.tcp.TCPTransport.handleMessages(Lsun/rmi/transport/Connection;Z)V+145 java.rmi@17.0.7
j  sun.rmi.transport.tcp.TCPTransport$ConnectionHandler.run0()V+522 java.rmi@17.0.7
j  sun.rmi.transport.tcp.TCPTransport$ConnectionHandler.lambda$run$0()Ljava/lang/Void;+1 java.rmi@17.0.7
j  sun.rmi.transport.tcp.TCPTransport$ConnectionHandler$$Lambda$102+0x0000000100133a88.run()Ljava/lang/Object;+4 java.rmi@17.0.7
J 846 c1 java.security.AccessController.executePrivileged(Ljava/security/PrivilegedAction;Ljava/security/AccessControlContext;Ljava/lang/Class;)Ljava/lang/Object; java.base@17.0.7 (65 bytes) @ 0x0000024e4ee6380c [0x0000024e4ee637c0+0x000000000000004c]
j  java.security.AccessController.doPrivileged(Ljava/security/PrivilegedAction;Ljava/security/AccessControlContext;)Ljava/lang/Object;+13 java.base@17.0.7
j  sun.rmi.transport.tcp.TCPTransport$ConnectionHandler.run()V+37 java.rmi@17.0.7
j  java.util.concurrent.ThreadPoolExecutor.runWorker(Ljava/util/concurrent/ThreadPoolExecutor$Worker;)V+92 java.base@17.0.7
j  java.util.concurrent.ThreadPoolExecutor$Worker.run()V+5 java.base@17.0.7
j  java.lang.Thread.run()V+11 java.base@17.0.7
v  ~StubRoutines::call_stub

---------------  P R O C E S S  ---------------

Threads class SMR info:
_java_thread_list=0x0000024e5d5c62d0, length=17, elements={
0x0000024e4b503470, 0x0000024e58b43620, 0x0000024e58aeed40, 0x0000024e58b2c140,
0x0000024e58b2ccc0, 0x0000024e58b2e590, 0x0000024e58b55fc0, 0x0000024e58b62da0,
0x0000024e58b636a0, 0x0000024e58a91f50, 0x0000024e58a925f0, 0x0000024e58d1fed0,
0x0000024e5d4e06c0, 0x0000024e5d4ce4b0, 0x0000024e5d4ce980, 0x0000024e5d5c4ac0,
0x0000024e5d5c4f90
}

Java Threads: ( => current thread )
  0x0000024e4b503470 JavaThread "main" [_thread_in_vm, id=11432, stack(0x00000058d7000000,0x00000058d7100000)]
  0x0000024e58b43620 JavaThread "Reference Handler" daemon [_thread_blocked, id=9324, stack(0x00000058d7700000,0x00000058d7800000)]
  0x0000024e58aeed40 JavaThread "Finalizer" daemon [_thread_blocked, id=4440, stack(0x00000058d7800000,0x00000058d7900000)]
  0x0000024e58b2c140 JavaThread "Signal Dispatcher" daemon [_thread_blocked, id=7376, stack(0x00000058d7900000,0x00000058d7a00000)]
  0x0000024e58b2ccc0 JavaThread "Attach Listener" daemon [_thread_blocked, id=14564, stack(0x00000058d7a00000,0x00000058d7b00000)]
  0x0000024e58b2e590 JavaThread "Service Thread" daemon [_thread_blocked, id=14636, stack(0x00000058d7b00000,0x00000058d7c00000)]
  0x0000024e58b55fc0 JavaThread "Monitor Deflation Thread" daemon [_thread_blocked, id=6536, stack(0x00000058d7c00000,0x00000058d7d00000)]
  0x0000024e58b62da0 JavaThread "C1 CompilerThread0" daemon [_thread_in_native, id=7184, stack(0x00000058d7d00000,0x00000058d7e00000)]
  0x0000024e58b636a0 JavaThread "Sweeper thread" daemon [_thread_blocked, id=12100, stack(0x00000058d7e00000,0x00000058d7f00000)]
  0x0000024e58a91f50 JavaThread "Common-Cleaner" daemon [_thread_blocked, id=11508, stack(0x00000058d7f00000,0x00000058d8000000)]
  0x0000024e58a925f0 JavaThread "C1 CompilerThread1" daemon [_thread_in_native, id=14104, stack(0x00000058d8000000,0x00000058d8100000)]
  0x0000024e58d1fed0 JavaThread "Notification Thread" daemon [_thread_blocked, id=15244, stack(0x00000058d8100000,0x00000058d8200000)]
  0x0000024e5d4e06c0 JavaThread "RMI TCP Accept-0" daemon [_thread_in_native, id=6044, stack(0x00000058d8200000,0x00000058d8300000)]
  0x0000024e5d4ce4b0 JavaThread "RMI TCP Accept-62256" daemon [_thread_in_native, id=10816, stack(0x00000058d8300000,0x00000058d8400000)]
  0x0000024e5d4ce980 JavaThread "RMI TCP Accept-0" daemon [_thread_in_native, id=6316, stack(0x00000058d8400000,0x00000058d8500000)]
=>0x0000024e5d5c4ac0 JavaThread "RMI TCP Connection(1)-127.0.0.1" daemon [_thread_in_vm, id=8344, stack(0x00000058d8b00000,0x00000058d8c00000)]
  0x0000024e5d5c4f90 JavaThread "RMI TCP Connection(2)-127.0.0.1" daemon [_thread_in_vm, id=10356, stack(0x00000058d8c00000,0x00000058d8d00000)]

Other Threads:
  0x0000024e58b14790 VMThread "VM Thread" [stack: 0x00000058d7600000,0x00000058d7700000] [id=14780] _threads_hazard_ptr=0x0000024e5d5c62d0
  0x0000024e4b57fd10 WatcherThread [stack: 0x00000058d8500000,0x00000058d8600000] [id=10768]
  0x0000024e4b55ee20 GCTaskThread "GC Thread#0" [stack: 0x00000058d7100000,0x00000058d7200000] [id=14820]
  0x0000024e5d5aa790 GCTaskThread "GC Thread#1" [stack: 0x00000058d8600000,0x00000058d8700000] [id=8904]
  0x0000024e5d5aaa40 GCTaskThread "GC Thread#2" [stack: 0x00000058d8700000,0x00000058d8800000] [id=12536]
  0x0000024e5d589760 GCTaskThread "GC Thread#3" [stack: 0x00000058d8800000,0x00000058d8900000] [id=15040]
  0x0000024e4b570190 ConcurrentGCThread "G1 Main Marker" [stack: 0x00000058d7200000,0x00000058d7300000] [id=10760]
  0x0000024e4b570ab0 ConcurrentGCThread "G1 Conc#0" [stack: 0x00000058d7300000,0x00000058d7400000] [id=12388]
  0x0000024e589620c0 ConcurrentGCThread "G1 Refine#0" [stack: 0x00000058d7400000,0x00000058d7500000] [id=2472]
  0x0000024e5d589a10 ConcurrentGCThread "G1 Refine#1" [stack: 0x00000058d8900000,0x00000058d8a00000] [id=6484]
  0x0000024e5d5aacf0 ConcurrentGCThread "G1 Refine#2" [stack: 0x00000058d8a00000,0x00000058d8b00000] [id=9976]
  0x0000024e58963a00 ConcurrentGCThread "G1 Service" [stack: 0x00000058d7500000,0x00000058d7600000] [id=9492]

Threads with active compile tasks:
C1 CompilerThread0     2530  993       1       sun.security.provider.PolicyParser::match (778 bytes)
C1 CompilerThread1     2530  991       1       java.io.StreamTokenizer::nextToken (1266 bytes)

VM state: synchronizing (normal execution)

VM Mutex/Monitor currently owned by a thread:  ([mutex/lock_event])
[0x0000024e4b4fc690] Metaspace_lock - owner thread: 0x0000024e5d5c4ac0
[0x0000024e4b4fce30] Threads_lock - owner thread: 0x0000024e58b14790

Heap address: 0x0000000081400000, size: 2028 MB, Compressed Oops mode: 32-bit

CDS archive(s) not mapped
Compressed class space mapped at: 0x0000000100000000-0x0000000140000000, reserved size: 1073741824
Narrow klass base: 0x0000000000000000, Narrow klass shift: 3, Narrow klass range: 0x140000000

GC Precious Log:
 CPUs: 4 total, 4 available
 Memory: 8107M
 Large Page Support: Disabled
 NUMA Support: Disabled
 Compressed Oops: Enabled (32-bit)
 Heap Region Size: 1M
 Heap Min Capacity: 8M
 Heap Initial Capacity: 128M
 Heap Max Capacity: 2028M
 Pre-touch: Disabled
 Parallel Workers: 4
 Concurrent Workers: 1
 Concurrent Refinement Workers: 4
 Periodic GC: Disabled

Heap:
 garbage-first heap   total 131072K, used 8635K [0x0000000081400000, 0x0000000100000000)
  region size 1024K, 4 young (4096K), 2 survivors (2048K)
 Metaspace       used 13051K, committed 13248K, reserved 1114112K
  class space    used 1325K, committed 1408K, reserved 1048576K

Heap Regions: E=young(eden), S=young(survivor), O=old, HS=humongous(starts), HC=humongous(continues), CS=collection set, F=free, OA=open archive, CA=closed archive, TAMS=top-at-mark-start (previous, next)
|   0|0x0000000081400000, 0x0000000081500000, 0x0000000081500000|100%|HS|  |TAMS 0x0000000081400000, 0x0000000081400000| Complete 
|   1|0x0000000081500000, 0x0000000081600000, 0x0000000081600000|100%|HS|  |TAMS 0x0000000081500000, 0x0000000081500000| Complete 
|   2|0x0000000081600000, 0x0000000081700000, 0x0000000081700000|100%| O|  |TAMS 0x0000000081600000, 0x0000000081600000| Untracked 
|   3|0x0000000081700000, 0x0000000081800000, 0x0000000081800000|100%| O|  |TAMS 0x0000000081700000, 0x0000000081700000| Untracked 
|   4|0x0000000081800000, 0x0000000081900000, 0x0000000081900000|100%| O|  |TAMS 0x0000000081800000, 0x0000000081800000| Untracked 
|   5|0x0000000081900000, 0x000000008196ec00, 0x0000000081a00000| 43%| O|  |TAMS 0x0000000081900000, 0x0000000081900000| Untracked 
|   6|0x0000000081a00000, 0x0000000081a00000, 0x0000000081b00000|  0%| F|  |TAMS 0x0000000081a00000, 0x0000000081a00000| Untracked 
|   7|0x0000000081b00000, 0x0000000081b00000, 0x0000000081c00000|  0%| F|  |TAMS 0x0000000081b00000, 0x0000000081b00000| Untracked 
|   8|0x0000000081c00000, 0x0000000081c00000, 0x0000000081d00000|  0%| F|  |TAMS 0x0000000081c00000, 0x0000000081c00000| Untracked 
|   9|0x0000000081d00000, 0x0000000081d00000, 0x0000000081e00000|  0%| F|  |TAMS 0x0000000081d00000, 0x0000000081d00000| Untracked 
|  10|0x0000000081e00000, 0x0000000081e00000, 0x0000000081f00000|  0%| F|  |TAMS 0x0000000081e00000, 0x0000000081e00000| Untracked 
|  11|0x0000000081f00000, 0x0000000081f00000, 0x0000000082000000|  0%| F|  |TAMS 0x0000000081f00000, 0x0000000081f00000| Untracked 
|  12|0x0000000082000000, 0x0000000082000000, 0x0000000082100000|  0%| F|  |TAMS 0x0000000082000000, 0x0000000082000000| Untracked 
|  13|0x0000000082100000, 0x0000000082100000, 0x0000000082200000|  0%| F|  |TAMS 0x0000000082100000, 0x0000000082100000| Untracked 
|  14|0x0000000082200000, 0x0000000082200000, 0x0000000082300000|  0%| F|  |TAMS 0x0000000082200000, 0x0000000082200000| Untracked 
|  15|0x0000000082300000, 0x0000000082300000, 0x0000000082400000|  0%| F|  |TAMS 0x0000000082300000, 0x0000000082300000| Untracked 
|  16|0x0000000082400000, 0x0000000082400000, 0x0000000082500000|  0%| F|  |TAMS 0x0000000082400000, 0x0000000082400000| Untracked 
|  17|0x0000000082500000, 0x0000000082500000, 0x0000000082600000|  0%| F|  |TAMS 0x0000000082500000, 0x0000000082500000| Untracked 
|  18|0x0000000082600000, 0x0000000082600000, 0x0000000082700000|  0%| F|  |TAMS 0x0000000082600000, 0x0000000082600000| Untracked 
|  19|0x0000000082700000, 0x0000000082700000, 0x0000000082800000|  0%| F|  |TAMS 0x0000000082700000, 0x0000000082700000| Untracked 
|  20|0x0000000082800000, 0x0000000082800000, 0x0000000082900000|  0%| F|  |TAMS 0x0000000082800000, 0x0000000082800000| Untracked 
|  21|0x0000000082900000, 0x0000000082900000, 0x0000000082a00000|  0%| F|  |TAMS 0x0000000082900000, 0x0000000082900000| Untracked 
|  22|0x0000000082a00000, 0x0000000082a00000, 0x0000000082b00000|  0%| F|  |TAMS 0x0000000082a00000, 0x0000000082a00000| Untracked 
|  23|0x0000000082b00000, 0x0000000082b00000, 0x0000000082c00000|  0%| F|  |TAMS 0x0000000082b00000, 0x0000000082b00000| Untracked 
|  24|0x0000000082c00000, 0x0000000082c00000, 0x0000000082d00000|  0%| F|  |TAMS 0x0000000082c00000, 0x0000000082c00000| Untracked 
|  25|0x0000000082d00000, 0x0000000082d00000, 0x0000000082e00000|  0%| F|  |TAMS 0x0000000082d00000, 0x0000000082d00000| Untracked 
|  26|0x0000000082e00000, 0x0000000082e00000, 0x0000000082f00000|  0%| F|  |TAMS 0x0000000082e00000, 0x0000000082e00000| Untracked 
|  27|0x0000000082f00000, 0x0000000082f00000, 0x0000000083000000|  0%| F|  |TAMS 0x0000000082f00000, 0x0000000082f00000| Untracked 
|  28|0x0000000083000000, 0x0000000083000000, 0x0000000083100000|  0%| F|  |TAMS 0x0000000083000000, 0x0000000083000000| Untracked 
|  29|0x0000000083100000, 0x0000000083100000, 0x0000000083200000|  0%| F|  |TAMS 0x0000000083100000, 0x0000000083100000| Untracked 
|  30|0x0000000083200000, 0x0000000083200000, 0x0000000083300000|  0%| F|  |TAMS 0x0000000083200000, 0x0000000083200000| Untracked 
|  31|0x0000000083300000, 0x0000000083300000, 0x0000000083400000|  0%| F|  |TAMS 0x0000000083300000, 0x0000000083300000| Untracked 
|  32|0x0000000083400000, 0x0000000083400000, 0x0000000083500000|  0%| F|  |TAMS 0x0000000083400000, 0x0000000083400000| Untracked 
|  33|0x0000000083500000, 0x0000000083500000, 0x0000000083600000|  0%| F|  |TAMS 0x0000000083500000, 0x0000000083500000| Untracked 
|  34|0x0000000083600000, 0x0000000083600000, 0x0000000083700000|  0%| F|  |TAMS 0x0000000083600000, 0x0000000083600000| Untracked 
|  35|0x0000000083700000, 0x0000000083700000, 0x0000000083800000|  0%| F|  |TAMS 0x0000000083700000, 0x0000000083700000| Untracked 
|  36|0x0000000083800000, 0x0000000083800000, 0x0000000083900000|  0%| F|  |TAMS 0x0000000083800000, 0x0000000083800000| Untracked 
|  37|0x0000000083900000, 0x0000000083900000, 0x0000000083a00000|  0%| F|  |TAMS 0x0000000083900000, 0x0000000083900000| Untracked 
|  38|0x0000000083a00000, 0x0000000083a00000, 0x0000000083b00000|  0%| F|  |TAMS 0x0000000083a00000, 0x0000000083a00000| Untracked 
|  39|0x0000000083b00000, 0x0000000083b00000, 0x0000000083c00000|  0%| F|  |TAMS 0x0000000083b00000, 0x0000000083b00000| Untracked 
|  40|0x0000000083c00000, 0x0000000083c00000, 0x0000000083d00000|  0%| F|  |TAMS 0x0000000083c00000, 0x0000000083c00000| Untracked 
|  41|0x0000000083d00000, 0x0000000083d00000, 0x0000000083e00000|  0%| F|  |TAMS 0x0000000083d00000, 0x0000000083d00000| Untracked 
|  42|0x0000000083e00000, 0x0000000083e00000, 0x0000000083f00000|  0%| F|  |TAMS 0x0000000083e00000, 0x0000000083e00000| Untracked 
|  43|0x0000000083f00000, 0x0000000083f00000, 0x0000000084000000|  0%| F|  |TAMS 0x0000000083f00000, 0x0000000083f00000| Untracked 
|  44|0x0000000084000000, 0x0000000084000000, 0x0000000084100000|  0%| F|  |TAMS 0x0000000084000000, 0x0000000084000000| Untracked 
|  45|0x0000000084100000, 0x0000000084100000, 0x0000000084200000|  0%| F|  |TAMS 0x0000000084100000, 0x0000000084100000| Untracked 
|  46|0x0000000084200000, 0x0000000084200000, 0x0000000084300000|  0%| F|  |TAMS 0x0000000084200000, 0x0000000084200000| Untracked 
|  47|0x0000000084300000, 0x0000000084300000, 0x0000000084400000|  0%| F|  |TAMS 0x0000000084300000, 0x0000000084300000| Untracked 
|  48|0x0000000084400000, 0x0000000084400000, 0x0000000084500000|  0%| F|  |TAMS 0x0000000084400000, 0x0000000084400000| Untracked 
|  49|0x0000000084500000, 0x0000000084500000, 0x0000000084600000|  0%| F|  |TAMS 0x0000000084500000, 0x0000000084500000| Untracked 
|  50|0x0000000084600000, 0x0000000084600000, 0x0000000084700000|  0%| F|  |TAMS 0x0000000084600000, 0x0000000084600000| Untracked 
|  51|0x0000000084700000, 0x0000000084700000, 0x0000000084800000|  0%| F|  |TAMS 0x0000000084700000, 0x0000000084700000| Untracked 
|  52|0x0000000084800000, 0x0000000084800000, 0x0000000084900000|  0%| F|  |TAMS 0x0000000084800000, 0x0000000084800000| Untracked 
|  53|0x0000000084900000, 0x0000000084900000, 0x0000000084a00000|  0%| F|  |TAMS 0x0000000084900000, 0x0000000084900000| Untracked 
|  54|0x0000000084a00000, 0x0000000084a00000, 0x0000000084b00000|  0%| F|  |TAMS 0x0000000084a00000, 0x0000000084a00000| Untracked 
|  55|0x0000000084b00000, 0x0000000084b00000, 0x0000000084c00000|  0%| F|  |TAMS 0x0000000084b00000, 0x0000000084b00000| Untracked 
|  56|0x0000000084c00000, 0x0000000084c00000, 0x0000000084d00000|  0%| F|  |TAMS 0x0000000084c00000, 0x0000000084c00000| Untracked 
|  57|0x0000000084d00000, 0x0000000084d00000, 0x0000000084e00000|  0%| F|  |TAMS 0x0000000084d00000, 0x0000000084d00000| Untracked 
|  58|0x0000000084e00000, 0x0000000084e00000, 0x0000000084f00000|  0%| F|  |TAMS 0x0000000084e00000, 0x0000000084e00000| Untracked 
|  59|0x0000000084f00000, 0x0000000084f00000, 0x0000000085000000|  0%| F|  |TAMS 0x0000000084f00000, 0x0000000084f00000| Untracked 
|  60|0x0000000085000000, 0x0000000085000000, 0x0000000085100000|  0%| F|  |TAMS 0x0000000085000000, 0x0000000085000000| Untracked 
|  61|0x0000000085100000, 0x0000000085100000, 0x0000000085200000|  0%| F|  |TAMS 0x0000000085100000, 0x0000000085100000| Untracked 
|  62|0x0000000085200000, 0x0000000085200000, 0x0000000085300000|  0%| F|  |TAMS 0x0000000085200000, 0x0000000085200000| Untracked 
|  63|0x0000000085300000, 0x0000000085300000, 0x0000000085400000|  0%| F|  |TAMS 0x0000000085300000, 0x0000000085300000| Untracked 
|  64|0x0000000085400000, 0x0000000085400000, 0x0000000085500000|  0%| F|  |TAMS 0x0000000085400000, 0x0000000085400000| Untracked 
|  65|0x0000000085500000, 0x0000000085500000, 0x0000000085600000|  0%| F|  |TAMS 0x0000000085500000, 0x0000000085500000| Untracked 
|  66|0x0000000085600000, 0x0000000085600000, 0x0000000085700000|  0%| F|  |TAMS 0x0000000085600000, 0x0000000085600000| Untracked 
|  67|0x0000000085700000, 0x0000000085700000, 0x0000000085800000|  0%| F|  |TAMS 0x0000000085700000, 0x0000000085700000| Untracked 
|  68|0x0000000085800000, 0x0000000085800000, 0x0000000085900000|  0%| F|  |TAMS 0x0000000085800000, 0x0000000085800000| Untracked 
|  69|0x0000000085900000, 0x0000000085900000, 0x0000000085a00000|  0%| F|  |TAMS 0x0000000085900000, 0x0000000085900000| Untracked 
|  70|0x0000000085a00000, 0x0000000085a00000, 0x0000000085b00000|  0%| F|  |TAMS 0x0000000085a00000, 0x0000000085a00000| Untracked 
|  71|0x0000000085b00000, 0x0000000085b00000, 0x0000000085c00000|  0%| F|  |TAMS 0x0000000085b00000, 0x0000000085b00000| Untracked 
|  72|0x0000000085c00000, 0x0000000085c00000, 0x0000000085d00000|  0%| F|  |TAMS 0x0000000085c00000, 0x0000000085c00000| Untracked 
|  73|0x0000000085d00000, 0x0000000085d00000, 0x0000000085e00000|  0%| F|  |TAMS 0x0000000085d00000, 0x0000000085d00000| Untracked 
|  74|0x0000000085e00000, 0x0000000085e00000, 0x0000000085f00000|  0%| F|  |TAMS 0x0000000085e00000, 0x0000000085e00000| Untracked 
|  75|0x0000000085f00000, 0x0000000085f00000, 0x0000000086000000|  0%| F|  |TAMS 0x0000000085f00000, 0x0000000085f00000| Untracked 
|  76|0x0000000086000000, 0x0000000086000000, 0x0000000086100000|  0%| F|  |TAMS 0x0000000086000000, 0x0000000086000000| Untracked 
|  77|0x0000000086100000, 0x0000000086100000, 0x0000000086200000|  0%| F|  |TAMS 0x0000000086100000, 0x0000000086100000| Untracked 
|  78|0x0000000086200000, 0x0000000086200000, 0x0000000086300000|  0%| F|  |TAMS 0x0000000086200000, 0x0000000086200000| Untracked 
|  79|0x0000000086300000, 0x0000000086300000, 0x0000000086400000|  0%| F|  |TAMS 0x0000000086300000, 0x0000000086300000| Untracked 
|  80|0x0000000086400000, 0x0000000086400000, 0x0000000086500000|  0%| F|  |TAMS 0x0000000086400000, 0x0000000086400000| Untracked 
|  81|0x0000000086500000, 0x0000000086500000, 0x0000000086600000|  0%| F|  |TAMS 0x0000000086500000, 0x0000000086500000| Untracked 
|  82|0x0000000086600000, 0x0000000086600000, 0x0000000086700000|  0%| F|  |TAMS 0x0000000086600000, 0x0000000086600000| Untracked 
|  83|0x0000000086700000, 0x0000000086700000, 0x0000000086800000|  0%| F|  |TAMS 0x0000000086700000, 0x0000000086700000| Untracked 
|  84|0x0000000086800000, 0x0000000086800000, 0x0000000086900000|  0%| F|  |TAMS 0x0000000086800000, 0x0000000086800000| Untracked 
|  85|0x0000000086900000, 0x0000000086900000, 0x0000000086a00000|  0%| F|  |TAMS 0x0000000086900000, 0x0000000086900000| Untracked 
|  86|0x0000000086a00000, 0x0000000086a00000, 0x0000000086b00000|  0%| F|  |TAMS 0x0000000086a00000, 0x0000000086a00000| Untracked 
|  87|0x0000000086b00000, 0x0000000086b00000, 0x0000000086c00000|  0%| F|  |TAMS 0x0000000086b00000, 0x0000000086b00000| Untracked 
|  88|0x0000000086c00000, 0x0000000086c00000, 0x0000000086d00000|  0%| F|  |TAMS 0x0000000086c00000, 0x0000000086c00000| Untracked 
|  89|0x0000000086d00000, 0x0000000086d00000, 0x0000000086e00000|  0%| F|  |TAMS 0x0000000086d00000, 0x0000000086d00000| Untracked 
|  90|0x0000000086e00000, 0x0000000086e00000, 0x0000000086f00000|  0%| F|  |TAMS 0x0000000086e00000, 0x0000000086e00000| Untracked 
|  91|0x0000000086f00000, 0x0000000086f00000, 0x0000000087000000|  0%| F|  |TAMS 0x0000000086f00000, 0x0000000086f00000| Untracked 
|  92|0x0000000087000000, 0x0000000087000000, 0x0000000087100000|  0%| F|  |TAMS 0x0000000087000000, 0x0000000087000000| Untracked 
|  93|0x0000000087100000, 0x0000000087100000, 0x0000000087200000|  0%| F|  |TAMS 0x0000000087100000, 0x0000000087100000| Untracked 
|  94|0x0000000087200000, 0x0000000087200000, 0x0000000087300000|  0%| F|  |TAMS 0x0000000087200000, 0x0000000087200000| Untracked 
|  95|0x0000000087300000, 0x0000000087300000, 0x0000000087400000|  0%| F|  |TAMS 0x0000000087300000, 0x0000000087300000| Untracked 
|  96|0x0000000087400000, 0x0000000087400000, 0x0000000087500000|  0%| F|  |TAMS 0x0000000087400000, 0x0000000087400000| Untracked 
|  97|0x0000000087500000, 0x0000000087500000, 0x0000000087600000|  0%| F|  |TAMS 0x0000000087500000, 0x0000000087500000| Untracked 
|  98|0x0000000087600000, 0x0000000087600000, 0x0000000087700000|  0%| F|  |TAMS 0x0000000087600000, 0x0000000087600000| Untracked 
|  99|0x0000000087700000, 0x0000000087700000, 0x0000000087800000|  0%| F|  |TAMS 0x0000000087700000, 0x0000000087700000| Untracked 
| 100|0x0000000087800000, 0x0000000087800000, 0x0000000087900000|  0%| F|  |TAMS 0x0000000087800000, 0x0000000087800000| Untracked 
| 101|0x0000000087900000, 0x0000000087900000, 0x0000000087a00000|  0%| F|  |TAMS 0x0000000087900000, 0x0000000087900000| Untracked 
| 102|0x0000000087a00000, 0x0000000087a00000, 0x0000000087b00000|  0%| F|  |TAMS 0x0000000087a00000, 0x0000000087a00000| Untracked 
| 103|0x0000000087b00000, 0x0000000087b00000, 0x0000000087c00000|  0%| F|  |TAMS 0x0000000087b00000, 0x0000000087b00000| Untracked 
| 104|0x0000000087c00000, 0x0000000087c00000, 0x0000000087d00000|  0%| F|  |TAMS 0x0000000087c00000, 0x0000000087c00000| Untracked 
| 105|0x0000000087d00000, 0x0000000087d00000, 0x0000000087e00000|  0%| F|  |TAMS 0x0000000087d00000, 0x0000000087d00000| Untracked 
| 106|0x0000000087e00000, 0x0000000087e00000, 0x0000000087f00000|  0%| F|  |TAMS 0x0000000087e00000, 0x0000000087e00000| Untracked 
| 107|0x0000000087f00000, 0x0000000087f00000, 0x0000000088000000|  0%| F|  |TAMS 0x0000000087f00000, 0x0000000087f00000| Untracked 
| 108|0x0000000088000000, 0x0000000088000000, 0x0000000088100000|  0%| F|  |TAMS 0x0000000088000000, 0x0000000088000000| Untracked 
| 109|0x0000000088100000, 0x0000000088100000, 0x0000000088200000|  0%| F|  |TAMS 0x0000000088100000, 0x0000000088100000| Untracked 
| 110|0x0000000088200000, 0x0000000088200000, 0x0000000088300000|  0%| F|  |TAMS 0x0000000088200000, 0x0000000088200000| Untracked 
| 111|0x0000000088300000, 0x0000000088300000, 0x0000000088400000|  0%| F|  |TAMS 0x0000000088300000, 0x0000000088300000| Untracked 
| 112|0x0000000088400000, 0x0000000088400000, 0x0000000088500000|  0%| F|  |TAMS 0x0000000088400000, 0x0000000088400000| Untracked 
| 113|0x0000000088500000, 0x0000000088600000, 0x0000000088600000|100%| S|CS|TAMS 0x0000000088500000, 0x0000000088500000| Complete 
| 114|0x0000000088600000, 0x0000000088700000, 0x0000000088700000|100%| S|CS|TAMS 0x0000000088600000, 0x0000000088600000| Complete 
| 115|0x0000000088700000, 0x0000000088700000, 0x0000000088800000|  0%| F|  |TAMS 0x0000000088700000, 0x0000000088700000| Untracked 
| 116|0x0000000088800000, 0x0000000088800000, 0x0000000088900000|  0%| F|  |TAMS 0x0000000088800000, 0x0000000088800000| Untracked 
| 117|0x0000000088900000, 0x0000000088900000, 0x0000000088a00000|  0%| F|  |TAMS 0x0000000088900000, 0x0000000088900000| Untracked 
| 118|0x0000000088a00000, 0x0000000088a00000, 0x0000000088b00000|  0%| F|  |TAMS 0x0000000088a00000, 0x0000000088a00000| Untracked 
| 119|0x0000000088b00000, 0x0000000088b00000, 0x0000000088c00000|  0%| F|  |TAMS 0x0000000088b00000, 0x0000000088b00000| Untracked 
| 120|0x0000000088c00000, 0x0000000088c00000, 0x0000000088d00000|  0%| F|  |TAMS 0x0000000088c00000, 0x0000000088c00000| Untracked 
| 121|0x0000000088d00000, 0x0000000088d00000, 0x0000000088e00000|  0%| F|  |TAMS 0x0000000088d00000, 0x0000000088d00000| Untracked 
| 122|0x0000000088e00000, 0x0000000088e00000, 0x0000000088f00000|  0%| F|  |TAMS 0x0000000088e00000, 0x0000000088e00000| Untracked 
| 123|0x0000000088f00000, 0x0000000088f00000, 0x0000000089000000|  0%| F|  |TAMS 0x0000000088f00000, 0x0000000088f00000| Untracked 
| 124|0x0000000089000000, 0x0000000089000000, 0x0000000089100000|  0%| F|  |TAMS 0x0000000089000000, 0x0000000089000000| Untracked 
| 125|0x0000000089100000, 0x0000000089100000, 0x0000000089200000|  0%| F|  |TAMS 0x0000000089100000, 0x0000000089100000| Untracked 
| 126|0x0000000089200000, 0x000000008928aec8, 0x0000000089300000| 54%| E|  |TAMS 0x0000000089200000, 0x0000000089200000| Complete 
| 127|0x0000000089300000, 0x0000000089400000, 0x0000000089400000|100%| E|CS|TAMS 0x0000000089300000, 0x0000000089300000| Complete 

Card table byte_map: [0x0000024e51fb0000,0x0000024e523b0000] _byte_map_base: 0x0000024e51ba6000

Marking Bits (Prev, Next): (CMBitMap*) 0x0000024e4b55f340, (CMBitMap*) 0x0000024e4b55f380
 Prev Bits: [0x0000024e527b0000, 0x0000024e54760000)
 Next Bits: [0x0000024e54760000, 0x0000024e56710000)

Polling page: 0x0000024e494d0000

Metaspace:

Usage:
  Non-class:     11.45 MB used.
      Class:      1.29 MB used.
       Both:     12.75 MB used.

Virtual space:
  Non-class space:       64.00 MB reserved,      11.56 MB ( 18%) committed,  1 nodes.
      Class space:        1.00 GB reserved,       1.38 MB ( <1%) committed,  1 nodes.
             Both:        1.06 GB reserved,      12.94 MB (  1%) committed. 

Chunk freelists:
   Non-Class:  4.47 MB
       Class:  14.55 MB
        Both:  19.01 MB

MaxMetaspaceSize: unlimited
CompressedClassSpaceSize: 1.00 GB
Initial GC threshold: 21.00 MB
Current GC threshold: 21.00 MB
CDS: off
MetaspaceReclaimPolicy: balanced
 - commit_granule_bytes: 65536.
 - commit_granule_words: 8192.
 - virtual_space_node_default_size: 8388608.
 - enlarge_chunks_in_place: 1.
 - new_chunks_are_fully_committed: 0.
 - uncommit_free_chunks: 1.
 - use_allocation_guard: 0.
 - handle_deallocations: 1.


Internal statistics:

num_allocs_failed_limit: 0.
num_arena_births: 96.
num_arena_deaths: 0.
num_vsnodes_births: 2.
num_vsnodes_deaths: 0.
num_space_committed: 207.
num_space_uncommitted: 0.
num_chunks_returned_to_freelist: 0.
num_chunks_taken_from_freelist: 168.
num_chunk_merges: 0.
num_chunk_splits: 99.
num_chunks_enlarged: 57.
num_inconsistent_stats: 0.

CodeCache: size=49152Kb used=3003Kb max_used=3003Kb free=46148Kb
 bounds [0x0000024e4ebb0000, 0x0000024e4eea0000, 0x0000024e51bb0000]
 total_blobs=1425 nmethods=991 adapters=361
 compilation: enabled
              stopped_count=0, restarted_count=0
 full_count=0

Compilation events (20 events):
Event: 1.046 Thread 0x0000024e58b62da0 nmethod 982 0x0000024e4ee9af10 code [0x0000024e4ee9b120, 0x0000024e4ee9b578]
Event: 1.046 Thread 0x0000024e58b62da0  983       1       jdk.internal.jimage.ImageStringsReader::hashCode (8 bytes)
Event: 1.047 Thread 0x0000024e58b62da0 nmethod 983 0x0000024e4ee9b990 code [0x0000024e4ee9bb40, 0x0000024e4ee9bc38]
Event: 1.047 Thread 0x0000024e58a925f0 nmethod 984 0x0000024e4ee9bd10 code [0x0000024e4ee9bf40, 0x0000024e4ee9c5b8]
Event: 1.048 Thread 0x0000024e58b62da0  985       1       java.lang.invoke.LambdaForm$MH/0x00000001000c6800::invoke (25 bytes)
Event: 1.048 Thread 0x0000024e58b62da0 nmethod 985 0x0000024e4ee9ca10 code [0x0000024e4ee9cbc0, 0x0000024e4ee9cd18]
Event: 1.049 Thread 0x0000024e58a925f0  986       1       java.lang.String::getChars (54 bytes)
Event: 1.049 Thread 0x0000024e58b62da0  987       1       java.lang.StringLatin1::getChars (12 bytes)
Event: 1.049 Thread 0x0000024e58b62da0 nmethod 987 0x0000024e4ee9ce10 code [0x0000024e4ee9cfa0, 0x0000024e4ee9d0d8]
Event: 1.049 Thread 0x0000024e58a925f0 nmethod 986 0x0000024e4ee9d210 code [0x0000024e4ee9d3e0, 0x0000024e4ee9d5f8]
Event: 1.050 Thread 0x0000024e58a925f0  988       1       java.io.BufferedReader::ensureOpen (18 bytes)
Event: 1.050 Thread 0x0000024e58b62da0  989       1       java.io.StreamTokenizer::read (38 bytes)
Event: 1.050 Thread 0x0000024e58a925f0 nmethod 988 0x0000024e4ee9d790 code [0x0000024e4ee9d920, 0x0000024e4ee9da88]
Event: 1.050 Thread 0x0000024e58b62da0 nmethod 989 0x0000024e4ee9db10 code [0x0000024e4ee9dce0, 0x0000024e4ee9dec8]
Event: 1.050 Thread 0x0000024e58a925f0  990   !   1       java.io.BufferedReader::read (104 bytes)
Event: 1.050 Thread 0x0000024e58a925f0 nmethod 990 0x0000024e4ee9df90 code [0x0000024e4ee9e160, 0x0000024e4ee9e4f8]
Event: 1.051 Thread 0x0000024e58a925f0  991       1       java.io.StreamTokenizer::nextToken (1266 bytes)
Event: 1.051 Thread 0x0000024e58b62da0  992       1       sun.security.provider.PolicyParser::peek (182 bytes)
Event: 1.051 Thread 0x0000024e58b62da0 nmethod 992 0x0000024e4ee9e810 code [0x0000024e4ee9ea00, 0x0000024e4ee9ed08]
Event: 1.051 Thread 0x0000024e58b62da0  993       1       sun.security.provider.PolicyParser::match (778 bytes)

GC Heap History (2 events):
Event: 0.995 GC heap before
{Heap before GC invocations=0 (full 0):
 garbage-first heap   total 131072K, used 14336K [0x0000000081400000, 0x0000000100000000)
  region size 1024K, 13 young (13312K), 0 survivors (0K)
 Metaspace       used 12457K, committed 12672K, reserved 1114112K
  class space    used 1254K, committed 1344K, reserved 1048576K
}
Event: 1.001 GC heap after
{Heap after GC invocations=1 (full 0):
 garbage-first heap   total 131072K, used 7611K [0x0000000081400000, 0x0000000100000000)
  region size 1024K, 2 young (2048K), 2 survivors (2048K)
 Metaspace       used 12457K, committed 12672K, reserved 1114112K
  class space    used 1254K, committed 1344K, reserved 1048576K
}

Dll operation events (7 events):
Event: 0.010 Loaded shared library C:\Users\pc\Downloads\spring-tool-suite-4-4.19.0.RELEASE-e4.28.0-win32.win32.x86_64.self-extracting (1)\sts-4.19.0.RELEASE\plugins\org.eclipse.justj.openjdk.hotspot.jre.full.win32.x86_64_17.0.7.v20230425-1502\jre\bin\java.dll
Event: 0.268 Loaded shared library C:\Users\pc\Downloads\spring-tool-suite-4-4.19.0.RELEASE-e4.28.0-win32.win32.x86_64.self-extracting (1)\sts-4.19.0.RELEASE\plugins\org.eclipse.justj.openjdk.hotspot.jre.full.win32.x86_64_17.0.7.v20230425-1502\jre\bin\jimage.dll
Event: 0.318 Loaded shared library C:\Users\pc\Downloads\spring-tool-suite-4-4.19.0.RELEASE-e4.28.0-win32.win32.x86_64.self-extracting (1)\sts-4.19.0.RELEASE\plugins\org.eclipse.justj.openjdk.hotspot.jre.full.win32.x86_64_17.0.7.v20230425-1502\jre\bin\net.dll
Event: 0.331 Loaded shared library C:\Users\pc\Downloads\spring-tool-suite-4-4.19.0.RELEASE-e4.28.0-win32.win32.x86_64.self-extracting (1)\sts-4.19.0.RELEASE\plugins\org.eclipse.justj.openjdk.hotspot.jre.full.win32.x86_64_17.0.7.v20230425-1502\jre\bin\nio.dll
Event: 0.348 Loaded shared library C:\Users\pc\Downloads\spring-tool-suite-4-4.19.0.RELEASE-e4.28.0-win32.win32.x86_64.self-extracting (1)\sts-4.19.0.RELEASE\plugins\org.eclipse.justj.openjdk.hotspot.jre.full.win32.x86_64_17.0.7.v20230425-1502\jre\bin\zip.dll
Event: 0.532 Loaded shared library C:\Users\pc\Downloads\spring-tool-suite-4-4.19.0.RELEASE-e4.28.0-win32.win32.x86_64.self-extracting (1)\sts-4.19.0.RELEASE\plugins\org.eclipse.justj.openjdk.hotspot.jre.full.win32.x86_64_17.0.7.v20230425-1502\jre\bin\management.dll
Event: 0.557 Loaded shared library C:\Users\pc\Downloads\spring-tool-suite-4-4.19.0.RELEASE-e4.28.0-win32.win32.x86_64.self-extracting (1)\sts-4.19.0.RELEASE\plugins\org.eclipse.justj.openjdk.hotspot.jre.full.win32.x86_64_17.0.7.v20230425-1502\jre\bin\management_ext.d

Deoptimization events (0 events):
No events

Classes unloaded (0 events):
No events

Classes redefined (0 events):
No events

Internal exceptions (11 events):
Event: 0.529 Thread 0x0000024e4b503470 Exception <a 'java/lang/NoSuchMethodError'{0x0000000088da9a38}: 'java.lang.Object java.lang.invoke.DirectMethodHandle$Holder.invokeStaticInit(java.lang.Object)'> (0x0000000088da9a38) 
thrown [s\src\hotspot\share\interpreter\linkResolver.cpp, line 759]
Event: 0.565 Thread 0x0000024e4b503470 Exception <a 'java/lang/NoSuchMethodError'{0x0000000088dc4da8}: 'int java.lang.invoke.DirectMethodHandle$Holder.invokeInterface(java.lang.Object, java.lang.Object)'> (0x0000000088dc4da8) 
thrown [s\src\hotspot\share\interpreter\linkResolver.cpp, line 759]
Event: 0.565 Thread 0x0000024e4b503470 Exception <a 'java/lang/IncompatibleClassChangeError'{0x0000000088dc83a8}: Found class java.lang.Object, but interface was expected> (0x0000000088dc83a8) 
thrown [s\src\hotspot\share\interpreter\linkResolver.cpp, line 826]
Event: 0.566 Thread 0x0000024e4b503470 Exception <a 'java/lang/NoSuchMethodError'{0x0000000088dcdf58}: 'void java.lang.invoke.DirectMethodHandle$Holder.invokeStatic(java.lang.Object, java.lang.Object)'> (0x0000000088dcdf58) 
thrown [s\src\hotspot\share\interpreter\linkResolver.cpp, line 759]
Event: 0.636 Thread 0x0000024e4b503470 Exception <a 'java/lang/NoSuchMethodError'{0x0000000088c9bed0}: 'int java.lang.invoke.DirectMethodHandle$Holder.invokeSpecial(java.lang.Object, java.lang.Object, java.lang.Object)'> (0x0000000088c9bed0) 
thrown [s\src\hotspot\share\interpreter\linkResolver.cpp, line 759]
Event: 0.743 Thread 0x0000024e4b503470 Exception <a 'java/lang/NoSuchMethodError'{0x0000000088beb078}: 'void java.lang.invoke.DirectMethodHandle$Holder.invokeStatic(java.lang.Object, java.lang.Object, java.lang.Object)'> (0x0000000088beb078) 
thrown [s\src\hotspot\share\interpreter\linkResolver.cpp, line 759]
Event: 0.783 Thread 0x0000024e4b503470 Exception <a 'java/lang/NoSuchMethodError'{0x0000000088a35898}: 'int java.lang.invoke.DirectMethodHandle$Holder.invokeSpecialIFC(java.lang.Object, java.lang.Object, java.lang.Object)'> (0x0000000088a35898) 
thrown [s\src\hotspot\share\interpreter\linkResolver.cpp, line 759]
Event: 0.818 Thread 0x0000024e4b503470 Exception <a 'java/lang/NoSuchMethodError'{0x0000000088aac150}: 'java.lang.Object java.lang.invoke.DirectMethodHandle$Holder.invokeStaticInit(java.lang.Object, int, int, int, int)'> (0x0000000088aac150) 
thrown [s\src\hotspot\share\interpreter\linkResolver.cpp, line 759]
Event: 0.877 Thread 0x0000024e4b503470 Exception <a 'java/lang/NoSuchMethodError'{0x000000008897e9e0}: 'java.lang.Object java.lang.invoke.DirectMethodHandle$Holder.invokeStaticInit(java.lang.Object, java.lang.Object, int, int, int, int)'> (0x000000008897e9e0) 
thrown [s\src\hotspot\share\interpreter\linkResolver.cpp, line 759]
Event: 0.889 Thread 0x0000024e4b503470 Exception <a 'java/lang/ClassNotFoundException'{0x000000008899a218}: javax/management/remote/rmi/RMIServerImpl_Skel> (0x000000008899a218) 
thrown [s\src\hotspot\share\classfile\systemDictionary.cpp, line 256]
Event: 0.925 Thread 0x0000024e4b503470 Exception <a 'java/lang/ClassNotFoundException'{0x0000000088816f28}: jdk/internal/agent/resources/spi/agentProvider> (0x0000000088816f28) 
thrown [s\src\hotspot\share\classfile\systemDictionary.cpp, line 256]

VM Operations (16 events):
Event: 0.215 Executing VM operation: HandshakeAllThreads
Event: 0.215 Executing VM operation: HandshakeAllThreads done
Event: 0.574 Executing VM operation: HandshakeAllThreads
Event: 0.574 Executing VM operation: HandshakeAllThreads done
Event: 0.757 Executing VM operation: HandshakeAllThreads
Event: 0.757 Executing VM operation: HandshakeAllThreads done
Event: 0.805 Executing VM operation: HandshakeAllThreads
Event: 0.805 Executing VM operation: HandshakeAllThreads done
Event: 0.888 Executing VM operation: HandshakeAllThreads
Event: 0.888 Executing VM operation: HandshakeAllThreads done
Event: 0.985 Executing VM operation: HandshakeAllThreads
Event: 0.985 Executing VM operation: HandshakeAllThreads done
Event: 0.993 Executing VM operation: HandshakeAllThreads
Event: 0.993 Executing VM operation: HandshakeAllThreads done
Event: 0.994 Executing VM operation: G1CollectForAllocation
Event: 1.001 Executing VM operation: G1CollectForAllocation done

Events (20 events):
Event: 1.047 loading class sun/rmi/server/LoaderHandler done
Event: 1.047 loading class sun/security/provider/PolicyParser
Event: 1.048 loading class sun/security/provider/PolicyParser done
Event: 1.048 loading class java/io/StreamTokenizer
Event: 1.049 loading class java/io/StreamTokenizer done
Event: 1.049 loading class sun/rmi/transport/DGCAckHandler
Event: 1.049 loading class java/nio/channels/SelectableChannel
Event: 1.049 loading class sun/rmi/transport/DGCAckHandler done
Event: 1.049 loading class java/nio/channels/SelectableChannel done
Event: 1.050 loading class sun/security/provider/PolicyParser$GrantEntry
Event: 1.050 loading class sun/security/provider/PolicyParser$GrantEntry done
Event: 1.050 loading class sun/security/provider/PolicyParser$PermissionEntry
Event: 1.050 loading class sun/security/provider/PolicyParser$PermissionEntry done
Event: 1.050 loading class sun/security/util/PropertyExpander
Event: 1.050 loading class sun/rmi/transport/DGCAckHandler$1
Event: 1.050 loading class sun/security/util/PropertyExpander done
Event: 1.050 loading class sun/rmi/transport/DGCAckHandler$1 done
Event: 1.050 loading class java/util/concurrent/ScheduledThreadPoolExecutor$ScheduledFutureTask
Event: 1.050 loading class java/util/concurrent/FutureTask
Event: 1.053 loading class java/util/concurrent/FutureTask done


Dynamic libraries:
0x00007ff6ab2a0000 - 0x00007ff6ab2ae000 	C:\Users\pc\Downloads\spring-tool-suite-4-4.19.0.RELEASE-e4.28.0-win32.win32.x86_64.self-extracting (1)\sts-4.19.0.RELEASE\plugins\org.eclipse.justj.openjdk.hotspot.jre.full.win32.x86_64_17.0.7.v20230425-1502\jre\bin\javaw.exe
0x00007ffbda690000 - 0x00007ffbda888000 	C:\WINDOWS\SYSTEM32\ntdll.dll
0x00007ffbd9d90000 - 0x00007ffbd9e4d000 	C:\WINDOWS\System32\KERNEL32.DLL
0x00007ffbd7f30000 - 0x00007ffbd8226000 	C:\WINDOWS\System32\KERNELBASE.dll
0x00007ffbd83b0000 - 0x00007ffbd84b0000 	C:\WINDOWS\System32\ucrtbase.dll
0x00007ffb98600000 - 0x00007ffb98617000 	C:\Users\pc\Downloads\spring-tool-suite-4-4.19.0.RELEASE-e4.28.0-win32.win32.x86_64.self-extracting (1)\sts-4.19.0.RELEASE\plugins\org.eclipse.justj.openjdk.hotspot.jre.full.win32.x86_64_17.0.7.v20230425-1502\jre\bin\jli.dll
0x00007ffbda050000 - 0x00007ffbda1ee000 	C:\WINDOWS\System32\USER32.dll
0x00007ffbd8380000 - 0x00007ffbd83a2000 	C:\WINDOWS\System32\win32u.dll
0x00007ffbd9270000 - 0x00007ffbd929c000 	C:\WINDOWS\System32\GDI32.dll
0x00007ffbd8230000 - 0x00007ffbd834a000 	C:\WINDOWS\System32\gdi32full.dll
0x00007ffbd8730000 - 0x00007ffbd87cd000 	C:\WINDOWS\System32\msvcp_win.dll
0x00007ffb985e0000 - 0x00007ffb985f9000 	C:\Users\pc\Downloads\spring-tool-suite-4-4.19.0.RELEASE-e4.28.0-win32.win32.x86_64.self-extracting (1)\sts-4.19.0.RELEASE\plugins\org.eclipse.justj.openjdk.hotspot.jre.full.win32.x86_64_17.0.7.v20230425-1502\jre\bin\VCRUNTIME140.dll
0x00007ffbcb9e0000 - 0x00007ffbcbc7a000 	C:\WINDOWS\WinSxS\amd64_microsoft.windows.common-controls_6595b64144ccf1df_6.0.19041.3636_none_60b6a03d71f818d5\COMCTL32.dll
0x00007ffbd9670000 - 0x00007ffbd970e000 	C:\WINDOWS\System32\msvcrt.dll
0x00007ffbd9f80000 - 0x00007ffbd9fb0000 	C:\WINDOWS\System32\IMM32.DLL
0x00007ffb99cc0000 - 0x00007ffb99ccc000 	C:\Users\pc\Downloads\spring-tool-suite-4-4.19.0.RELEASE-e4.28.0-win32.win32.x86_64.self-extracting (1)\sts-4.19.0.RELEASE\plugins\org.eclipse.justj.openjdk.hotspot.jre.full.win32.x86_64_17.0.7.v20230425-1502\jre\bin\vcruntime140_1.dll
0x00007ffb86150000 - 0x00007ffb861e1000 	C:\Users\pc\Downloads\spring-tool-suite-4-4.19.0.RELEASE-e4.28.0-win32.win32.x86_64.self-extracting (1)\sts-4.19.0.RELEASE\plugins\org.eclipse.justj.openjdk.hotspot.jre.full.win32.x86_64_17.0.7.v20230425-1502\jre\bin\msvcp140.dll
0x00007ffb89e20000 - 0x00007ffb8aa68000 	C:\Users\pc\Downloads\spring-tool-suite-4-4.19.0.RELEASE-e4.28.0-win32.win32.x86_64.self-extracting (1)\sts-4.19.0.RELEASE\plugins\org.eclipse.justj.openjdk.hotspot.jre.full.win32.x86_64_17.0.7.v20230425-1502\jre\bin\server\jvm.dll
0x00007ffbd91b0000 - 0x00007ffbd9263000 	C:\WINDOWS\System32\ADVAPI32.dll
0x00007ffbd9fb0000 - 0x00007ffbda04f000 	C:\WINDOWS\System32\sechost.dll
0x00007ffbd9010000 - 0x00007ffbd9136000 	C:\WINDOWS\System32\RPCRT4.dll
0x00007ffbd8350000 - 0x00007ffbd8377000 	C:\WINDOWS\System32\bcrypt.dll
0x00007ffbbc2b0000 - 0x00007ffbbc2b9000 	C:\WINDOWS\SYSTEM32\WSOCK32.dll
0x00007ffbd9600000 - 0x00007ffbd966b000 	C:\WINDOWS\System32\WS2_32.dll
0x00007ffbcd230000 - 0x00007ffbcd257000 	C:\WINDOWS\SYSTEM32\WINMM.dll
0x00007ffbc9160000 - 0x00007ffbc916a000 	C:\WINDOWS\SYSTEM32\VERSION.dll
0x00007ffbd5bf0000 - 0x00007ffbd5c02000 	C:\WINDOWS\SYSTEM32\kernel.appcore.dll
0x00007ffbb9040000 - 0x00007ffbb904a000 	C:\Users\pc\Downloads\spring-tool-suite-4-4.19.0.RELEASE-e4.28.0-win32.win32.x86_64.self-extracting (1)\sts-4.19.0.RELEASE\plugins\org.eclipse.justj.openjdk.hotspot.jre.full.win32.x86_64_17.0.7.v20230425-1502\jre\bin\jimage.dll
0x00007ffbcfb00000 - 0x00007ffbcfce4000 	C:\WINDOWS\SYSTEM32\DBGHELP.DLL
0x00007ffbcf070000 - 0x00007ffbcf0a4000 	C:\WINDOWS\SYSTEM32\dbgcore.DLL
0x00007ffbd7ea0000 - 0x00007ffbd7f22000 	C:\WINDOWS\System32\bcryptPrimitives.dll
0x00007ffbabe70000 - 0x00007ffbabe95000 	C:\Users\pc\Downloads\spring-tool-suite-4-4.19.0.RELEASE-e4.28.0-win32.win32.x86_64.self-extracting (1)\sts-4.19.0.RELEASE\plugins\org.eclipse.justj.openjdk.hotspot.jre.full.win32.x86_64_17.0.7.v20230425-1502\jre\bin\java.dll
0x00007ffbb6e00000 - 0x00007ffbb6e18000 	C:\Users\pc\Downloads\spring-tool-suite-4-4.19.0.RELEASE-e4.28.0-win32.win32.x86_64.self-extracting (1)\sts-4.19.0.RELEASE\plugins\org.eclipse.justj.openjdk.hotspot.jre.full.win32.x86_64_17.0.7.v20230425-1502\jre\bin\zip.dll
0x00007ffbd88b0000 - 0x00007ffbd8ff5000 	C:\WINDOWS\System32\SHELL32.dll
0x00007ffbd5f00000 - 0x00007ffbd669b000 	C:\WINDOWS\SYSTEM32\windows.storage.dll
0x00007ffbd92a0000 - 0x00007ffbd95f4000 	C:\WINDOWS\System32\combase.dll
0x00007ffbd77b0000 - 0x00007ffbd77dd000 	C:\WINDOWS\SYSTEM32\Wldp.dll
0x00007ffbd9b80000 - 0x00007ffbd9c2d000 	C:\WINDOWS\System32\SHCORE.dll
0x00007ffbd9140000 - 0x00007ffbd9195000 	C:\WINDOWS\System32\shlwapi.dll
0x00007ffbd7d80000 - 0x00007ffbd7da5000 	C:\WINDOWS\SYSTEM32\profapi.dll
0x00007ffbb4a30000 - 0x00007ffbb4a49000 	C:\Users\pc\Downloads\spring-tool-suite-4-4.19.0.RELEASE-e4.28.0-win32.win32.x86_64.self-extracting (1)\sts-4.19.0.RELEASE\plugins\org.eclipse.justj.openjdk.hotspot.jre.full.win32.x86_64_17.0.7.v20230425-1502\jre\bin\net.dll
0x00007ffbcfee0000 - 0x00007ffbcffea000 	C:\WINDOWS\SYSTEM32\WINHTTP.dll
0x00007ffbd7510000 - 0x00007ffbd757a000 	C:\WINDOWS\system32\mswsock.dll
0x00007ffbb0a70000 - 0x00007ffbb0a85000 	C:\Users\pc\Downloads\spring-tool-suite-4-4.19.0.RELEASE-e4.28.0-win32.win32.x86_64.self-extracting (1)\sts-4.19.0.RELEASE\plugins\org.eclipse.justj.openjdk.hotspot.jre.full.win32.x86_64_17.0.7.v20230425-1502\jre\bin\nio.dll
0x00007ffbab8d0000 - 0x00007ffbab8d9000 	C:\Users\pc\Downloads\spring-tool-suite-4-4.19.0.RELEASE-e4.28.0-win32.win32.x86_64.self-extracting (1)\sts-4.19.0.RELEASE\plugins\org.eclipse.justj.openjdk.hotspot.jre.full.win32.x86_64_17.0.7.v20230425-1502\jre\bin\management.dll
0x00007ffbab8c0000 - 0x00007ffbab8cb000 	C:\Users\pc\Downloads\spring-tool-suite-4-4.19.0.RELEASE-e4.28.0-win32.win32.x86_64.self-extracting (1)\sts-4.19.0.RELEASE\plugins\org.eclipse.justj.openjdk.hotspot.jre.full.win32.x86_64_17.0.7.v20230425-1502\jre\bin\management_ext.dll
0x00007ffbd9c50000 - 0x00007ffbd9c58000 	C:\WINDOWS\System32\PSAPI.DLL
0x00007ffbc9060000 - 0x00007ffbc9077000 	C:\WINDOWS\system32\napinsp.dll
0x00007ffbc78a0000 - 0x00007ffbc78bb000 	C:\WINDOWS\system32\pnrpnsp.dll
0x00007ffbbb810000 - 0x00007ffbbb825000 	C:\WINDOWS\system32\wshbth.dll
0x00007ffbd1990000 - 0x00007ffbd19ad000 	C:\WINDOWS\system32\NLAapi.dll
0x00007ffbd7200000 - 0x00007ffbd723b000 	C:\WINDOWS\SYSTEM32\IPHLPAPI.DLL
0x00007ffbd7250000 - 0x00007ffbd731a000 	C:\WINDOWS\SYSTEM32\DNSAPI.dll
0x00007ffbd91a0000 - 0x00007ffbd91a8000 	C:\WINDOWS\System32\NSI.dll
0x00007ffbc7880000 - 0x00007ffbc7892000 	C:\WINDOWS\System32\winrnr.dll
0x00007ffbc9150000 - 0x00007ffbc915a000 	C:\Windows\System32\rasadhlp.dll
0x00007ffbca4c0000 - 0x00007ffbca540000 	C:\WINDOWS\System32\fwpuclnt.dll
0x00007ffbd7700000 - 0x00007ffbd7718000 	C:\WINDOWS\SYSTEM32\CRYPTSP.dll
0x00007ffbd6e40000 - 0x00007ffbd6e74000 	C:\WINDOWS\system32\rsaenh.dll
0x00007ffbd7d00000 - 0x00007ffbd7d2e000 	C:\WINDOWS\SYSTEM32\USERENV.dll
0x00007ffbd7720000 - 0x00007ffbd772c000 	C:\WINDOWS\SYSTEM32\CRYPTBASE.dll
0x00007ffbd0b20000 - 0x00007ffbd0b37000 	C:\WINDOWS\SYSTEM32\dhcpcsvc6.DLL
0x00007ffbd10d0000 - 0x00007ffbd10ed000 	C:\WINDOWS\SYSTEM32\dhcpcsvc.DLL

dbghelp: loaded successfully - version: 4.0.5 - missing functions: none
symbol engine: initialized successfully - sym options: 0x614 - pdb path: .;C:\Users\pc\Downloads\spring-tool-suite-4-4.19.0.RELEASE-e4.28.0-win32.win32.x86_64.self-extracting (1)\sts-4.19.0.RELEASE\plugins\org.eclipse.justj.openjdk.hotspot.jre.full.win32.x86_64_17.0.7.v20230425-1502\jre\bin;C:\WINDOWS\SYSTEM32;C:\WINDOWS\WinSxS\amd64_microsoft.windows.common-controls_6595b64144ccf1df_6.0.19041.3636_none_60b6a03d71f818d5;C:\Users\pc\Downloads\spring-tool-suite-4-4.19.0.RELEASE-e4.28.0-win32.win32.x86_64.self-extracting (1)\sts-4.19.0.RELEASE\plugins\org.eclipse.justj.openjdk.hotspot.jre.full.win32.x86_64_17.0.7.v20230425-1502\jre\bin\server

VM Arguments:
jvm_args: -Dcom.sun.management.jmxremote -Dcom.sun.management.jmxremote.port=62256 -Dcom.sun.management.jmxremote.authenticate=false -Dcom.sun.management.jmxremote.ssl=false -Djava.rmi.server.hostname=localhost -Dspring.jmx.enabled=true -Dmanagement.endpoints.jmx.exposure.include=* -Dspring.application.admin.enabled=true -XX:TieredStopAtLevel=1 -Dspring.boot.project.name=back-end-ecom -Dfile.encoding=UTF-8 -XX:+ShowCodeDetailsInExceptionMessages 
java_command: com.example.demo.BackEndEcomApplication --spring.output.ansi.enabled=always
java_class_path (initial): C:\Users\pc\Documents\workspace-spring-tool-suite-4-4.19.0.RELEASE\back-end-ecom\target\classes;C:\Users\pc\.m2\repository\org\springframework\boot\spring-boot-starter-data-jpa\3.2.1\spring-boot-starter-data-jpa-3.2.1.jar;C:\Users\pc\.m2\repository\org\springframework\boot\spring-boot-starter-aop\3.2.1\spring-boot-starter-aop-3.2.1.jar;C:\Users\pc\.m2\repository\org\aspectj\aspectjweaver\1.9.21\aspectjweaver-1.9.21.jar;C:\Users\pc\.m2\repository\org\hibernate\orm\hibernate-core\6.4.1.Final\hibernate-core-6.4.1.Final.jar;C:\Users\pc\.m2\repository\jakarta\persistence\jakarta.persistence-api\3.1.0\jakarta.persistence-api-3.1.0.jar;C:\Users\pc\.m2\repository\jakarta\transaction\jakarta.transaction-api\2.0.1\jakarta.transaction-api-2.0.1.jar;C:\Users\pc\.m2\repository\org\jboss\logging\jboss-logging\3.5.3.Final\jboss-logging-3.5.3.Final.jar;C:\Users\pc\.m2\repository\org\hibernate\common\hibernate-commons-annotations\6.0.6.Final\hibernate-commons-annotations-6.0.6.Final.jar;C:\Users\pc\.m2\repository\io\smallrye\jandex\3.1.2\jandex-3.1.2.jar;C:\Users\pc\.m2\repository\com\fasterxml\classmate\1.6.0\classmate-1.6.0.jar;C:\Users\pc\.m2\repository\net\bytebuddy\byte-buddy\1.14.10\byte-buddy-1.14.10.jar;C:\Users\pc\.m2\repository\org\glassfish\jaxb\jaxb-runtime\4.0.4\jaxb-runtime-4.0.4.jar;C:\Users\pc\.m2\repository\org\glassfish\jaxb\jaxb-core\4.0.4\jaxb-core-4.0.4.jar;C:\Users\pc\.m2\repository\org\eclipse\angus\angus-activation\2.0.1\angus-activation-2.0.1.jar;C:\Users\pc\.m2\repository\org\glassfish\jaxb\txw2\4.0.4\txw2-4.0.4.jar;C:\Users\pc\.m2\repository\com\sun\istack\istack-commons-runtime\4.1.2\istack-commons-runtime-4.1.2.jar;C:\Users\pc\.m2\repository\jakarta\inject\jakarta.inject-api\2.0.1\jakarta.inject-api-2.0.1.jar;C:\Users\pc\.m2\repository\org\antlr\antlr4-runtime\4.13.0\antlr4-runtime-4.13.0.jar;C:\Users\pc\.m2\repository\org\springframework\data\spring-data-jpa\3.2.1\spring-data-jpa-3.2.1.jar;C:\Users\pc\.m2\repository\org\spri
Launcher Type: SUN_STANDARD

[Global flags]
     intx CICompilerCount                          = 3                                         {product} {ergonomic}
     uint ConcGCThreads                            = 1                                         {product} {ergonomic}
     uint G1ConcRefinementThreads                  = 4                                         {product} {ergonomic}
   size_t G1HeapRegionSize                         = 1048576                                   {product} {ergonomic}
    uintx GCDrainStackTargetSize                   = 64                                        {product} {ergonomic}
   size_t InitialHeapSize                          = 134217728                                 {product} {ergonomic}
     bool ManagementServer                         = true                                      {product} {command line}
   size_t MarkStackSize                            = 4194304                                   {product} {ergonomic}
   size_t MaxHeapSize                              = 2126512128                                {product} {ergonomic}
   size_t MaxNewSize                               = 1275068416                                {product} {ergonomic}
   size_t MinHeapDeltaBytes                        = 1048576                                   {product} {ergonomic}
   size_t MinHeapSize                              = 8388608                                   {product} {ergonomic}
    uintx NonProfiledCodeHeapSize                  = 0                                      {pd product} {ergonomic}
     bool ProfileInterpreter                       = false                                  {pd product} {command line}
    uintx ProfiledCodeHeapSize                     = 0                                      {pd product} {ergonomic}
     bool ShowCodeDetailsInExceptionMessages       = true                                   {manageable} {command line}
   size_t SoftMaxHeapSize                          = 2126512128                             {manageable} {ergonomic}
     intx TieredStopAtLevel                        = 1                                         {product} {command line}
     bool UseCompressedClassPointers               = true                           {product lp64_product} {ergonomic}
     bool UseCompressedOops                        = true                           {product lp64_product} {ergonomic}
     bool UseG1GC                                  = true                                      {product} {ergonomic}
     bool UseLargePagesIndividualAllocation        = false                                  {pd product} {ergonomic}

Logging:
Log output configuration:
 #0: stdout all=warning uptime,level,tags
 #1: stderr all=off uptime,level,tags

Environment Variables:
JAVA_HOME=C:\Program Files\Java\jdk-19
PATH=C:/Users/pc/Downloads/spring-tool-suite-4-4.19.0.RELEASE-e4.28.0-win32.win32.x86_64.self-extracting (1)/sts-4.19.0.RELEASE//plugins/org.eclipse.justj.openjdk.hotspot.jre.full.win32.x86_64_17.0.7.v20230425-1502/jre/bin/server;C:/Users/pc/Downloads/spring-tool-suite-4-4.19.0.RELEASE-e4.28.0-win32.win32.x86_64.self-extracting (1)/sts-4.19.0.RELEASE//plugins/org.eclipse.justj.openjdk.hotspot.jre.full.win32.x86_64_17.0.7.v20230425-1502/jre/bin;C:\Program Files\Common Files\Oracle\Java\javapath;C:\Program Files (x86)\AMD APP\bin\x86_64;C:\Program Files (x86)\AMD APP\bin\x86;C:\WINDOWS\system32;C:\WINDOWS;C:\WINDOWS\System32\Wbem;C:\WINDOWS\System32\WindowsPowerShell\v1.0\;C:\Program Files\nodejs\;C:\Program Files (x86)\Intel\OpenCL SDK\3.0\bin\x86;C:\Program Files (x86)\Intel\OpenCL SDK\3.0\bin\x64;C:\WINDOWS\System32\OpenSSH\;C:\Program Files\Java\jdk-1.bin;C:\Program Files\Java\jdk-19\bin;C:\Program Files\Git\cmd;C:\Program Files (x86)\Common Files\DivX Shared\DesktopService;C:\xampp\php;C:\composer;C:\Program Files\PuTTY\;C:\Program Files\Amazon\AWSCLIV2\;C:\Users\pc\AppData\Local\Microsoft\WindowsApps;C:\Users\pc\AppData\Local\Programs\Microsoft VS Code\bin;C:\Users\pc\AppData\Roaming\npm;C:\Users\pc\AppData\Local\GitHubDesktop\bin;C:\Users\pc\AppData\Roaming\Composer\vendor\bin;C:\Users\pc\Downloads\spring-tool-suite-4-4.19.0.RELEASE-e4.28.0-win32.win32.x86_64.self-extracting (1)\sts-4.19.0.RELEASE;
USERNAME=pc
OS=Windows_NT
PROCESSOR_IDENTIFIER=Intel64 Family 6 Model 60 Stepping 3, GenuineIntel
TMP=C:\Users\pc\AppData\Local\Temp
TEMP=C:\Users\pc\AppData\Local\Temp



---------------  S Y S T E M  ---------------

OS:
 Windows 10 , 64 bit Build 19041 (10.0.19041.3636)
OS uptime: 0 days 5:58 hours

CPU: total 4 (initial active 4) (2 cores per cpu, 2 threads per core) family 6 model 60 stepping 3 microcode 0x27, cx8, cmov, fxsr, ht, mmx, sse, sse2, sse3, ssse3, sse4.1, sse4.2, popcnt, lzcnt, tsc, tscinvbit, avx, avx2, aes, erms, clmul, bmi1, bmi2, fma, vzeroupper, clflush

Memory: 4k page, system-wide physical 8107M (186M free)
TotalPageFile size 9996M (AvailPageFile size 5M)
current process WorkingSet (physical memory assigned to process): 67M, peak: 67M
current process commit charge ("private bytes"): 207M, peak: 207M

vm_info: OpenJDK 64-Bit Server VM (17.0.7+7) for windows-amd64 JRE (17.0.7+7), built on Apr 18 2023 22:10:42 by "temurin" with MS VC++ 16.7 (VS2019)

END.
