#
# There is insufficient memory for the Java Runtime Environment to continue.
# Native memory allocation (malloc) failed to allocate 32784 bytes for Chunk::new
# Possible reasons:
#   The system is out of physical RAM or swap space
#   The process is running with CompressedOops enabled, and the Java Heap may be blocking the growth of the native heap
# Possible solutions:
#   Reduce memory load on the system
#   Increase physical memory or swap space
#   Check if swap backing store is full
#   Decrease Java heap size (-Xmx/-Xms)
#   Decrease number of Java threads
#   Decrease Java thread stack sizes (-Xss)
#   Set larger code cache with -XX:ReservedCodeCacheSize=
#   JVM is running with Unscaled Compressed Oops mode in which the Java heap is
#     placed in the first 4GB address space. The Java Heap base address is the
#     maximum limit for the native heap growth. Please use -XX:HeapBaseMinAddress
#     to set the Java Heap base and to place the Java Heap above 4GB virtual address.
# This output file may be truncated or incomplete.
#
#  Out of Memory Error (arena.cpp:189), pid=14680, tid=17336
#
# JRE version: OpenJDK Runtime Environment Temurin-17.0.7+7 (17.0.7+7) (build 17.0.7+7)
# Java VM: OpenJDK 64-Bit Server VM Temurin-17.0.7+7 (17.0.7+7, mixed mode, tiered, compressed oops, compressed class ptrs, g1 gc, windows-amd64)
# No core dump will be written. Minidumps are not enabled by default on client versions of Windows
#

---------------  S U M M A R Y ------------

Command Line: C:\Users\pc\AppData\Local\Temp\surefire3129936175038181665\surefirebooter-20240220232919557_3.jar C:\Users\pc\AppData\Local\Temp\surefire3129936175038181665 2024-02-20T23-29-18_593-jvmRun1 surefire-20240220232919557_1tmp surefire_0-20240220232919557_2tmp

Host: Intel(R) Core(TM) i5-4200M CPU @ 2.50GHz, 4 cores, 7G,  Windows 10 , 64 bit Build 19041 (10.0.19041.3636)
Time: Tue Feb 20 22:29:59 2024 Morocco Standard Time elapsed time: 39.074916 seconds (0d 0h 0m 39s)

---------------  T H R E A D  ---------------

Current thread (0x00000280ea837a90):  JavaThread "C2 CompilerThread0" daemon [_thread_in_native, id=17336, stack(0x000000fe8f900000,0x000000fe8fa00000)]


Current CompileTask:
C2:  39074 8018   !   4       org.springframework.util.ReflectionUtils::getDeclaredMethods (183 bytes)

Stack: [0x000000fe8f900000,0x000000fe8fa00000]
Native frames: (J=compiled Java code, j=interpreted, Vv=VM code, C=native code)
V  [jvm.dll+0x67754a]
V  [jvm.dll+0x834304]
V  [jvm.dll+0x835aae]
V  [jvm.dll+0x836113]
V  [jvm.dll+0x24696f]
V  [jvm.dll+0xac0ac]
V  [jvm.dll+0xac67c]
V  [jvm.dll+0xac1bb]
V  [jvm.dll+0x654c7c]
V  [jvm.dll+0x56fca1]
V  [jvm.dll+0x56f317]
V  [jvm.dll+0x56e92e]
V  [jvm.dll+0x56e941]
V  [jvm.dll+0x5808af]
V  [jvm.dll+0x221e72]
V  [jvm.dll+0x21b152]
V  [jvm.dll+0x21895b]
V  [jvm.dll+0x1a4d8d]
V  [jvm.dll+0x2284da]
V  [jvm.dll+0x226615]
V  [jvm.dll+0x7ea90b]
V  [jvm.dll+0x7e4e7a]
V  [jvm.dll+0x676395]
C  [ucrtbase.dll+0x21bb2]
C  [KERNEL32.DLL+0x17344]
C  [ntdll.dll+0x526b1]


---------------  P R O C E S S  ---------------

Threads class SMR info:
_java_thread_list=0x00000280f58bad70, length=17, elements={
0x00000280cef0cae0, 0x00000280ea6bafb0, 0x00000280ea6bc2d0, 0x00000280ea705010,
0x00000280ea7068e0, 0x00000280ea709980, 0x00000280ea707d30, 0x00000280ea837a90,
0x00000280ea838b30, 0x00000280ea857430, 0x00000280ea9b4ea0, 0x00000280ea9c5a70,
0x00000280eab9b090, 0x00000280ef4aeaa0, 0x00000280ef6740d0, 0x00000280ef675410,
0x00000280f61df980
}

Java Threads: ( => current thread )
  0x00000280cef0cae0 JavaThread "main" [_thread_in_native, id=13544, stack(0x000000fe8ec00000,0x000000fe8ed00000)]
  0x00000280ea6bafb0 JavaThread "Reference Handler" daemon [_thread_blocked, id=13376, stack(0x000000fe8f300000,0x000000fe8f400000)]
  0x00000280ea6bc2d0 JavaThread "Finalizer" daemon [_thread_blocked, id=14568, stack(0x000000fe8f400000,0x000000fe8f500000)]
  0x00000280ea705010 JavaThread "Signal Dispatcher" daemon [_thread_blocked, id=14328, stack(0x000000fe8f500000,0x000000fe8f600000)]
  0x00000280ea7068e0 JavaThread "Attach Listener" daemon [_thread_blocked, id=17076, stack(0x000000fe8f600000,0x000000fe8f700000)]
  0x00000280ea709980 JavaThread "Service Thread" daemon [_thread_blocked, id=17080, stack(0x000000fe8f700000,0x000000fe8f800000)]
  0x00000280ea707d30 JavaThread "Monitor Deflation Thread" daemon [_thread_blocked, id=17332, stack(0x000000fe8f800000,0x000000fe8f900000)]
=>0x00000280ea837a90 JavaThread "C2 CompilerThread0" daemon [_thread_in_native, id=17336, stack(0x000000fe8f900000,0x000000fe8fa00000)]
  0x00000280ea838b30 JavaThread "C1 CompilerThread0" daemon [_thread_blocked, id=10024, stack(0x000000fe8fa00000,0x000000fe8fb00000)]
  0x00000280ea857430 JavaThread "Sweeper thread" daemon [_thread_blocked, id=6724, stack(0x000000fe8fb00000,0x000000fe8fc00000)]
  0x00000280ea9b4ea0 JavaThread "Notification Thread" daemon [_thread_blocked, id=10964, stack(0x000000fe8fc00000,0x000000fe8fd00000)]
  0x00000280ea9c5a70 JavaThread "Common-Cleaner" daemon [_thread_blocked, id=12148, stack(0x000000fe8fe00000,0x000000fe8ff00000)]
  0x00000280eab9b090 JavaThread "surefire-forkedjvm-stream-flusher" daemon [_thread_blocked, id=9928, stack(0x000000fe8ff00000,0x000000fe90000000)]
  0x00000280ef4aeaa0 JavaThread "surefire-forkedjvm-command-thread" daemon [_thread_in_native, id=14312, stack(0x000000fe90000000,0x000000fe90100000)]
  0x00000280ef6740d0 JavaThread "mysql-cj-abandoned-connection-cleanup" daemon [_thread_blocked, id=11536, stack(0x000000fe90600000,0x000000fe90700000)]
  0x00000280ef675410 JavaThread "HikariPool-1 housekeeper" daemon [_thread_blocked, id=744, stack(0x000000fe90700000,0x000000fe90800000)]
  0x00000280f61df980 JavaThread "C2 CompilerThread1" daemon [_thread_in_native, id=14844, stack(0x000000fe90800000,0x000000fe90900000)]

Other Threads:
  0x00000280ea6e3010 VMThread "VM Thread" [stack: 0x000000fe8f200000,0x000000fe8f300000] [id=8196]
  0x00000280ea9b7790 WatcherThread [stack: 0x000000fe8fd00000,0x000000fe8fe00000] [id=16608]
  0x00000280d101f6a0 GCTaskThread "GC Thread#0" [stack: 0x000000fe8ed00000,0x000000fe8ee00000] [id=16316]
  0x00000280ef55e970 GCTaskThread "GC Thread#1" [stack: 0x000000fe90100000,0x000000fe90200000] [id=9980]
  0x00000280ef5a7040 GCTaskThread "GC Thread#2" [stack: 0x000000fe90200000,0x000000fe90300000] [id=15876]
  0x00000280ef5c50e0 GCTaskThread "GC Thread#3" [stack: 0x000000fe90300000,0x000000fe90400000] [id=16948]
  0x00000280d1030270 ConcurrentGCThread "G1 Main Marker" [stack: 0x000000fe8ee00000,0x000000fe8ef00000] [id=11924]
  0x00000280d1031330 ConcurrentGCThread "G1 Conc#0" [stack: 0x000000fe8ef00000,0x000000fe8f000000] [id=16484]
  0x00000280ea5304a0 ConcurrentGCThread "G1 Refine#0" [stack: 0x000000fe8f000000,0x000000fe8f100000] [id=17116]
  0x00000280eabf7510 ConcurrentGCThread "G1 Refine#1" [stack: 0x000000fe90400000,0x000000fe90500000] [id=17136]
  0x00000280ea530cd0 ConcurrentGCThread "G1 Service" [stack: 0x000000fe8f100000,0x000000fe8f200000] [id=5368]

Threads with active compile tasks:
C2 CompilerThread0    39482 8018   !   4       org.springframework.util.ReflectionUtils::getDeclaredMethods (183 bytes)
C2 CompilerThread1    39482 8066       4       org.springframework.data.repository.core.support.RepositoryComposition$RepositoryFragments::findMethod (83 bytes)

VM state: not at safepoint (normal execution)

VM Mutex/Monitor currently owned by a thread: None

Heap address: 0x0000000081400000, size: 2028 MB, Compressed Oops mode: 32-bit

CDS archive(s) not mapped
Compressed class space mapped at: 0x0000000100000000-0x0000000140000000, reserved size: 1073741824
Narrow klass base: 0x0000000000000000, Narrow klass shift: 3, Narrow klass range: 0x140000000

GC Precious Log:
 CPUs: 4 total, 4 available
 Memory: 8107M
 Large Page Support: Disabled
 NUMA Support: Disabled
 Compressed Oops: Enabled (32-bit)
 Heap Region Size: 1M
 Heap Min Capacity: 8M
 Heap Initial Capacity: 128M
 Heap Max Capacity: 2028M
 Pre-touch: Disabled
 Parallel Workers: 4
 Concurrent Workers: 1
 Concurrent Refinement Workers: 4
 Periodic GC: Disabled

Heap:
 garbage-first heap   total 139264K, used 56629K [0x0000000081400000, 0x0000000100000000)
  region size 1024K, 14 young (14336K), 7 survivors (7168K)
 Metaspace       used 86006K, committed 86592K, reserved 1179648K
  class space    used 11555K, committed 11840K, reserved 1048576K

Heap Regions: E=young(eden), S=young(survivor), O=old, HS=humongous(starts), HC=humongous(continues), CS=collection set, F=free, OA=open archive, CA=closed archive, TAMS=top-at-mark-start (previous, next)
|   0|0x0000000081400000, 0x0000000081500000, 0x0000000081500000|100%|HS|  |TAMS 0x0000000081500000, 0x0000000081400000| Complete 
|   1|0x0000000081500000, 0x0000000081600000, 0x0000000081600000|100%|HS|  |TAMS 0x0000000081600000, 0x0000000081500000| Complete 
|   2|0x0000000081600000, 0x0000000081700000, 0x0000000081700000|100%| O|  |TAMS 0x0000000081700000, 0x0000000081600000| Untracked 
|   3|0x0000000081700000, 0x0000000081800000, 0x0000000081800000|100%| O|  |TAMS 0x0000000081800000, 0x0000000081700000| Untracked 
|   4|0x0000000081800000, 0x0000000081900000, 0x0000000081900000|100%| O|  |TAMS 0x0000000081900000, 0x0000000081800000| Untracked 
|   5|0x0000000081900000, 0x0000000081a00000, 0x0000000081a00000|100%| O|  |TAMS 0x0000000081a00000, 0x0000000081900000| Untracked 
|   6|0x0000000081a00000, 0x0000000081b00000, 0x0000000081b00000|100%| O|  |TAMS 0x0000000081b00000, 0x0000000081a00000| Untracked 
|   7|0x0000000081b00000, 0x0000000081c00000, 0x0000000081c00000|100%| O|  |TAMS 0x0000000081c00000, 0x0000000081b00000| Untracked 
|   8|0x0000000081c00000, 0x0000000081d00000, 0x0000000081d00000|100%| O|  |TAMS 0x0000000081d00000, 0x0000000081c00000| Untracked 
|   9|0x0000000081d00000, 0x0000000081e00000, 0x0000000081e00000|100%| O|  |TAMS 0x0000000081e00000, 0x0000000081d00000| Untracked 
|  10|0x0000000081e00000, 0x0000000081f00000, 0x0000000081f00000|100%| O|  |TAMS 0x0000000081f00000, 0x0000000081e00000| Untracked 
|  11|0x0000000081f00000, 0x0000000082000000, 0x0000000082000000|100%| O|  |TAMS 0x0000000082000000, 0x0000000081f00000| Untracked 
|  12|0x0000000082000000, 0x0000000082100000, 0x0000000082100000|100%| O|  |TAMS 0x0000000082100000, 0x0000000082000000| Untracked 
|  13|0x0000000082100000, 0x0000000082200000, 0x0000000082200000|100%| O|  |TAMS 0x0000000082200000, 0x0000000082100000| Untracked 
|  14|0x0000000082200000, 0x0000000082300000, 0x0000000082300000|100%| O|  |TAMS 0x0000000082300000, 0x0000000082200000| Untracked 
|  15|0x0000000082300000, 0x0000000082400000, 0x0000000082400000|100%| O|  |TAMS 0x0000000082400000, 0x0000000082300000| Untracked 
|  16|0x0000000082400000, 0x0000000082500000, 0x0000000082500000|100%| O|  |TAMS 0x0000000082500000, 0x0000000082400000| Untracked 
|  17|0x0000000082500000, 0x0000000082600000, 0x0000000082600000|100%| O|  |TAMS 0x0000000082600000, 0x0000000082500000| Untracked 
|  18|0x0000000082600000, 0x0000000082700000, 0x0000000082700000|100%| O|  |TAMS 0x0000000082600000, 0x0000000082600000| Untracked 
|  19|0x0000000082700000, 0x0000000082800000, 0x0000000082800000|100%| O|  |TAMS 0x0000000082732600, 0x0000000082700000| Untracked 
|  20|0x0000000082800000, 0x0000000082900000, 0x0000000082900000|100%| O|  |TAMS 0x0000000082800000, 0x0000000082800000| Untracked 
|  21|0x0000000082900000, 0x0000000082a00000, 0x0000000082a00000|100%| O|  |TAMS 0x0000000082900000, 0x0000000082900000| Untracked 
|  22|0x0000000082a00000, 0x0000000082b00000, 0x0000000082b00000|100%| O|  |TAMS 0x0000000082a00000, 0x0000000082a00000| Untracked 
|  23|0x0000000082b00000, 0x0000000082c00000, 0x0000000082c00000|100%| O|  |TAMS 0x0000000082b00000, 0x0000000082b00000| Untracked 
|  24|0x0000000082c00000, 0x0000000082d00000, 0x0000000082d00000|100%| O|  |TAMS 0x0000000082c00000, 0x0000000082c00000| Untracked 
|  25|0x0000000082d00000, 0x0000000082e00000, 0x0000000082e00000|100%| O|  |TAMS 0x0000000082d00000, 0x0000000082d00000| Untracked 
|  26|0x0000000082e00000, 0x0000000082f00000, 0x0000000082f00000|100%| O|  |TAMS 0x0000000082e00000, 0x0000000082e00000| Untracked 
|  27|0x0000000082f00000, 0x0000000083000000, 0x0000000083000000|100%| O|  |TAMS 0x0000000082f00000, 0x0000000082f00000| Untracked 
|  28|0x0000000083000000, 0x0000000083100000, 0x0000000083100000|100%| O|  |TAMS 0x0000000083000000, 0x0000000083000000| Untracked 
|  29|0x0000000083100000, 0x0000000083200000, 0x0000000083200000|100%| O|  |TAMS 0x0000000083100000, 0x0000000083100000| Untracked 
|  30|0x0000000083200000, 0x0000000083300000, 0x0000000083300000|100%| O|  |TAMS 0x0000000083200000, 0x0000000083200000| Untracked 
|  31|0x0000000083300000, 0x0000000083400000, 0x0000000083400000|100%| O|  |TAMS 0x0000000083300000, 0x0000000083300000| Untracked 
|  32|0x0000000083400000, 0x0000000083500000, 0x0000000083500000|100%| O|  |TAMS 0x0000000083400000, 0x0000000083400000| Untracked 
|  33|0x0000000083500000, 0x0000000083600000, 0x0000000083600000|100%| O|  |TAMS 0x0000000083500000, 0x0000000083500000| Untracked 
|  34|0x0000000083600000, 0x0000000083700000, 0x0000000083700000|100%| O|  |TAMS 0x0000000083600000, 0x0000000083600000| Untracked 
|  35|0x0000000083700000, 0x0000000083800000, 0x0000000083800000|100%| O|  |TAMS 0x0000000083700000, 0x0000000083700000| Untracked 
|  36|0x0000000083800000, 0x0000000083900000, 0x0000000083900000|100%| O|  |TAMS 0x0000000083800000, 0x0000000083800000| Untracked 
|  37|0x0000000083900000, 0x0000000083a00000, 0x0000000083a00000|100%| O|  |TAMS 0x0000000083900000, 0x0000000083900000| Untracked 
|  38|0x0000000083a00000, 0x0000000083b00000, 0x0000000083b00000|100%| O|  |TAMS 0x0000000083a00000, 0x0000000083a00000| Untracked 
|  39|0x0000000083b00000, 0x0000000083c00000, 0x0000000083c00000|100%| O|  |TAMS 0x0000000083b00000, 0x0000000083b00000| Untracked 
|  40|0x0000000083c00000, 0x0000000083c00000, 0x0000000083d00000|  0%| F|  |TAMS 0x0000000083c00000, 0x0000000083c00000| Untracked 
|  41|0x0000000083d00000, 0x0000000083d00000, 0x0000000083e00000|  0%| F|  |TAMS 0x0000000083d00000, 0x0000000083d00000| Untracked 
|  42|0x0000000083e00000, 0x0000000083e00000, 0x0000000083f00000|  0%| F|  |TAMS 0x0000000083e00000, 0x0000000083e00000| Untracked 
|  43|0x0000000083f00000, 0x0000000084000000, 0x0000000084000000|100%| O|  |TAMS 0x0000000083f00000, 0x0000000083f00000| Untracked 
|  44|0x0000000084000000, 0x0000000084100000, 0x0000000084100000|100%| O|  |TAMS 0x0000000084000000, 0x0000000084000000| Untracked 
|  45|0x0000000084100000, 0x0000000084200000, 0x0000000084200000|100%| O|  |TAMS 0x0000000084100000, 0x0000000084100000| Untracked 
|  46|0x0000000084200000, 0x0000000084200000, 0x0000000084300000|  0%| F|  |TAMS 0x0000000084200000, 0x0000000084200000| Untracked 
|  47|0x0000000084300000, 0x0000000084300000, 0x0000000084400000|  0%| F|  |TAMS 0x0000000084300000, 0x0000000084300000| Untracked 
|  48|0x0000000084400000, 0x0000000084400000, 0x0000000084500000|  0%| F|  |TAMS 0x0000000084400000, 0x0000000084400000| Untracked 
|  49|0x0000000084500000, 0x0000000084500000, 0x0000000084600000|  0%| F|  |TAMS 0x0000000084500000, 0x0000000084500000| Untracked 
|  50|0x0000000084600000, 0x0000000084600000, 0x0000000084700000|  0%| F|  |TAMS 0x0000000084600000, 0x0000000084600000| Untracked 
|  51|0x0000000084700000, 0x0000000084700000, 0x0000000084800000|  0%| F|  |TAMS 0x0000000084700000, 0x0000000084700000| Untracked 
|  52|0x0000000084800000, 0x0000000084800000, 0x0000000084900000|  0%| F|  |TAMS 0x0000000084800000, 0x0000000084800000| Untracked 
|  53|0x0000000084900000, 0x0000000084900000, 0x0000000084a00000|  0%| F|  |TAMS 0x0000000084900000, 0x0000000084900000| Untracked 
|  54|0x0000000084a00000, 0x0000000084a00000, 0x0000000084b00000|  0%| F|  |TAMS 0x0000000084a00000, 0x0000000084a00000| Untracked 
|  55|0x0000000084b00000, 0x0000000084b00000, 0x0000000084c00000|  0%| F|  |TAMS 0x0000000084b00000, 0x0000000084b00000| Untracked 
|  56|0x0000000084c00000, 0x0000000084c00000, 0x0000000084d00000|  0%| F|  |TAMS 0x0000000084c00000, 0x0000000084c00000| Untracked 
|  57|0x0000000084d00000, 0x0000000084d00000, 0x0000000084e00000|  0%| F|  |TAMS 0x0000000084d00000, 0x0000000084d00000| Untracked 
|  58|0x0000000084e00000, 0x0000000084e00000, 0x0000000084f00000|  0%| F|  |TAMS 0x0000000084e00000, 0x0000000084e00000| Untracked 
|  59|0x0000000084f00000, 0x0000000084f00000, 0x0000000085000000|  0%| F|  |TAMS 0x0000000084f00000, 0x0000000084f00000| Untracked 
|  60|0x0000000085000000, 0x0000000085000000, 0x0000000085100000|  0%| F|  |TAMS 0x0000000085000000, 0x0000000085000000| Untracked 
|  61|0x0000000085100000, 0x0000000085100000, 0x0000000085200000|  0%| F|  |TAMS 0x0000000085100000, 0x0000000085100000| Untracked 
|  62|0x0000000085200000, 0x0000000085200000, 0x0000000085300000|  0%| F|  |TAMS 0x0000000085200000, 0x0000000085200000| Untracked 
|  63|0x0000000085300000, 0x0000000085300000, 0x0000000085400000|  0%| F|  |TAMS 0x0000000085300000, 0x0000000085300000| Untracked 
|  64|0x0000000085400000, 0x0000000085400000, 0x0000000085500000|  0%| F|  |TAMS 0x0000000085400000, 0x0000000085400000| Untracked 
|  65|0x0000000085500000, 0x0000000085500000, 0x0000000085600000|  0%| F|  |TAMS 0x0000000085500000, 0x0000000085500000| Untracked 
|  66|0x0000000085600000, 0x000000008564d728, 0x0000000085700000| 30%| S|CS|TAMS 0x0000000085600000, 0x0000000085600000| Complete 
|  67|0x0000000085700000, 0x0000000085800000, 0x0000000085800000|100%| S|CS|TAMS 0x0000000085700000, 0x0000000085700000| Complete 
|  68|0x0000000085800000, 0x0000000085900000, 0x0000000085900000|100%| S|CS|TAMS 0x0000000085800000, 0x0000000085800000| Complete 
|  69|0x0000000085900000, 0x0000000085a00000, 0x0000000085a00000|100%| S|CS|TAMS 0x0000000085900000, 0x0000000085900000| Complete 
|  70|0x0000000085a00000, 0x0000000085a00000, 0x0000000085b00000|  0%| F|  |TAMS 0x0000000085a00000, 0x0000000085a00000| Untracked 
|  71|0x0000000085b00000, 0x0000000085b00000, 0x0000000085c00000|  0%| F|  |TAMS 0x0000000085b00000, 0x0000000085b00000| Untracked 
|  72|0x0000000085c00000, 0x0000000085c00000, 0x0000000085d00000|  0%| F|  |TAMS 0x0000000085c00000, 0x0000000085c00000| Untracked 
|  73|0x0000000085d00000, 0x0000000085d00000, 0x0000000085e00000|  0%| F|  |TAMS 0x0000000085d00000, 0x0000000085d00000| Untracked 
|  74|0x0000000085e00000, 0x0000000085f00000, 0x0000000085f00000|100%| S|CS|TAMS 0x0000000085e00000, 0x0000000085e00000| Complete 
|  75|0x0000000085f00000, 0x0000000086000000, 0x0000000086000000|100%| S|CS|TAMS 0x0000000085f00000, 0x0000000085f00000| Complete 
|  76|0x0000000086000000, 0x0000000086100000, 0x0000000086100000|100%| S|CS|TAMS 0x0000000086000000, 0x0000000086000000| Complete 
|  77|0x0000000086100000, 0x0000000086100000, 0x0000000086200000|  0%| F|  |TAMS 0x0000000086100000, 0x0000000086100000| Untracked 
|  78|0x0000000086200000, 0x0000000086200000, 0x0000000086300000|  0%| F|  |TAMS 0x0000000086200000, 0x0000000086200000| Untracked 
|  79|0x0000000086300000, 0x0000000086300000, 0x0000000086400000|  0%| F|  |TAMS 0x0000000086300000, 0x0000000086300000| Untracked 
|  80|0x0000000086400000, 0x0000000086400000, 0x0000000086500000|  0%| F|  |TAMS 0x0000000086400000, 0x0000000086400000| Untracked 
|  81|0x0000000086500000, 0x0000000086500000, 0x0000000086600000|  0%| F|  |TAMS 0x0000000086500000, 0x0000000086500000| Untracked 
|  82|0x0000000086600000, 0x0000000086600000, 0x0000000086700000|  0%| F|  |TAMS 0x0000000086600000, 0x0000000086600000| Untracked 
|  83|0x0000000086700000, 0x0000000086700000, 0x0000000086800000|  0%| F|  |TAMS 0x0000000086700000, 0x0000000086700000| Untracked 
|  84|0x0000000086800000, 0x0000000086800000, 0x0000000086900000|  0%| F|  |TAMS 0x0000000086800000, 0x0000000086800000| Untracked 
|  85|0x0000000086900000, 0x0000000086900000, 0x0000000086a00000|  0%| F|  |TAMS 0x0000000086900000, 0x0000000086900000| Untracked 
|  86|0x0000000086a00000, 0x0000000086a00000, 0x0000000086b00000|  0%| F|  |TAMS 0x0000000086a00000, 0x0000000086a00000| Untracked 
|  87|0x0000000086b00000, 0x0000000086b00000, 0x0000000086c00000|  0%| F|  |TAMS 0x0000000086b00000, 0x0000000086b00000| Untracked 
|  88|0x0000000086c00000, 0x0000000086c00000, 0x0000000086d00000|  0%| F|  |TAMS 0x0000000086c00000, 0x0000000086c00000| Untracked 
|  89|0x0000000086d00000, 0x0000000086d00000, 0x0000000086e00000|  0%| F|  |TAMS 0x0000000086d00000, 0x0000000086d00000| Untracked 
|  90|0x0000000086e00000, 0x0000000086e00000, 0x0000000086f00000|  0%| F|  |TAMS 0x0000000086e00000, 0x0000000086e00000| Untracked 
|  91|0x0000000086f00000, 0x0000000086f00000, 0x0000000087000000|  0%| F|  |TAMS 0x0000000086f00000, 0x0000000086f00000| Untracked 
|  92|0x0000000087000000, 0x0000000087000000, 0x0000000087100000|  0%| F|  |TAMS 0x0000000087000000, 0x0000000087000000| Untracked 
|  93|0x0000000087100000, 0x0000000087100000, 0x0000000087200000|  0%| F|  |TAMS 0x0000000087100000, 0x0000000087100000| Untracked 
|  94|0x0000000087200000, 0x0000000087200000, 0x0000000087300000|  0%| F|  |TAMS 0x0000000087200000, 0x0000000087200000| Untracked 
|  95|0x0000000087300000, 0x0000000087300000, 0x0000000087400000|  0%| F|  |TAMS 0x0000000087300000, 0x0000000087300000| Untracked 
|  96|0x0000000087400000, 0x0000000087400000, 0x0000000087500000|  0%| F|  |TAMS 0x0000000087400000, 0x0000000087400000| Untracked 
|  97|0x0000000087500000, 0x0000000087500000, 0x0000000087600000|  0%| F|  |TAMS 0x0000000087500000, 0x0000000087500000| Untracked 
|  98|0x0000000087600000, 0x0000000087600000, 0x0000000087700000|  0%| F|  |TAMS 0x0000000087600000, 0x0000000087600000| Untracked 
|  99|0x0000000087700000, 0x0000000087700000, 0x0000000087800000|  0%| F|  |TAMS 0x0000000087700000, 0x0000000087700000| Untracked 
| 100|0x0000000087800000, 0x0000000087800000, 0x0000000087900000|  0%| F|  |TAMS 0x0000000087800000, 0x0000000087800000| Untracked 
| 101|0x0000000087900000, 0x0000000087900000, 0x0000000087a00000|  0%| F|  |TAMS 0x0000000087900000, 0x0000000087900000| Untracked 
| 102|0x0000000087a00000, 0x0000000087a00000, 0x0000000087b00000|  0%| F|  |TAMS 0x0000000087a00000, 0x0000000087a00000| Untracked 
| 103|0x0000000087b00000, 0x0000000087b00000, 0x0000000087c00000|  0%| F|  |TAMS 0x0000000087b00000, 0x0000000087b00000| Untracked 
| 104|0x0000000087c00000, 0x0000000087c00000, 0x0000000087d00000|  0%| F|  |TAMS 0x0000000087c00000, 0x0000000087c00000| Untracked 
| 105|0x0000000087d00000, 0x0000000087d00000, 0x0000000087e00000|  0%| F|  |TAMS 0x0000000087d00000, 0x0000000087d00000| Untracked 
| 106|0x0000000087e00000, 0x0000000087e00000, 0x0000000087f00000|  0%| F|  |TAMS 0x0000000087e00000, 0x0000000087e00000| Untracked 
| 107|0x0000000087f00000, 0x0000000087f00000, 0x0000000088000000|  0%| F|  |TAMS 0x0000000087f00000, 0x0000000087f00000| Untracked 
| 108|0x0000000088000000, 0x0000000088000000, 0x0000000088100000|  0%| F|  |TAMS 0x0000000088000000, 0x0000000088000000| Untracked 
| 109|0x0000000088100000, 0x0000000088100000, 0x0000000088200000|  0%| F|  |TAMS 0x0000000088100000, 0x0000000088100000| Untracked 
| 110|0x0000000088200000, 0x0000000088200000, 0x0000000088300000|  0%| F|  |TAMS 0x0000000088200000, 0x0000000088200000| Untracked 
| 111|0x0000000088300000, 0x0000000088300000, 0x0000000088400000|  0%| F|  |TAMS 0x0000000088300000, 0x0000000088300000| Untracked 
| 112|0x0000000088400000, 0x0000000088400000, 0x0000000088500000|  0%| F|  |TAMS 0x0000000088400000, 0x0000000088400000| Untracked 
| 113|0x0000000088500000, 0x0000000088500000, 0x0000000088600000|  0%| F|  |TAMS 0x0000000088500000, 0x0000000088500000| Untracked 
| 114|0x0000000088600000, 0x0000000088600000, 0x0000000088700000|  0%| F|  |TAMS 0x0000000088600000, 0x0000000088600000| Untracked 
| 115|0x0000000088700000, 0x0000000088700000, 0x0000000088800000|  0%| F|  |TAMS 0x0000000088700000, 0x0000000088700000| Untracked 
| 116|0x0000000088800000, 0x0000000088800000, 0x0000000088900000|  0%| F|  |TAMS 0x0000000088800000, 0x0000000088800000| Untracked 
| 117|0x0000000088900000, 0x0000000088900000, 0x0000000088a00000|  0%| F|  |TAMS 0x0000000088900000, 0x0000000088900000| Untracked 
| 118|0x0000000088a00000, 0x0000000088a00000, 0x0000000088b00000|  0%| F|  |TAMS 0x0000000088a00000, 0x0000000088a00000| Untracked 
| 119|0x0000000088b00000, 0x0000000088b00000, 0x0000000088c00000|  0%| F|  |TAMS 0x0000000088b00000, 0x0000000088b00000| Untracked 
| 120|0x0000000088c00000, 0x0000000088c00000, 0x0000000088d00000|  0%| F|  |TAMS 0x0000000088c00000, 0x0000000088c00000| Untracked 
| 121|0x0000000088d00000, 0x0000000088d00000, 0x0000000088e00000|  0%| F|  |TAMS 0x0000000088d00000, 0x0000000088d00000| Untracked 
| 122|0x0000000088e00000, 0x0000000088e00000, 0x0000000088f00000|  0%| F|  |TAMS 0x0000000088e00000, 0x0000000088e00000| Untracked 
| 123|0x0000000088f00000, 0x0000000088f00000, 0x0000000089000000|  0%| F|  |TAMS 0x0000000088f00000, 0x0000000088f00000| Untracked 
| 124|0x0000000089000000, 0x0000000089000000, 0x0000000089100000|  0%| F|  |TAMS 0x0000000089000000, 0x0000000089000000| Untracked 
| 125|0x0000000089100000, 0x0000000089100000, 0x0000000089200000|  0%| F|  |TAMS 0x0000000089100000, 0x0000000089100000| Untracked 
| 126|0x0000000089200000, 0x0000000089200000, 0x0000000089300000|  0%| F|  |TAMS 0x0000000089200000, 0x0000000089200000| Untracked 
| 127|0x0000000089300000, 0x0000000089300000, 0x0000000089400000|  0%| F|  |TAMS 0x0000000089300000, 0x0000000089300000| Untracked 
| 128|0x0000000089400000, 0x0000000089400000, 0x0000000089500000|  0%| F|  |TAMS 0x0000000089400000, 0x0000000089400000| Untracked 
| 129|0x0000000089500000, 0x0000000089600000, 0x0000000089600000|100%| E|  |TAMS 0x0000000089500000, 0x0000000089500000| Complete 
| 130|0x0000000089600000, 0x0000000089700000, 0x0000000089700000|100%| E|CS|TAMS 0x0000000089600000, 0x0000000089600000| Complete 
| 131|0x0000000089700000, 0x0000000089800000, 0x0000000089800000|100%| E|CS|TAMS 0x0000000089700000, 0x0000000089700000| Complete 
| 132|0x0000000089800000, 0x0000000089900000, 0x0000000089900000|100%| E|CS|TAMS 0x0000000089800000, 0x0000000089800000| Complete 
| 133|0x0000000089900000, 0x0000000089a00000, 0x0000000089a00000|100%| E|CS|TAMS 0x0000000089900000, 0x0000000089900000| Complete 
| 134|0x0000000089a00000, 0x0000000089b00000, 0x0000000089b00000|100%| E|CS|TAMS 0x0000000089a00000, 0x0000000089a00000| Complete 
| 135|0x0000000089b00000, 0x0000000089c00000, 0x0000000089c00000|100%| E|CS|TAMS 0x0000000089b00000, 0x0000000089b00000| Complete 

Card table byte_map: [0x00000280e3a80000,0x00000280e3e80000] _byte_map_base: 0x00000280e3676000

Marking Bits (Prev, Next): (CMBitMap*) 0x00000280d101fc00, (CMBitMap*) 0x00000280d101fbc0
 Prev Bits: [0x00000280e6230000, 0x00000280e81e0000)
 Next Bits: [0x00000280e4280000, 0x00000280e6230000)

Polling page: 0x00000280cede0000

Metaspace:

Usage:
  Non-class:     72.71 MB used.
      Class:     11.28 MB used.
       Both:     83.99 MB used.

Virtual space:
  Non-class space:      128.00 MB reserved,      73.00 MB ( 57%) committed,  2 nodes.
      Class space:        1.00 GB reserved,      11.56 MB (  1%) committed,  1 nodes.
             Both:        1.12 GB reserved,      84.56 MB (  7%) committed. 

Chunk freelists:
   Non-Class:  6.48 MB
       Class:  4.48 MB
        Both:  10.96 MB

MaxMetaspaceSize: unlimited
CompressedClassSpaceSize: 1.00 GB
Initial GC threshold: 21.00 MB
Current GC threshold: 98.69 MB
CDS: off
MetaspaceReclaimPolicy: balanced
 - commit_granule_bytes: 65536.
 - commit_granule_words: 8192.
 - virtual_space_node_default_size: 8388608.
 - enlarge_chunks_in_place: 1.
 - new_chunks_are_fully_committed: 0.
 - uncommit_free_chunks: 1.
 - use_allocation_guard: 0.
 - handle_deallocations: 1.


Internal statistics:

num_allocs_failed_limit: 9.
num_arena_births: 730.
num_arena_deaths: 0.
num_vsnodes_births: 3.
num_vsnodes_deaths: 0.
num_space_committed: 1353.
num_space_uncommitted: 0.
num_chunks_returned_to_freelist: 9.
num_chunks_taken_from_freelist: 3476.
num_chunk_merges: 9.
num_chunk_splits: 2547.
num_chunks_enlarged: 2018.
num_inconsistent_stats: 0.

CodeHeap 'non-profiled nmethods': size=120000Kb used=5076Kb max_used=5076Kb free=114924Kb
 bounds [0x00000280dc150000, 0x00000280dc650000, 0x00000280e3680000]
CodeHeap 'profiled nmethods': size=120000Kb used=14082Kb max_used=14082Kb free=105917Kb
 bounds [0x00000280d4680000, 0x00000280d5450000, 0x00000280dbbb0000]
CodeHeap 'non-nmethods': size=5760Kb used=1369Kb max_used=1458Kb free=4390Kb
 bounds [0x00000280dbbb0000, 0x00000280dbe20000, 0x00000280dc150000]
 total_blobs=8121 nmethods=7412 adapters=620
 compilation: enabled
              stopped_count=0, restarted_count=0
 full_count=0

Compilation events (20 events):
Event: 38.923 Thread 0x00000280ea838b30 8052       3       org.springframework.boot.context.properties.ConfigurationPropertiesBindingPostProcessor::postProcessBeforeInitialization (23 bytes)
Event: 38.924 Thread 0x00000280ea838b30 nmethod 8052 0x00000280d5418690 code [0x00000280d54188a0, 0x00000280d5419028]
Event: 38.924 Thread 0x00000280ea838b30 8053       3       org.springframework.beans.factory.support.AbstractBeanFactory::registerDisposableBeanIfNecessary (114 bytes)
Event: 38.925 Thread 0x00000280ea838b30 nmethod 8053 0x00000280d5419290 code [0x00000280d5419540, 0x00000280d541a3e8]
Event: 38.925 Thread 0x00000280ea838b30 8054       3       org.springframework.context.support.ApplicationListenerDetector::requiresDestruction (5 bytes)
Event: 38.925 Thread 0x00000280ea838b30 nmethod 8054 0x00000280d541a810 code [0x00000280d541a9a0, 0x00000280d541abb8]
Event: 38.925 Thread 0x00000280ea838b30 8055       3       org.springframework.beans.factory.support.AbstractBeanFactory$$Lambda$661/0x00000001003011f8::getObject (20 bytes)
Event: 38.925 Thread 0x00000280ea838b30 nmethod 8055 0x00000280d541ac90 code [0x00000280d541ae40, 0x00000280d541afa8]
Event: 38.925 Thread 0x00000280ea838b30 8056   !   3       org.springframework.beans.factory.support.AbstractBeanFactory::lambda$doGetBean$0 (18 bytes)
Event: 38.927 Thread 0x00000280ea838b30 nmethod 8056 0x00000280d541b090 code [0x00000280d541b340, 0x00000280d541c168]
Event: 38.927 Thread 0x00000280ea838b30 8057   !   3       org.springframework.beans.factory.support.DefaultSingletonBeanRegistry::getSingleton (279 bytes)
Event: 38.928 Thread 0x00000280ea838b30 nmethod 8057 0x00000280d541c710 code [0x00000280d541cac0, 0x00000280d541e6d8]
Event: 38.928 Thread 0x00000280ea838b30 8058       3       org.springframework.core.convert.support.GenericConversionService::canConvert (25 bytes)
Event: 38.929 Thread 0x00000280ea838b30 nmethod 8058 0x00000280d541f390 code [0x00000280d541f560, 0x00000280d541f918]
Event: 38.929 Thread 0x00000280ea838b30 8059       3       org.springframework.beans.factory.support.AbstractBeanFactory::getMergedBeanDefinition (48 bytes)
Event: 38.930 Thread 0x00000280ea838b30 nmethod 8059 0x00000280d541fa90 code [0x00000280d541fce0, 0x00000280d54209f8]
Event: 38.945 Thread 0x00000280ea838b30 8076       1       org.hibernate.internal.JdbcSessionContextImpl::getObserver (5 bytes)
Event: 38.945 Thread 0x00000280ea838b30 nmethod 8076 0x00000280dc642890 code [0x00000280dc642a20, 0x00000280dc642af8]
Event: 38.946 Thread 0x00000280ea838b30 8077       2       java.util.regex.Matcher::group (112 bytes)
Event: 38.946 Thread 0x00000280ea838b30 nmethod 8077 0x00000280d5420d90 code [0x00000280d5420fc0, 0x00000280d5421488]

GC Heap History (20 events):
Event: 10.901 GC heap before
{Heap before GC invocations=14 (full 0):
 garbage-first heap   total 45056K, used 33366K [0x0000000081400000, 0x0000000100000000)
  region size 1024K, 15 young (15360K), 1 survivors (1024K)
 Metaspace       used 39976K, committed 40320K, reserved 1114112K
  class space    used 4969K, committed 5120K, reserved 1048576K
}
Event: 10.909 GC heap after
{Heap after GC invocations=15 (full 0):
 garbage-first heap   total 90112K, used 20308K [0x0000000081400000, 0x0000000100000000)
  region size 1024K, 2 young (2048K), 2 survivors (2048K)
 Metaspace       used 39976K, committed 40320K, reserved 1114112K
  class space    used 4969K, committed 5120K, reserved 1048576K
}
Event: 15.431 GC heap before
{Heap before GC invocations=15 (full 0):
 garbage-first heap   total 90112K, used 69460K [0x0000000081400000, 0x0000000100000000)
  region size 1024K, 50 young (51200K), 2 survivors (2048K)
 Metaspace       used 54494K, committed 54912K, reserved 1114112K
  class space    used 6896K, committed 7104K, reserved 1048576K
}
Event: 15.444 GC heap after
{Heap after GC invocations=16 (full 0):
 garbage-first heap   total 90112K, used 23890K [0x0000000081400000, 0x0000000100000000)
  region size 1024K, 6 young (6144K), 6 survivors (6144K)
 Metaspace       used 54494K, committed 54912K, reserved 1114112K
  class space    used 6896K, committed 7104K, reserved 1048576K
}
Event: 16.555 GC heap before
{Heap before GC invocations=16 (full 0):
 garbage-first heap   total 90112K, used 52562K [0x0000000081400000, 0x0000000100000000)
  region size 1024K, 35 young (35840K), 6 survivors (6144K)
 Metaspace       used 60001K, committed 60416K, reserved 1114112K
  class space    used 7600K, committed 7808K, reserved 1048576K
}
Event: 16.566 GC heap after
{Heap after GC invocations=17 (full 0):
 garbage-first heap   total 90112K, used 25357K [0x0000000081400000, 0x0000000100000000)
  region size 1024K, 5 young (5120K), 5 survivors (5120K)
 Metaspace       used 60001K, committed 60416K, reserved 1114112K
  class space    used 7600K, committed 7808K, reserved 1048576K
}
Event: 17.926 GC heap before
{Heap before GC invocations=18 (full 0):
 garbage-first heap   total 89088K, used 70413K [0x0000000081400000, 0x0000000100000000)
  region size 1024K, 49 young (50176K), 5 survivors (5120K)
 Metaspace       used 68569K, committed 69056K, reserved 1114112K
  class space    used 8974K, committed 9216K, reserved 1048576K
}
Event: 17.939 GC heap after
{Heap after GC invocations=19 (full 0):
 garbage-first heap   total 89088K, used 27329K [0x0000000081400000, 0x0000000100000000)
  region size 1024K, 4 young (4096K), 4 survivors (4096K)
 Metaspace       used 68569K, committed 69056K, reserved 1114112K
  class space    used 8974K, committed 9216K, reserved 1048576K
}
Event: 17.986 GC heap before
{Heap before GC invocations=19 (full 0):
 garbage-first heap   total 89088K, used 28353K [0x0000000081400000, 0x0000000100000000)
  region size 1024K, 5 young (5120K), 4 survivors (4096K)
 Metaspace       used 68800K, committed 69248K, reserved 1114112K
  class space    used 9013K, committed 9216K, reserved 1048576K
}
Event: 17.994 GC heap after
{Heap after GC invocations=20 (full 0):
 garbage-first heap   total 89088K, used 27565K [0x0000000081400000, 0x0000000100000000)
  region size 1024K, 1 young (1024K), 1 survivors (1024K)
 Metaspace       used 68800K, committed 69248K, reserved 1114112K
  class space    used 9013K, committed 9216K, reserved 1048576K
}
Event: 32.662 GC heap before
{Heap before GC invocations=20 (full 0):
 garbage-first heap   total 89088K, used 70573K [0x0000000081400000, 0x0000000100000000)
  region size 1024K, 43 young (44032K), 1 survivors (1024K)
 Metaspace       used 75445K, committed 75968K, reserved 1179648K
  class space    used 9952K, committed 10240K, reserved 1048576K
}
Event: 32.682 GC heap after
{Heap after GC invocations=21 (full 0):
 garbage-first heap   total 89088K, used 30901K [0x0000000081400000, 0x0000000100000000)
  region size 1024K, 4 young (4096K), 4 survivors (4096K)
 Metaspace       used 75445K, committed 75968K, reserved 1179648K
  class space    used 9952K, committed 10240K, reserved 1048576K
}
Event: 33.781 GC heap before
{Heap before GC invocations=21 (full 0):
 garbage-first heap   total 89088K, used 69813K [0x0000000081400000, 0x0000000100000000)
  region size 1024K, 43 young (44032K), 4 survivors (4096K)
 Metaspace       used 79358K, committed 79872K, reserved 1179648K
  class space    used 10605K, committed 10880K, reserved 1048576K
}
Event: 33.797 GC heap after
{Heap after GC invocations=22 (full 0):
 garbage-first heap   total 89088K, used 32768K [0x0000000081400000, 0x0000000100000000)
  region size 1024K, 2 young (2048K), 2 survivors (2048K)
 Metaspace       used 79358K, committed 79872K, reserved 1179648K
  class space    used 10605K, committed 10880K, reserved 1048576K
}
Event: 34.113 GC heap before
{Heap before GC invocations=22 (full 0):
 garbage-first heap   total 89088K, used 71680K [0x0000000081400000, 0x0000000100000000)
  region size 1024K, 40 young (40960K), 2 survivors (2048K)
 Metaspace       used 79456K, committed 80000K, reserved 1179648K
  class space    used 10610K, committed 10880K, reserved 1048576K
}
Event: 34.125 GC heap after
{Heap after GC invocations=23 (full 0):
 garbage-first heap   total 89088K, used 34429K [0x0000000081400000, 0x0000000100000000)
  region size 1024K, 4 young (4096K), 4 survivors (4096K)
 Metaspace       used 79456K, committed 80000K, reserved 1179648K
  class space    used 10610K, committed 10880K, reserved 1048576K
}
Event: 34.281 GC heap before
{Heap before GC invocations=23 (full 0):
 garbage-first heap   total 89088K, used 72317K [0x0000000081400000, 0x0000000100000000)
  region size 1024K, 41 young (41984K), 4 survivors (4096K)
 Metaspace       used 79469K, committed 80000K, reserved 1179648K
  class space    used 10610K, committed 10880K, reserved 1048576K
}
Event: 34.311 GC heap after
{Heap after GC invocations=24 (full 0):
 garbage-first heap   total 139264K, used 43600K [0x0000000081400000, 0x0000000100000000)
  region size 1024K, 6 young (6144K), 6 survivors (6144K)
 Metaspace       used 79469K, committed 80000K, reserved 1179648K
  class space    used 10610K, committed 10880K, reserved 1048576K
}
Event: 35.285 GC heap before
{Heap before GC invocations=24 (full 0):
 garbage-first heap   total 139264K, used 107088K [0x0000000081400000, 0x0000000100000000)
  region size 1024K, 68 young (69632K), 6 survivors (6144K)
 Metaspace       used 79848K, committed 80384K, reserved 1179648K
  class space    used 10667K, committed 10944K, reserved 1048576K
}
Event: 35.301 GC heap after
{Heap after GC invocations=25 (full 0):
 garbage-first heap   total 139264K, used 47779K [0x0000000081400000, 0x0000000100000000)
  region size 1024K, 4 young (4096K), 4 survivors (4096K)
 Metaspace       used 79848K, committed 80384K, reserved 1179648K
  class space    used 10667K, committed 10944K, reserved 1048576K
}

Dll operation events (9 events):
Event: 0.018 Loaded shared library C:\Users\pc\Downloads\spring-tool-suite-4-4.19.0.RELEASE-e4.28.0-win32.win32.x86_64.self-extracting (1)\sts-4.19.0.RELEASE\plugins\org.eclipse.justj.openjdk.hotspot.jre.full.win32.x86_64_17.0.7.v20230425-1502\jre\bin\java.dll
Event: 0.149 Loaded shared library C:\Users\pc\Downloads\spring-tool-suite-4-4.19.0.RELEASE-e4.28.0-win32.win32.x86_64.self-extracting (1)\sts-4.19.0.RELEASE\plugins\org.eclipse.justj.openjdk.hotspot.jre.full.win32.x86_64_17.0.7.v20230425-1502\jre\bin\net.dll
Event: 0.152 Loaded shared library C:\Users\pc\Downloads\spring-tool-suite-4-4.19.0.RELEASE-e4.28.0-win32.win32.x86_64.self-extracting (1)\sts-4.19.0.RELEASE\plugins\org.eclipse.justj.openjdk.hotspot.jre.full.win32.x86_64_17.0.7.v20230425-1502\jre\bin\nio.dll
Event: 0.168 Loaded shared library C:\Users\pc\Downloads\spring-tool-suite-4-4.19.0.RELEASE-e4.28.0-win32.win32.x86_64.self-extracting (1)\sts-4.19.0.RELEASE\plugins\org.eclipse.justj.openjdk.hotspot.jre.full.win32.x86_64_17.0.7.v20230425-1502\jre\bin\zip.dll
Event: 0.339 Loaded shared library C:\Users\pc\Downloads\spring-tool-suite-4-4.19.0.RELEASE-e4.28.0-win32.win32.x86_64.self-extracting (1)\sts-4.19.0.RELEASE\plugins\org.eclipse.justj.openjdk.hotspot.jre.full.win32.x86_64_17.0.7.v20230425-1502\jre\bin\management.dll
Event: 0.380 Loaded shared library C:\Users\pc\Downloads\spring-tool-suite-4-4.19.0.RELEASE-e4.28.0-win32.win32.x86_64.self-extracting (1)\sts-4.19.0.RELEASE\plugins\org.eclipse.justj.openjdk.hotspot.jre.full.win32.x86_64_17.0.7.v20230425-1502\jre\bin\management_ext.d
Event: 0.411 Loaded shared library C:\Users\pc\Downloads\spring-tool-suite-4-4.19.0.RELEASE-e4.28.0-win32.win32.x86_64.self-extracting (1)\sts-4.19.0.RELEASE\plugins\org.eclipse.justj.openjdk.hotspot.jre.full.win32.x86_64_17.0.7.v20230425-1502\jre\bin\jimage.dll
Event: 6.056 Loaded shared library C:\Users\pc\Downloads\spring-tool-suite-4-4.19.0.RELEASE-e4.28.0-win32.win32.x86_64.self-extracting (1)\sts-4.19.0.RELEASE\plugins\org.eclipse.justj.openjdk.hotspot.jre.full.win32.x86_64_17.0.7.v20230425-1502\jre\bin\sunmscapi.dll
Event: 12.467 Loaded shared library C:\Users\pc\Downloads\spring-tool-suite-4-4.19.0.RELEASE-e4.28.0-win32.win32.x86_64.self-extracting (1)\sts-4.19.0.RELEASE\plugins\org.eclipse.justj.openjdk.hotspot.jre.full.win32.x86_64_17.0.7.v20230425-1502\jre\bin\verify.dll

Deoptimization events (20 events):
Event: 38.520 Thread 0x00000280cef0cae0 Uncommon trap: trap_request=0xffffffbe fr.pc=0x00000280dc62a0c4 relative=0x00000000000017e4
Event: 38.520 Thread 0x00000280cef0cae0 Uncommon trap: reason=profile_predicate action=maybe_recompile pc=0x00000280dc62a0c4 method=org.springframework.transaction.annotation.AnnotationTransactionAttributeSource.determineTransactionAttribute(Ljava/lang/reflect/AnnotatedElement;)Lorg/springframe
Event: 38.520 Thread 0x00000280cef0cae0 DEOPT PACKING pc=0x00000280dc62a0c4 sp=0x000000fe8ecfa300
Event: 38.520 Thread 0x00000280cef0cae0 DEOPT UNPACKING pc=0x00000280dbc069a3 sp=0x000000fe8ecfa2f8 mode 2
Event: 38.846 Thread 0x00000280cef0cae0 Uncommon trap: trap_request=0xffffff45 fr.pc=0x00000280dc48e7fc relative=0x0000000000000a5c
Event: 38.846 Thread 0x00000280cef0cae0 Uncommon trap: reason=unstable_if action=reinterpret pc=0x00000280dc48e7fc method=org.springframework.beans.factory.support.DefaultSingletonBeanRegistry.getSingleton(Ljava/lang/String;Z)Ljava/lang/Object; @ 39 c2
Event: 38.846 Thread 0x00000280cef0cae0 DEOPT PACKING pc=0x00000280dc48e7fc sp=0x000000fe8ecfb7e0
Event: 38.846 Thread 0x00000280cef0cae0 DEOPT UNPACKING pc=0x00000280dbc069a3 sp=0x000000fe8ecfb778 mode 2
Event: 38.866 Thread 0x00000280cef0cae0 Uncommon trap: trap_request=0xffffffde fr.pc=0x00000280dc612bc4 relative=0x0000000000003de4
Event: 38.866 Thread 0x00000280cef0cae0 Uncommon trap: reason=class_check action=maybe_recompile pc=0x00000280dc612bc4 method=org.springframework.boot.context.properties.source.ConfigurationPropertyName$Elements.charAt(II)C @ 43 c2
Event: 38.866 Thread 0x00000280cef0cae0 DEOPT PACKING pc=0x00000280dc612bc4 sp=0x000000fe8ecf9700
Event: 38.866 Thread 0x00000280cef0cae0 DEOPT UNPACKING pc=0x00000280dbc069a3 sp=0x000000fe8ecf92c8 mode 2
Event: 38.867 Thread 0x00000280cef0cae0 Uncommon trap: trap_request=0xffffffde fr.pc=0x00000280dc612bc4 relative=0x0000000000003de4
Event: 38.867 Thread 0x00000280cef0cae0 Uncommon trap: reason=class_check action=maybe_recompile pc=0x00000280dc612bc4 method=org.springframework.boot.context.properties.source.ConfigurationPropertyName$Elements.charAt(II)C @ 43 c2
Event: 38.867 Thread 0x00000280cef0cae0 DEOPT PACKING pc=0x00000280dc612bc4 sp=0x000000fe8ecf9700
Event: 38.867 Thread 0x00000280cef0cae0 DEOPT UNPACKING pc=0x00000280dbc069a3 sp=0x000000fe8ecf92c8 mode 2
Event: 38.919 Thread 0x00000280cef0cae0 Uncommon trap: trap_request=0xfffffff4 fr.pc=0x00000280dc2ebf3c relative=0x000000000000021c
Event: 38.919 Thread 0x00000280cef0cae0 Uncommon trap: reason=null_check action=make_not_entrant pc=0x00000280dc2ebf3c method=org.springframework.util.ClassUtils.isAssignable(Ljava/lang/Class;Ljava/lang/Class;)Z @ 14 c2
Event: 38.919 Thread 0x00000280cef0cae0 DEOPT PACKING pc=0x00000280dc2ebf3c sp=0x000000fe8ecfbc30
Event: 38.920 Thread 0x00000280cef0cae0 DEOPT UNPACKING pc=0x00000280dbc069a3 sp=0x000000fe8ecfbbc0 mode 2

Classes unloaded (0 events):
No events

Classes redefined (0 events):
No events

Internal exceptions (20 events):
Event: 34.548 Thread 0x00000280cef0cae0 Exception <a 'java/lang/reflect/InvocationTargetException'{0x0000000087a74128}> (0x0000000087a74128) 
thrown [s\src\hotspot\share\runtime\reflection.cpp, line 1121]
Event: 34.566 Thread 0x00000280cef0cae0 Exception <a 'java/lang/reflect/InvocationTargetException'{0x00000000878882b0}> (0x00000000878882b0) 
thrown [s\src\hotspot\share\runtime\reflection.cpp, line 1121]
Event: 34.572 Thread 0x00000280cef0cae0 Exception <a 'java/lang/reflect/InvocationTargetException'{0x00000000878a5750}> (0x00000000878a5750) 
thrown [s\src\hotspot\share\runtime\reflection.cpp, line 1121]
Event: 34.642 Thread 0x00000280cef0cae0 Exception <a 'java/lang/reflect/InvocationTargetException'{0x0000000087222c70}> (0x0000000087222c70) 
thrown [s\src\hotspot\share\runtime\reflection.cpp, line 1121]
Event: 34.650 Thread 0x00000280cef0cae0 Exception <a 'java/lang/reflect/InvocationTargetException'{0x000000008723b418}> (0x000000008723b418) 
thrown [s\src\hotspot\share\runtime\reflection.cpp, line 1121]
Event: 35.242 Thread 0x00000280cef0cae0 Exception <a 'java/lang/reflect/InvocationTargetException'{0x00000000863d0960}> (0x00000000863d0960) 
thrown [s\src\hotspot\share\runtime\reflection.cpp, line 1121]
Event: 35.414 Thread 0x00000280cef0cae0 Exception <a 'java/lang/reflect/InvocationTargetException'{0x0000000089420b80}> (0x0000000089420b80) 
thrown [s\src\hotspot\share\runtime\reflection.cpp, line 1121]
Event: 35.473 Thread 0x00000280cef0cae0 Exception <a 'java/lang/reflect/InvocationTargetException'{0x00000000890a27f8}> (0x00000000890a27f8) 
thrown [s\src\hotspot\share\runtime\reflection.cpp, line 1121]
Event: 36.762 Thread 0x00000280cef0cae0 Exception <a 'sun/nio/fs/WindowsException'{0x0000000087fd51b0}> (0x0000000087fd51b0) 
thrown [s\src\hotspot\share\prims\jni.cpp, line 516]
Event: 36.764 Thread 0x00000280cef0cae0 Exception <a 'sun/nio/fs/WindowsException'{0x0000000087fd94a0}> (0x0000000087fd94a0) 
thrown [s\src\hotspot\share\prims\jni.cpp, line 516]
Event: 37.200 Thread 0x00000280cef0cae0 Exception <a 'java/lang/IncompatibleClassChangeError'{0x00000000879510b0}: Found class java.lang.Object, but interface was expected> (0x00000000879510b0) 
thrown [s\src\hotspot\share\interpreter\linkResolver.cpp, line 826]
Event: 37.885 Thread 0x00000280cef0cae0 Exception <a 'java/lang/NoSuchMethodError'{0x0000000087239f10}: 'void java.lang.invoke.DirectMethodHandle$Holder.invokeInterface(java.lang.Object, java.lang.Object, int)'> (0x0000000087239f10) 
thrown [s\src\hotspot\share\interpreter\linkResolver.cpp, line 759]
Event: 37.907 Thread 0x00000280cef0cae0 Exception <a 'java/lang/IncompatibleClassChangeError'{0x0000000087288d18}: Found class java.lang.Object, but interface was expected> (0x0000000087288d18) 
thrown [s\src\hotspot\share\interpreter\linkResolver.cpp, line 826]
Event: 37.913 Thread 0x00000280cef0cae0 Exception <a 'java/lang/NoSuchMethodError'{0x00000000872997f8}: 'int java.lang.invoke.DirectMethodHandle$Holder.invokeSpecialIFC(java.lang.Object, java.lang.Object, java.lang.Object)'> (0x00000000872997f8) 
thrown [s\src\hotspot\share\interpreter\linkResolver.cpp, line 759]
Event: 37.917 Thread 0x00000280cef0cae0 Exception <a 'java/lang/NoSuchMethodError'{0x00000000872a76d0}: 'void java.lang.invoke.DirectMethodHandle$Holder.invokeStatic(java.lang.Object, int, java.lang.Object)'> (0x00000000872a76d0) 
thrown [s\src\hotspot\share\interpreter\linkResolver.cpp, line 759]
Event: 38.508 Thread 0x00000280cef0cae0 Exception <a 'java/lang/NoSuchMethodError'{0x0000000086d19188}: 'void java.lang.invoke.DirectMethodHandle$Holder.invokeVirtual(java.lang.Object, java.lang.Object, int)'> (0x0000000086d19188) 
thrown [s\src\hotspot\share\interpreter\linkResolver.cpp, line 759]
Event: 38.514 Thread 0x00000280cef0cae0 Exception <a 'java/lang/NoSuchMethodError'{0x0000000086d40d60}: 'void java.lang.invoke.DirectMethodHandle$Holder.invokeVirtual(java.lang.Object, java.lang.Object, long)'> (0x0000000086d40d60) 
thrown [s\src\hotspot\share\interpreter\linkResolver.cpp, line 759]
Event: 38.873 Thread 0x00000280cef0cae0 Exception <a 'java/lang/IncompatibleClassChangeError'{0x0000000086803268}: Found class java.lang.Object, but interface was expected> (0x0000000086803268) 
thrown [s\src\hotspot\share\interpreter\linkResolver.cpp, line 826]
Event: 38.919 Thread 0x00000280cef0cae0 Implicit null exception at 0x00000280dc2ebd3a to 0x00000280dc2ebf28
Event: 38.945 Thread 0x00000280cef0cae0 Exception <a 'java/lang/reflect/InvocationTargetException'{0x000000008635ee70}> (0x000000008635ee70) 
thrown [s\src\hotspot\share\runtime\reflection.cpp, line 1121]

VM Operations (20 events):
Event: 34.281 Executing VM operation: G1CollectForAllocation
Event: 34.311 Executing VM operation: G1CollectForAllocation done
Event: 34.746 Executing VM operation: HandshakeAllThreads
Event: 34.746 Executing VM operation: HandshakeAllThreads done
Event: 34.762 Executing VM operation: ICBufferFull
Event: 34.762 Executing VM operation: ICBufferFull done
Event: 35.285 Executing VM operation: G1CollectForAllocation
Event: 35.301 Executing VM operation: G1CollectForAllocation done
Event: 36.312 Executing VM operation: Cleanup
Event: 36.314 Executing VM operation: Cleanup done
Event: 36.419 Executing VM operation: HandshakeAllThreads
Event: 36.419 Executing VM operation: HandshakeAllThreads done
Event: 36.511 Executing VM operation: HandshakeAllThreads
Event: 36.512 Executing VM operation: HandshakeAllThreads done
Event: 37.520 Executing VM operation: Cleanup
Event: 37.520 Executing VM operation: Cleanup done
Event: 38.522 Executing VM operation: Cleanup
Event: 38.523 Executing VM operation: Cleanup done
Event: 38.583 Executing VM operation: HandshakeAllThreads
Event: 38.583 Executing VM operation: HandshakeAllThreads done

Events (20 events):
Event: 35.771 loading class com/sun/crypto/provider/PBKDF2Core$HmacSHA256
Event: 35.771 loading class com/sun/crypto/provider/PBKDF2Core
Event: 35.771 loading class javax/crypto/SecretKeyFactorySpi
Event: 35.772 loading class javax/crypto/SecretKeyFactorySpi done
Event: 35.772 loading class com/sun/crypto/provider/PBKDF2Core done
Event: 35.772 loading class com/sun/crypto/provider/PBKDF2Core$HmacSHA256 done
Event: 36.471 loading class java/util/Comparators$NullComparator
Event: 36.471 loading class java/util/Comparators$NullComparator done
Event: 36.815 loading class java/util/EnumMap$EntrySet
Event: 36.815 loading class java/util/EnumMap$EntrySet done
Event: 36.815 loading class java/util/EnumMap$EntryIterator
Event: 36.815 loading class java/util/EnumMap$EnumMapIterator
Event: 36.815 loading class java/util/EnumMap$EnumMapIterator done
Event: 36.815 loading class java/util/EnumMap$EntryIterator done
Event: 37.479 Thread 0x00000280ef674a70 Thread exited: 0x00000280ef674a70
Event: 37.559 loading class java/lang/UnsatisfiedLinkError
Event: 37.559 loading class java/lang/UnsatisfiedLinkError done
Event: 38.413 loading class java/util/concurrent/RejectedExecutionException
Event: 38.413 loading class java/util/concurrent/RejectedExecutionException done
Event: 38.833 Thread 0x00000280efb67ca0 Thread exited: 0x00000280efb67ca0


Dynamic libraries:
0x00007ff6851f0000 - 0x00007ff6851fe000 	C:\Users\pc\Downloads\spring-tool-suite-4-4.19.0.RELEASE-e4.28.0-win32.win32.x86_64.self-extracting (1)\sts-4.19.0.RELEASE\plugins\org.eclipse.justj.openjdk.hotspot.jre.full.win32.x86_64_17.0.7.v20230425-1502\jre\bin\java.exe
0x00007ffb52110000 - 0x00007ffb52308000 	C:\WINDOWS\SYSTEM32\ntdll.dll
0x00007ffb510f0000 - 0x00007ffb511ad000 	C:\WINDOWS\System32\KERNEL32.DLL
0x00007ffb4fee0000 - 0x00007ffb501d6000 	C:\WINDOWS\System32\KERNELBASE.dll
0x00007ffb4f860000 - 0x00007ffb4f960000 	C:\WINDOWS\System32\ucrtbase.dll
0x00007ffb36e10000 - 0x00007ffb36e27000 	C:\Users\pc\Downloads\spring-tool-suite-4-4.19.0.RELEASE-e4.28.0-win32.win32.x86_64.self-extracting (1)\sts-4.19.0.RELEASE\plugins\org.eclipse.justj.openjdk.hotspot.jre.full.win32.x86_64_17.0.7.v20230425-1502\jre\bin\jli.dll
0x00007ffb366d0000 - 0x00007ffb366e9000 	C:\Users\pc\Downloads\spring-tool-suite-4-4.19.0.RELEASE-e4.28.0-win32.win32.x86_64.self-extracting (1)\sts-4.19.0.RELEASE\plugins\org.eclipse.justj.openjdk.hotspot.jre.full.win32.x86_64_17.0.7.v20230425-1502\jre\bin\VCRUNTIME140.dll
0x00007ffb50e50000 - 0x00007ffb50fee000 	C:\WINDOWS\System32\USER32.dll
0x00007ffb4fe10000 - 0x00007ffb4fe32000 	C:\WINDOWS\System32\win32u.dll
0x00007ffb42400000 - 0x00007ffb4269a000 	C:\WINDOWS\WinSxS\amd64_microsoft.windows.common-controls_6595b64144ccf1df_6.0.19041.3636_none_60b6a03d71f818d5\COMCTL32.dll
0x00007ffb510c0000 - 0x00007ffb510eb000 	C:\WINDOWS\System32\GDI32.dll
0x00007ffb50cd0000 - 0x00007ffb50d6e000 	C:\WINDOWS\System32\msvcrt.dll
0x00007ffb4fcf0000 - 0x00007ffb4fe07000 	C:\WINDOWS\System32\gdi32full.dll
0x00007ffb4fe40000 - 0x00007ffb4fedd000 	C:\WINDOWS\System32\msvcp_win.dll
0x00007ffb501e0000 - 0x00007ffb50212000 	C:\WINDOWS\System32\IMM32.DLL
0x00007ffb4b3f0000 - 0x00007ffb4b3fc000 	C:\Users\pc\Downloads\spring-tool-suite-4-4.19.0.RELEASE-e4.28.0-win32.win32.x86_64.self-extracting (1)\sts-4.19.0.RELEASE\plugins\org.eclipse.justj.openjdk.hotspot.jre.full.win32.x86_64_17.0.7.v20230425-1502\jre\bin\vcruntime140_1.dll
0x00007ffb35040000 - 0x00007ffb350d1000 	C:\Users\pc\Downloads\spring-tool-suite-4-4.19.0.RELEASE-e4.28.0-win32.win32.x86_64.self-extracting (1)\sts-4.19.0.RELEASE\plugins\org.eclipse.justj.openjdk.hotspot.jre.full.win32.x86_64_17.0.7.v20230425-1502\jre\bin\msvcp140.dll
0x00007ffaf08c0000 - 0x00007ffaf1508000 	C:\Users\pc\Downloads\spring-tool-suite-4-4.19.0.RELEASE-e4.28.0-win32.win32.x86_64.self-extracting (1)\sts-4.19.0.RELEASE\plugins\org.eclipse.justj.openjdk.hotspot.jre.full.win32.x86_64_17.0.7.v20230425-1502\jre\bin\server\jvm.dll
0x00007ffb51920000 - 0x00007ffb519d3000 	C:\WINDOWS\System32\ADVAPI32.dll
0x00007ffb51de0000 - 0x00007ffb51e7f000 	C:\WINDOWS\System32\sechost.dll
0x00007ffb51ca0000 - 0x00007ffb51dc6000 	C:\WINDOWS\System32\RPCRT4.dll
0x00007ffb4fa80000 - 0x00007ffb4faa7000 	C:\WINDOWS\System32\bcrypt.dll
0x00007ffb49070000 - 0x00007ffb49079000 	C:\WINDOWS\SYSTEM32\WSOCK32.dll
0x00007ffb43890000 - 0x00007ffb438b7000 	C:\WINDOWS\SYSTEM32\WINMM.dll
0x00007ffb4b040000 - 0x00007ffb4b04a000 	C:\WINDOWS\SYSTEM32\VERSION.dll
0x00007ffb52060000 - 0x00007ffb520cb000 	C:\WINDOWS\System32\WS2_32.dll
0x00007ffb4d600000 - 0x00007ffb4d612000 	C:\WINDOWS\SYSTEM32\kernel.appcore.dll
0x00007ffb3d4c0000 - 0x00007ffb3d4ca000 	C:\Users\pc\Downloads\spring-tool-suite-4-4.19.0.RELEASE-e4.28.0-win32.win32.x86_64.self-extracting (1)\sts-4.19.0.RELEASE\plugins\org.eclipse.justj.openjdk.hotspot.jre.full.win32.x86_64_17.0.7.v20230425-1502\jre\bin\jimage.dll
0x00007ffb37720000 - 0x00007ffb37904000 	C:\WINDOWS\SYSTEM32\DBGHELP.DLL
0x00007ffb37670000 - 0x00007ffb376a4000 	C:\WINDOWS\SYSTEM32\dbgcore.DLL
0x00007ffb4fc60000 - 0x00007ffb4fce2000 	C:\WINDOWS\System32\bcryptPrimitives.dll
0x00007ffb35830000 - 0x00007ffb35855000 	C:\Users\pc\Downloads\spring-tool-suite-4-4.19.0.RELEASE-e4.28.0-win32.win32.x86_64.self-extracting (1)\sts-4.19.0.RELEASE\plugins\org.eclipse.justj.openjdk.hotspot.jre.full.win32.x86_64_17.0.7.v20230425-1502\jre\bin\java.dll
0x00007ffb35240000 - 0x00007ffb35258000 	C:\Users\pc\Downloads\spring-tool-suite-4-4.19.0.RELEASE-e4.28.0-win32.win32.x86_64.self-extracting (1)\sts-4.19.0.RELEASE\plugins\org.eclipse.justj.openjdk.hotspot.jre.full.win32.x86_64_17.0.7.v20230425-1502\jre\bin\zip.dll
0x00007ffb50220000 - 0x00007ffb50965000 	C:\WINDOWS\System32\SHELL32.dll
0x00007ffb4d910000 - 0x00007ffb4e0ac000 	C:\WINDOWS\SYSTEM32\windows.storage.dll
0x00007ffb50970000 - 0x00007ffb50cc4000 	C:\WINDOWS\System32\combase.dll
0x00007ffb4f1c0000 - 0x00007ffb4f1ee000 	C:\WINDOWS\SYSTEM32\Wldp.dll
0x00007ffb50ff0000 - 0x00007ffb510bd000 	C:\WINDOWS\System32\OLEAUT32.dll
0x00007ffb51fb0000 - 0x00007ffb5205d000 	C:\WINDOWS\System32\SHCORE.dll
0x00007ffb51700000 - 0x00007ffb51755000 	C:\WINDOWS\System32\shlwapi.dll
0x00007ffb4f790000 - 0x00007ffb4f7b5000 	C:\WINDOWS\SYSTEM32\profapi.dll
0x00007ffb35220000 - 0x00007ffb35239000 	C:\Users\pc\Downloads\spring-tool-suite-4-4.19.0.RELEASE-e4.28.0-win32.win32.x86_64.self-extracting (1)\sts-4.19.0.RELEASE\plugins\org.eclipse.justj.openjdk.hotspot.jre.full.win32.x86_64_17.0.7.v20230425-1502\jre\bin\net.dll
0x00007ffb469f0000 - 0x00007ffb46afa000 	C:\WINDOWS\SYSTEM32\WINHTTP.dll
0x00007ffb4ef20000 - 0x00007ffb4ef8a000 	C:\WINDOWS\system32\mswsock.dll
0x00007ffb35200000 - 0x00007ffb35215000 	C:\Users\pc\Downloads\spring-tool-suite-4-4.19.0.RELEASE-e4.28.0-win32.win32.x86_64.self-extracting (1)\sts-4.19.0.RELEASE\plugins\org.eclipse.justj.openjdk.hotspot.jre.full.win32.x86_64_17.0.7.v20230425-1502\jre\bin\nio.dll
0x00007ffb37ba0000 - 0x00007ffb37ba9000 	C:\Users\pc\Downloads\spring-tool-suite-4-4.19.0.RELEASE-e4.28.0-win32.win32.x86_64.self-extracting (1)\sts-4.19.0.RELEASE\plugins\org.eclipse.justj.openjdk.hotspot.jre.full.win32.x86_64_17.0.7.v20230425-1502\jre\bin\management.dll
0x00007ffb36570000 - 0x00007ffb3657b000 	C:\Users\pc\Downloads\spring-tool-suite-4-4.19.0.RELEASE-e4.28.0-win32.win32.x86_64.self-extracting (1)\sts-4.19.0.RELEASE\plugins\org.eclipse.justj.openjdk.hotspot.jre.full.win32.x86_64_17.0.7.v20230425-1502\jre\bin\management_ext.dll
0x00007ffb51910000 - 0x00007ffb51918000 	C:\WINDOWS\System32\PSAPI.DLL
0x00007ffb4b400000 - 0x00007ffb4b40e000 	C:\Users\pc\Downloads\spring-tool-suite-4-4.19.0.RELEASE-e4.28.0-win32.win32.x86_64.self-extracting (1)\sts-4.19.0.RELEASE\plugins\org.eclipse.justj.openjdk.hotspot.jre.full.win32.x86_64_17.0.7.v20230425-1502\jre\bin\sunmscapi.dll
0x00007ffb4fb00000 - 0x00007ffb4fc5d000 	C:\WINDOWS\System32\CRYPT32.dll
0x00007ffb4f230000 - 0x00007ffb4f258000 	C:\WINDOWS\SYSTEM32\ncrypt.dll
0x00007ffb4f1f0000 - 0x00007ffb4f22b000 	C:\WINDOWS\SYSTEM32\NTASN1.dll
0x00007ffb4f120000 - 0x00007ffb4f138000 	C:\WINDOWS\SYSTEM32\CRYPTSP.dll
0x00007ffb4e850000 - 0x00007ffb4e884000 	C:\WINDOWS\system32\rsaenh.dll
0x00007ffb4f710000 - 0x00007ffb4f73e000 	C:\WINDOWS\SYSTEM32\USERENV.dll
0x00007ffb4f110000 - 0x00007ffb4f11c000 	C:\WINDOWS\SYSTEM32\CRYPTBASE.dll
0x00007ffb4ec10000 - 0x00007ffb4ec4b000 	C:\WINDOWS\SYSTEM32\IPHLPAPI.DLL
0x00007ffb51e80000 - 0x00007ffb51e88000 	C:\WINDOWS\System32\NSI.dll
0x00007ffb47550000 - 0x00007ffb47567000 	C:\WINDOWS\SYSTEM32\dhcpcsvc6.DLL
0x00007ffb47ec0000 - 0x00007ffb47edd000 	C:\WINDOWS\SYSTEM32\dhcpcsvc.DLL
0x00007ffb4ec60000 - 0x00007ffb4ed2b000 	C:\WINDOWS\SYSTEM32\DNSAPI.dll
0x00007ffb49040000 - 0x00007ffb49050000 	C:\Users\pc\Downloads\spring-tool-suite-4-4.19.0.RELEASE-e4.28.0-win32.win32.x86_64.self-extracting (1)\sts-4.19.0.RELEASE\plugins\org.eclipse.justj.openjdk.hotspot.jre.full.win32.x86_64_17.0.7.v20230425-1502\jre\bin\verify.dll
0x00007ffb41200000 - 0x00007ffb4120a000 	C:\Windows\System32\rasadhlp.dll
0x00007ffb42080000 - 0x00007ffb42100000 	C:\WINDOWS\System32\fwpuclnt.dll

dbghelp: loaded successfully - version: 4.0.5 - missing functions: none
symbol engine: initialized successfully - sym options: 0x614 - pdb path: .;C:\Users\pc\Downloads\spring-tool-suite-4-4.19.0.RELEASE-e4.28.0-win32.win32.x86_64.self-extracting (1)\sts-4.19.0.RELEASE\plugins\org.eclipse.justj.openjdk.hotspot.jre.full.win32.x86_64_17.0.7.v20230425-1502\jre\bin;C:\WINDOWS\SYSTEM32;C:\WINDOWS\WinSxS\amd64_microsoft.windows.common-controls_6595b64144ccf1df_6.0.19041.3636_none_60b6a03d71f818d5;C:\Users\pc\Downloads\spring-tool-suite-4-4.19.0.RELEASE-e4.28.0-win32.win32.x86_64.self-extracting (1)\sts-4.19.0.RELEASE\plugins\org.eclipse.justj.openjdk.hotspot.jre.full.win32.x86_64_17.0.7.v20230425-1502\jre\bin\server

VM Arguments:
java_command: C:\Users\pc\AppData\Local\Temp\surefire3129936175038181665\surefirebooter-20240220232919557_3.jar C:\Users\pc\AppData\Local\Temp\surefire3129936175038181665 2024-02-20T23-29-18_593-jvmRun1 surefire-20240220232919557_1tmp surefire_0-20240220232919557_2tmp
java_class_path (initial): C:\Users\pc\AppData\Local\Temp\surefire3129936175038181665\surefirebooter-20240220232919557_3.jar
Launcher Type: SUN_STANDARD

[Global flags]
     intx CICompilerCount                          = 3                                         {product} {ergonomic}
     uint ConcGCThreads                            = 1                                         {product} {ergonomic}
     uint G1ConcRefinementThreads                  = 4                                         {product} {ergonomic}
   size_t G1HeapRegionSize                         = 1048576                                   {product} {ergonomic}
    uintx GCDrainStackTargetSize                   = 64                                        {product} {ergonomic}
   size_t InitialHeapSize                          = 134217728                                 {product} {ergonomic}
   size_t MarkStackSize                            = 4194304                                   {product} {ergonomic}
   size_t MaxHeapSize                              = 2126512128                                {product} {ergonomic}
   size_t MaxNewSize                               = 1275068416                                {product} {ergonomic}
   size_t MinHeapDeltaBytes                        = 1048576                                   {product} {ergonomic}
   size_t MinHeapSize                              = 8388608                                   {product} {ergonomic}
    uintx NonNMethodCodeHeapSize                   = 5832780                                {pd product} {ergonomic}
    uintx NonProfiledCodeHeapSize                  = 122912730                              {pd product} {ergonomic}
    uintx ProfiledCodeHeapSize                     = 122912730                              {pd product} {ergonomic}
    uintx ReservedCodeCacheSize                    = 251658240                              {pd product} {ergonomic}
     bool SegmentedCodeCache                       = true                                      {product} {ergonomic}
   size_t SoftMaxHeapSize                          = 2126512128                             {manageable} {ergonomic}
     bool UseCompressedClassPointers               = true                           {product lp64_product} {ergonomic}
     bool UseCompressedOops                        = true                           {product lp64_product} {ergonomic}
     bool UseG1GC                                  = true                                      {product} {ergonomic}
     bool UseLargePagesIndividualAllocation        = false                                  {pd product} {ergonomic}

Logging:
Log output configuration:
 #0: stdout all=warning uptime,level,tags
 #1: stderr all=off uptime,level,tags

Environment Variables:
JAVA_HOME=C:\Program Files\Java\jdk-19
PATH=C:/Users/pc/Downloads/spring-tool-suite-4-4.19.0.RELEASE-e4.28.0-win32.win32.x86_64.self-extracting (1)/sts-4.19.0.RELEASE//plugins/org.eclipse.justj.openjdk.hotspot.jre.full.win32.x86_64_17.0.7.v20230425-1502/jre/bin/server;C:/Users/pc/Downloads/spring-tool-suite-4-4.19.0.RELEASE-e4.28.0-win32.win32.x86_64.self-extracting (1)/sts-4.19.0.RELEASE//plugins/org.eclipse.justj.openjdk.hotspot.jre.full.win32.x86_64_17.0.7.v20230425-1502/jre/bin;C:\Program Files\Common Files\Oracle\Java\javapath;C:\Program Files (x86)\AMD APP\bin\x86_64;C:\Program Files (x86)\AMD APP\bin\x86;C:\WINDOWS\system32;C:\WINDOWS;C:\WINDOWS\System32\Wbem;C:\WINDOWS\System32\WindowsPowerShell\v1.0\;C:\Program Files\nodejs\;C:\Program Files (x86)\Intel\OpenCL SDK\3.0\bin\x86;C:\Program Files (x86)\Intel\OpenCL SDK\3.0\bin\x64;C:\WINDOWS\System32\OpenSSH\;C:\Program Files\Java\jdk-1.bin;C:\Program Files\Java\jdk-19\bin;C:\Program Files\Git\cmd;C:\Program Files (x86)\Common Files\DivX Shared\DesktopService;C:\xampp\php;C:\composer;C:\Program Files\PuTTY\;C:\Program Files\Amazon\AWSCLIV2\;C:\Users\pc\AppData\Local\Microsoft\WindowsApps;C:\Users\pc\AppData\Local\Programs\Microsoft VS Code\bin;C:\Users\pc\AppData\Roaming\npm;C:\Users\pc\AppData\Local\GitHubDesktop\bin;C:\Users\pc\AppData\Roaming\Composer\vendor\bin;C:\Users\pc\Downloads\spring-tool-suite-4-4.19.0.RELEASE-e4.28.0-win32.win32.x86_64.self-extracting (1)\sts-4.19.0.RELEASE;
USERNAME=pc
OS=Windows_NT
PROCESSOR_IDENTIFIER=Intel64 Family 6 Model 60 Stepping 3, GenuineIntel
TMP=C:\Users\pc\AppData\Local\Temp
TEMP=C:\Users\pc\AppData\Local\Temp



---------------  S Y S T E M  ---------------

OS:
 Windows 10 , 64 bit Build 19041 (10.0.19041.3636)
OS uptime: 0 days 14:55 hours

CPU: total 4 (initial active 4) (2 cores per cpu, 2 threads per core) family 6 model 60 stepping 3 microcode 0x27, cx8, cmov, fxsr, ht, mmx, sse, sse2, sse3, ssse3, sse4.1, sse4.2, popcnt, lzcnt, tsc, tscinvbit, avx, avx2, aes, erms, clmul, bmi1, bmi2, fma, vzeroupper, clflush

Memory: 4k page, system-wide physical 8107M (502M free)
TotalPageFile size 9996M (AvailPageFile size 333M)
current process WorkingSet (physical memory assigned to process): 373M, peak: 376M
current process commit charge ("private bytes"): 397M, peak: 402M

vm_info: OpenJDK 64-Bit Server VM (17.0.7+7) for windows-amd64 JRE (17.0.7+7), built on Apr 18 2023 22:10:42 by "temurin" with MS VC++ 16.7 (VS2019)

END.
