#
# A fatal error has been detected by the Java Runtime Environment:
#
#  EXCEPTION_UNCAUGHT_CXX_EXCEPTION (0xe06d7363) at pc=0x00007ffbd7f5cf19, pid=7228, tid=12840
#
# JRE version: OpenJDK Runtime Environment Temurin-17.0.7+7 (17.0.7+7) (build 17.0.7+7)
# Java VM: OpenJDK 64-Bit Server VM Temurin-17.0.7+7 (17.0.7+7, mixed mode, emulated-client, tiered, compressed oops, compressed class ptrs, g1 gc, windows-amd64)
# Problematic frame:
# C  [KERNELBASE.dll+0x2cf19]
#
# No core dump will be written. Minidumps are not enabled by default on client versions of Windows
#
# If you would like to submit a bug report, please visit:
#   https://github.com/adoptium/adoptium-support/issues
#

---------------  S U M M A R Y ------------

Command Line: -Dcom.sun.management.jmxremote -Dcom.sun.management.jmxremote.port=62269 -Dcom.sun.management.jmxremote.authenticate=false -Dcom.sun.management.jmxremote.ssl=false -Djava.rmi.server.hostname=localhost -Dspring.jmx.enabled=true -Dmanagement.endpoints.jmx.exposure.include=* -Dspring.application.admin.enabled=true -XX:TieredStopAtLevel=1 -Dspring.boot.project.name=back-end-ecom -Dfile.encoding=UTF-8 -XX:+ShowCodeDetailsInExceptionMessages com.example.demo.BackEndEcomApplication --spring.output.ansi.enabled=always

Host: Intel(R) Core(TM) i5-4200M CPU @ 2.50GHz, 4 cores, 7G,  Windows 10 , 64 bit Build 19041 (10.0.19041.3636)
Time: Thu Feb 15 22:30:19 2024 Morocco Standard Time elapsed time: 2.329203 seconds (0d 0h 0m 2s)

---------------  T H R E A D  ---------------

Current thread (0x000001b65a9760e0):  JavaThread "RMI TCP Connection(2)-127.0.0.1" daemon [_thread_in_vm, id=12840, stack(0x00000058fe000000,0x00000058fe100000)]

Stack: [0x00000058fe000000,0x00000058fe100000],  sp=0x00000058fe0fc4c0,  free space=1009k
Native frames: (J=compiled Java code, j=interpreted, Vv=VM code, C=native code)
C  [KERNELBASE.dll+0x2cf19]
C  [VCRUNTIME140.dll+0x6220]
C  [jimage.dll+0x32a7]
C  [jimage.dll+0x2a15]
C  [jimage.dll+0x145b]
C  [jimage.dll+0x1e97]
C  [jimage.dll+0x1f2e]
C  [jimage.dll+0x2666]
V  [jvm.dll+0x1f33dd]
V  [jvm.dll+0x1f2002]
V  [jvm.dll+0x7af05b]
V  [jvm.dll+0x7b0402]
V  [jvm.dll+0x7b0738]
V  [jvm.dll+0x74f521]
V  [jvm.dll+0x6bf357]
V  [jvm.dll+0x6c0c68]
V  [jvm.dll+0x40d61a]
V  [jvm.dll+0x418c6d]
C  0x000001b64bf6d0a8

Java frames: (J=compiled Java code, j=interpreted, Vv=VM code)
j  java.lang.Class.getDeclaredMethods0(Z)[Ljava/lang/reflect/Method;+0 java.base@17.0.7
j  java.lang.Class.privateGetDeclaredMethods(Z)[Ljava/lang/reflect/Method;+34 java.base@17.0.7
j  java.lang.Class.getDeclaredMethod(Ljava/lang/String;[Ljava/lang/Class;)Ljava/lang/reflect/Method;+25 java.base@17.0.7
j  java.io.ObjectStreamClass.getPrivateMethod(Ljava/lang/Class;Ljava/lang/String;[Ljava/lang/Class;Ljava/lang/Class;)Ljava/lang/reflect/Method;+3 java.base@17.0.7
j  java.io.ObjectStreamClass$2.run()Ljava/lang/Void;+238 java.base@17.0.7
j  java.io.ObjectStreamClass$2.run()Ljava/lang/Object;+1 java.base@17.0.7
J 849 c1 java.security.AccessController.doPrivileged(Ljava/security/PrivilegedAction;)Ljava/lang/Object; java.base@17.0.7 (9 bytes) @ 0x000001b64c2a407c [0x000001b64c2a4040+0x000000000000003c]
j  java.io.ObjectStreamClass.<init>(Ljava/lang/Class;)V+111 java.base@17.0.7
j  java.io.ObjectStreamClass$Caches$1.computeValue(Ljava/lang/Class;)Ljava/io/ObjectStreamClass;+5 java.base@17.0.7
j  java.io.ObjectStreamClass$Caches$1.computeValue(Ljava/lang/Class;)Ljava/lang/Object;+2 java.base@17.0.7
j  java.io.ClassCache$1.computeValue(Ljava/lang/Class;)Ljava/io/ClassCache$CacheRef;+5 java.base@17.0.7
j  java.io.ClassCache$1.computeValue(Ljava/lang/Class;)Ljava/lang/Object;+2 java.base@17.0.7
j  java.lang.ClassValue.getFromHashMap(Ljava/lang/Class;)Ljava/lang/Object;+29 java.base@17.0.7
j  java.lang.ClassValue.getFromBackup([Ljava/lang/ClassValue$Entry;Ljava/lang/Class;)Ljava/lang/Object;+17 java.base@17.0.7
j  java.lang.ClassValue.get(Ljava/lang/Class;)Ljava/lang/Object;+27 java.base@17.0.7
j  java.io.ClassCache.get(Ljava/lang/Class;)Ljava/lang/Object;+9 java.base@17.0.7
j  java.io.ObjectStreamClass.lookup(Ljava/lang/Class;Z)Ljava/io/ObjectStreamClass;+19 java.base@17.0.7
j  java.io.ObjectStreamClass.<init>(Ljava/lang/Class;)V+80 java.base@17.0.7
j  java.io.ObjectStreamClass$Caches$1.computeValue(Ljava/lang/Class;)Ljava/io/ObjectStreamClass;+5 java.base@17.0.7
j  java.io.ObjectStreamClass$Caches$1.computeValue(Ljava/lang/Class;)Ljava/lang/Object;+2 java.base@17.0.7
j  java.io.ClassCache$1.computeValue(Ljava/lang/Class;)Ljava/io/ClassCache$CacheRef;+5 java.base@17.0.7
j  java.io.ClassCache$1.computeValue(Ljava/lang/Class;)Ljava/lang/Object;+2 java.base@17.0.7
j  java.lang.ClassValue.getFromHashMap(Ljava/lang/Class;)Ljava/lang/Object;+29 java.base@17.0.7
j  java.lang.ClassValue.getFromBackup([Ljava/lang/ClassValue$Entry;Ljava/lang/Class;)Ljava/lang/Object;+17 java.base@17.0.7
j  java.lang.ClassValue.get(Ljava/lang/Class;)Ljava/lang/Object;+27 java.base@17.0.7
j  java.io.ClassCache.get(Ljava/lang/Class;)Ljava/lang/Object;+9 java.base@17.0.7
j  java.io.ObjectStreamClass.lookup(Ljava/lang/Class;Z)Ljava/io/ObjectStreamClass;+19 java.base@17.0.7
j  java.io.ObjectStreamClass.<init>(Ljava/lang/Class;)V+80 java.base@17.0.7
j  java.io.ObjectStreamClass$Caches$1.computeValue(Ljava/lang/Class;)Ljava/io/ObjectStreamClass;+5 java.base@17.0.7
j  java.io.ObjectStreamClass$Caches$1.computeValue(Ljava/lang/Class;)Ljava/lang/Object;+2 java.base@17.0.7
j  java.io.ClassCache$1.computeValue(Ljava/lang/Class;)Ljava/io/ClassCache$CacheRef;+5 java.base@17.0.7
j  java.io.ClassCache$1.computeValue(Ljava/lang/Class;)Ljava/lang/Object;+2 java.base@17.0.7
j  java.lang.ClassValue.getFromHashMap(Ljava/lang/Class;)Ljava/lang/Object;+29 java.base@17.0.7
j  java.lang.ClassValue.getFromBackup([Ljava/lang/ClassValue$Entry;Ljava/lang/Class;)Ljava/lang/Object;+17 java.base@17.0.7
j  java.lang.ClassValue.get(Ljava/lang/Class;)Ljava/lang/Object;+27 java.base@17.0.7
j  java.io.ClassCache.get(Ljava/lang/Class;)Ljava/lang/Object;+9 java.base@17.0.7
j  java.io.ObjectStreamClass.lookup(Ljava/lang/Class;Z)Ljava/io/ObjectStreamClass;+19 java.base@17.0.7
j  java.io.ObjectStreamClass.<init>(Ljava/lang/Class;)V+80 java.base@17.0.7
j  java.io.ObjectStreamClass$Caches$1.computeValue(Ljava/lang/Class;)Ljava/io/ObjectStreamClass;+5 java.base@17.0.7
j  java.io.ObjectStreamClass$Caches$1.computeValue(Ljava/lang/Class;)Ljava/lang/Object;+2 java.base@17.0.7
j  java.io.ClassCache$1.computeValue(Ljava/lang/Class;)Ljava/io/ClassCache$CacheRef;+5 java.base@17.0.7
j  java.io.ClassCache$1.computeValue(Ljava/lang/Class;)Ljava/lang/Object;+2 java.base@17.0.7
j  java.lang.ClassValue.getFromHashMap(Ljava/lang/Class;)Ljava/lang/Object;+29 java.base@17.0.7
j  java.lang.ClassValue.getFromBackup([Ljava/lang/ClassValue$Entry;Ljava/lang/Class;)Ljava/lang/Object;+17 java.base@17.0.7
j  java.lang.ClassValue.get(Ljava/lang/Class;)Ljava/lang/Object;+27 java.base@17.0.7
j  java.io.ClassCache.get(Ljava/lang/Class;)Ljava/lang/Object;+9 java.base@17.0.7
j  java.io.ObjectStreamClass.lookup(Ljava/lang/Class;Z)Ljava/io/ObjectStreamClass;+19 java.base@17.0.7
j  java.io.ObjectStreamClass.<init>(Ljava/lang/Class;)V+80 java.base@17.0.7
j  java.io.ObjectStreamClass$Caches$1.computeValue(Ljava/lang/Class;)Ljava/io/ObjectStreamClass;+5 java.base@17.0.7
j  java.io.ObjectStreamClass$Caches$1.computeValue(Ljava/lang/Class;)Ljava/lang/Object;+2 java.base@17.0.7
j  java.io.ClassCache$1.computeValue(Ljava/lang/Class;)Ljava/io/ClassCache$CacheRef;+5 java.base@17.0.7
j  java.io.ClassCache$1.computeValue(Ljava/lang/Class;)Ljava/lang/Object;+2 java.base@17.0.7
j  java.lang.ClassValue.getFromHashMap(Ljava/lang/Class;)Ljava/lang/Object;+29 java.base@17.0.7
j  java.lang.ClassValue.getFromBackup([Ljava/lang/ClassValue$Entry;Ljava/lang/Class;)Ljava/lang/Object;+17 java.base@17.0.7
j  java.lang.ClassValue.get(Ljava/lang/Class;)Ljava/lang/Object;+27 java.base@17.0.7
j  java.io.ClassCache.get(Ljava/lang/Class;)Ljava/lang/Object;+9 java.base@17.0.7
j  java.io.ObjectStreamClass.lookup(Ljava/lang/Class;Z)Ljava/io/ObjectStreamClass;+19 java.base@17.0.7
j  java.io.ObjectOutputStream.writeObject0(Ljava/lang/Object;Z)V+185 java.base@17.0.7
j  java.io.ObjectOutputStream.writeObject(Ljava/lang/Object;)V+16 java.base@17.0.7
j  sun.rmi.server.UnicastServerRef.dispatch(Ljava/rmi/Remote;Ljava/rmi/server/RemoteCall;)V+433 java.rmi@17.0.7
j  sun.rmi.transport.Transport$1.run()Ljava/lang/Void;+23 java.rmi@17.0.7
j  sun.rmi.transport.Transport$1.run()Ljava/lang/Object;+1 java.rmi@17.0.7
j  java.security.AccessController.executePrivileged(Ljava/security/PrivilegedExceptionAction;Ljava/security/AccessControlContext;Ljava/lang/Class;)Ljava/lang/Object;+29 java.base@17.0.7
j  java.security.AccessController.doPrivileged(Ljava/security/PrivilegedExceptionAction;Ljava/security/AccessControlContext;)Ljava/lang/Object;+13 java.base@17.0.7
j  sun.rmi.transport.Transport.serviceCall(Ljava/rmi/server/RemoteCall;)Z+157 java.rmi@17.0.7
j  sun.rmi.transport.tcp.TCPTransport.handleMessages(Lsun/rmi/transport/Connection;Z)V+145 java.rmi@17.0.7
j  sun.rmi.transport.tcp.TCPTransport$ConnectionHandler.run0()V+522 java.rmi@17.0.7
j  sun.rmi.transport.tcp.TCPTransport$ConnectionHandler.lambda$run$0()Ljava/lang/Void;+1 java.rmi@17.0.7
j  sun.rmi.transport.tcp.TCPTransport$ConnectionHandler$$Lambda$100+0x000000010012ad00.run()Ljava/lang/Object;+4 java.rmi@17.0.7
J 847 c1 java.security.AccessController.executePrivileged(Ljava/security/PrivilegedAction;Ljava/security/AccessControlContext;Ljava/lang/Class;)Ljava/lang/Object; java.base@17.0.7 (65 bytes) @ 0x000001b64c2a3d0c [0x000001b64c2a3cc0+0x000000000000004c]
j  java.security.AccessController.doPrivileged(Ljava/security/PrivilegedAction;Ljava/security/AccessControlContext;)Ljava/lang/Object;+13 java.base@17.0.7
j  sun.rmi.transport.tcp.TCPTransport$ConnectionHandler.run()V+37 java.rmi@17.0.7
j  java.util.concurrent.ThreadPoolExecutor.runWorker(Ljava/util/concurrent/ThreadPoolExecutor$Worker;)V+92 java.base@17.0.7
j  java.util.concurrent.ThreadPoolExecutor$Worker.run()V+5 java.base@17.0.7
j  java.lang.Thread.run()V+11 java.base@17.0.7
v  ~StubRoutines::call_stub

siginfo: EXCEPTION_UNCAUGHT_CXX_EXCEPTION (0xe06d7363), ExceptionInformation=0x0000000019930520 0x00000058fe0fc620 0x00007ffbb9045138 0x00007ffbb9040000 


Register to memory mapping:

RIP=0x00007ffbd7f5cf19 KERNELBASE.dll
RAX=0x0000000000000007 is an unknown value
RBX=0x00007ffbb9045138 jimage.dll
RCX=0x000001b6563c8da0 is pointing into metadata
RDX=0x0000002700000015 is an unknown value
RSP=0x00000058fe0fc4c0 is pointing into the stack for thread: 0x000001b65a9760e0
RBP=0x00000058fe0fc750 is pointing into the stack for thread: 0x000001b65a9760e0
RSI=0x00000058fe0fc620 is pointing into the stack for thread: 0x000001b65a9760e0
RDI=0x0000000019930520 is an unknown value
R8 =0x0000000000000001 is an unknown value
R9 =0x00000058fe0fbe60 is pointing into the stack for thread: 0x000001b65a9760e0
R10=0x00007ffb565a8ad0 is an unknown value
R11=0x00000000565a8a28 is an unknown value
R12=0x0000000000002c35 is an unknown value
R13=0x000001b65a93e130 points into unknown readable memory: 0x2f6f692f6176616a | 6a 61 76 61 2f 69 6f 2f
R14=0x000001b65a8e7cc0 points into unknown readable memory: 0x0000000000000000 | 00 00 00 00 00 00 00 00
R15=0x000001b65a8e7cc0 points into unknown readable memory: 0x0000000000000000 | 00 00 00 00 00 00 00 00


Registers:
RAX=0x0000000000000007, RBX=0x00007ffbb9045138, RCX=0x000001b6563c8da0, RDX=0x0000002700000015
RSP=0x00000058fe0fc4c0, RBP=0x00000058fe0fc750, RSI=0x00000058fe0fc620, RDI=0x0000000019930520
R8 =0x0000000000000001, R9 =0x00000058fe0fbe60, R10=0x00007ffb565a8ad0, R11=0x00000000565a8a28
R12=0x0000000000002c35, R13=0x000001b65a93e130, R14=0x000001b65a8e7cc0, R15=0x000001b65a8e7cc0
RIP=0x00007ffbd7f5cf19, EFLAGS=0x0000000000000202

Top of Stack: (sp=0x00000058fe0fc4c0)
0x00000058fe0fc4c0:   00000002466802ac 00007ffbb9045138
0x00000058fe0fc4d0:   00000058fe0fc620 0000000000000000
0x00000058fe0fc4e0:   00000001e06d7363 0000000000000000
0x00000058fe0fc4f0:   00007ffbd7f5cf19 000001b600000004
0x00000058fe0fc500:   0000000019930520 00000058fe0fc620
0x00000058fe0fc510:   00007ffbb9045138 00007ffbb9040000
0x00000058fe0fc520:   000001b65a93e130 0000000000002c35
0x00000058fe0fc530:   00000058fe0fc620 00000058fe0fc750
0x00000058fe0fc540:   00000058fe0fc5c0 00007ffbda6c4a5f
0x00000058fe0fc550:   0000000019930520 0000000000000000
0x00000058fe0fc560:   00000000c7ccc88e 00007ffbda6e07c0
0x00000058fe0fc570:   00007ffbb9047000 00007ffbb9040000
0x00000058fe0fc580:   00004e2dadb5181b 00007ffbd7f80fbb
0x00000058fe0fc590:   00007ffbb9045138 00007ffb985e6220
0x00000058fe0fc5a0:   0000148a70d46a6c 0000000000000010
0x00000058fe0fc5b0:   0000000000000008 00007ffbd83b39ce 

Instructions: (pc=0x00007ffbd7f5cf19)
0x00007ffbd7f5ce19:   09 00 48 8b 84 24 b8 00 00 00 48 8b 8c 24 b0 05
0x00007ffbd7f5ce29:   00 00 48 33 cc e8 2d 8a 06 00 48 81 c4 c0 05 00
0x00007ffbd7f5ce39:   00 41 5f 41 5e 41 5d 5e 5b c3 cc 48 ff 15 9d 80
0x00007ffbd7f5ce49:   1b 00 0f 1f 44 00 00 eb b0 cc cc cc cc cc cc cc
0x00007ffbd7f5ce59:   cc cc cc cc cc cc cc 40 53 48 83 ec 30 48 8b d1
0x00007ffbd7f5ce69:   48 8d 4c 24 20 e8 5d 23 00 00 85 c0 74 26 48 8b
0x00007ffbd7f5ce79:   4c 24 28 e8 ef 38 00 00 48 8d 4c 24 20 8b d8 48
0x00007ffbd7f5ce89:   ff 15 a1 7a 1b 00 0f 1f 44 00 00 8b c3 48 83 c4
0x00007ffbd7f5ce99:   30 5b c3 cc 83 c8 ff eb f4 cc cc cc cc cc cc cc
0x00007ffbd7f5cea9:   cc cc cc cc cc cc cc 48 81 ec d8 00 00 00 48 8b
0x00007ffbd7f5ceb9:   05 e2 9f 28 00 48 33 c4 48 89 84 24 c0 00 00 00
0x00007ffbd7f5cec9:   48 83 64 24 28 00 48 8d 05 da ff ff ff 83 e2 01
0x00007ffbd7f5ced9:   89 4c 24 20 89 54 24 24 48 89 44 24 30 4d 85 c9
0x00007ffbd7f5cee9:   74 4c b8 0f 00 00 00 48 8d 4c 24 40 44 3b c0 49
0x00007ffbd7f5cef9:   8b d1 44 0f 47 c0 44 89 44 24 38 49 c1 e0 03 e8
0x00007ffbd7f5cf09:   3a 99 08 00 48 8d 4c 24 20 48 ff 15 ef 81 1b 00
0x00007ffbd7f5cf19:   0f 1f 44 00 00 48 8b 8c 24 c0 00 00 00 48 33 cc
0x00007ffbd7f5cf29:   e8 32 89 06 00 48 81 c4 d8 00 00 00 c3 cc 83 64
0x00007ffbd7f5cf39:   24 38 00 eb cf cc cc cc cc cc cc cc cc cc cc cc
0x00007ffbd7f5cf49:   cc cc cc cc cc cc cc 65 48 8b 04 25 30 00 00 00
0x00007ffbd7f5cf59:   8b 40 68 c3 cc cc cc cc cc cc cc cc cc cc cc cc
0x00007ffbd7f5cf69:   cc cc cc cc cc cc cc 48 89 5c 24 10 48 89 74 24
0x00007ffbd7f5cf79:   18 57 41 54 41 55 41 56 41 57 48 81 ec b0 02 00
0x00007ffbd7f5cf89:   00 48 8b 05 0f 9f 28 00 48 33 c4 48 89 84 24 a0
0x00007ffbd7f5cf99:   02 00 00 48 8d 15 bf e6 1b 00 48 85 c9 48 0f 45
0x00007ffbd7f5cfa9:   d1 48 89 94 24 80 00 00 00 48 83 c8 ff 48 ff c0
0x00007ffbd7f5cfb9:   80 3c 02 00 75 f7 48 ff c0 48 89 84 24 88 00 00
0x00007ffbd7f5cfc9:   00 48 89 94 24 90 00 00 00 4c 8d 8c 24 88 00 00
0x00007ffbd7f5cfd9:   00 33 d2 b9 06 00 01 40 44 8d 42 02 e8 c6 fe ff
0x00007ffbd7f5cfe9:   ff e9 f0 01 00 00 33 f6 48 89 74 24 60 45 33 ff
0x00007ffbd7f5cff9:   4c 89 7c 24 48 45 33 f6 4c 89 74 24 58 33 ff 48
0x00007ffbd7f5d009:   89 7c 24 50 e8 3e ff ff ff 89 44 24 40 48 39 35 


Stack slot to memory mapping:
stack at sp + 0 slots: 0x00000002466802ac is an unknown value
stack at sp + 1 slots: 0x00007ffbb9045138 jimage.dll
stack at sp + 2 slots: 0x00000058fe0fc620 is pointing into the stack for thread: 0x000001b65a9760e0
stack at sp + 3 slots: 0x0 is NULL
stack at sp + 4 slots: 0x00000001e06d7363 is an unknown value
stack at sp + 5 slots: 0x0 is NULL
stack at sp + 6 slots: 0x00007ffbd7f5cf19 KERNELBASE.dll
stack at sp + 7 slots: 0x000001b600000004 is an unknown value


---------------  P R O C E S S  ---------------

Threads class SMR info:
_java_thread_list=0x000001b65a94eb70, length=20, elements={
0x000001b6488b3750, 0x000001b65a013620, 0x000001b655ec61a0, 0x000001b655ea2650,
0x000001b655ea2de0, 0x000001b655ea47a0, 0x000001b655ea5150, 0x000001b655ea5bb0,
0x000001b655edea00, 0x000001b655e3d2a0, 0x000001b65a19a450, 0x000001b65a19cd80,
0x000001b65a1e5c10, 0x000001b65a7f9e10, 0x000001b65a93a060, 0x000001b65a93f9a0,
0x000001b65a956c00, 0x000001b65a9544c0, 0x000001b65a9760e0, 0x000001b65a735a10
}

Java Threads: ( => current thread )
  0x000001b6488b3750 JavaThread "main" [_thread_blocked, id=12324, stack(0x00000058fc600000,0x00000058fc700000)]
  0x000001b65a013620 JavaThread "Reference Handler" daemon [_thread_blocked, id=2396, stack(0x00000058fcd00000,0x00000058fce00000)]
  0x000001b655ec61a0 JavaThread "Finalizer" daemon [_thread_blocked, id=2872, stack(0x00000058fce00000,0x00000058fcf00000)]
  0x000001b655ea2650 JavaThread "Signal Dispatcher" daemon [_thread_blocked, id=12964, stack(0x00000058fcf00000,0x00000058fd000000)]
  0x000001b655ea2de0 JavaThread "Attach Listener" daemon [_thread_blocked, id=7052, stack(0x00000058fd000000,0x00000058fd100000)]
  0x000001b655ea47a0 JavaThread "Service Thread" daemon [_thread_blocked, id=13284, stack(0x00000058fd100000,0x00000058fd200000)]
  0x000001b655ea5150 JavaThread "Monitor Deflation Thread" daemon [_thread_blocked, id=2032, stack(0x00000058fd200000,0x00000058fd300000)]
  0x000001b655ea5bb0 JavaThread "C1 CompilerThread0" daemon [_thread_blocked, id=15104, stack(0x00000058fd300000,0x00000058fd400000)]
  0x000001b655edea00 JavaThread "Sweeper thread" daemon [_thread_blocked, id=9796, stack(0x00000058fd400000,0x00000058fd500000)]
  0x000001b655e3d2a0 JavaThread "Common-Cleaner" daemon [_thread_blocked, id=1096, stack(0x00000058fd500000,0x00000058fd600000)]
  0x000001b65a19a450 JavaThread "C1 CompilerThread1" daemon [_thread_blocked, id=13460, stack(0x00000058fd600000,0x00000058fd700000)]
  0x000001b65a19cd80 JavaThread "C1 CompilerThread2" daemon [_thread_blocked, id=13048, stack(0x00000058fd700000,0x00000058fd800000)]
  0x000001b65a1e5c10 JavaThread "Notification Thread" daemon [_thread_blocked, id=13268, stack(0x00000058fd800000,0x00000058fd900000)]
  0x000001b65a7f9e10 JavaThread "RMI TCP Accept-0" daemon [_thread_in_native, id=12348, stack(0x00000058fda00000,0x00000058fdb00000)]
  0x000001b65a93a060 JavaThread "RMI TCP Accept-62269" daemon [_thread_in_native, id=2088, stack(0x00000058fdb00000,0x00000058fdc00000)]
  0x000001b65a93f9a0 JavaThread "RMI TCP Connection(1)-127.0.0.1" daemon [_thread_in_native, id=15320, stack(0x00000058fdc00000,0x00000058fdd00000)]
  0x000001b65a956c00 JavaThread "RMI TCP Accept-0" daemon [_thread_in_native, id=14240, stack(0x00000058fdd00000,0x00000058fde00000)]
  0x000001b65a9544c0 JavaThread "RMI Scheduler(0)" daemon [_thread_blocked, id=13432, stack(0x00000058fdf00000,0x00000058fe000000)]
=>0x000001b65a9760e0 JavaThread "RMI TCP Connection(2)-127.0.0.1" daemon [_thread_in_vm, id=12840, stack(0x00000058fe000000,0x00000058fe100000)]
  0x000001b65a735a10 JavaThread "JMX server connection timeout 21" daemon [_thread_blocked, id=8684, stack(0x00000058fe500000,0x00000058fe600000)]

Other Threads:
  0x000001b655ebfa70 VMThread "VM Thread" [stack: 0x00000058fcc00000,0x00000058fcd00000] [id=13772] _threads_hazard_ptr=0x000001b65a94eb70
  0x000001b6488b4720 WatcherThread [stack: 0x00000058fde00000,0x00000058fdf00000] [id=12760]
  0x000001b64890ed20 GCTaskThread "GC Thread#0" [stack: 0x00000058fc700000,0x00000058fc800000] [id=7964]
  0x000001b65a969930 GCTaskThread "GC Thread#1" [stack: 0x00000058fe100000,0x00000058fe200000] [id=6560]
  0x000001b65a969be0 GCTaskThread "GC Thread#2" [stack: 0x00000058fe200000,0x00000058fe300000] [id=14216]
  0x000001b65a9b4400 GCTaskThread "GC Thread#3" [stack: 0x00000058fe300000,0x00000058fe400000] [id=14516]
  0x000001b64891f9e0 ConcurrentGCThread "G1 Main Marker" [stack: 0x00000058fc800000,0x00000058fc900000] [id=12604]
  0x000001b6489203f0 ConcurrentGCThread "G1 Conc#0" [stack: 0x00000058fc900000,0x00000058fca00000] [id=10372]
  0x000001b655d124c0 ConcurrentGCThread "G1 Refine#0" [stack: 0x00000058fca00000,0x00000058fcb00000] [id=10908]
  0x000001b65a9a7e90 ConcurrentGCThread "G1 Refine#1" [stack: 0x00000058fe400000,0x00000058fe500000] [id=2612]
  0x000001b648969950 ConcurrentGCThread "G1 Service" [stack: 0x00000058fcb00000,0x00000058fcc00000] [id=6272]

Threads with active compile tasks:

VM state: not at safepoint (normal execution)

VM Mutex/Monitor currently owned by a thread:  ([mutex/lock_event])
[0x000001b6488ae6f0] Compile_lock - owner thread: 0x000001b6488b3750

Heap address: 0x0000000081400000, size: 2028 MB, Compressed Oops mode: 32-bit

CDS archive(s) not mapped
Compressed class space mapped at: 0x0000000100000000-0x0000000140000000, reserved size: 1073741824
Narrow klass base: 0x0000000000000000, Narrow klass shift: 3, Narrow klass range: 0x140000000

GC Precious Log:
 CPUs: 4 total, 4 available
 Memory: 8107M
 Large Page Support: Disabled
 NUMA Support: Disabled
 Compressed Oops: Enabled (32-bit)
 Heap Region Size: 1M
 Heap Min Capacity: 8M
 Heap Initial Capacity: 128M
 Heap Max Capacity: 2028M
 Pre-touch: Disabled
 Parallel Workers: 4
 Concurrent Workers: 1
 Concurrent Refinement Workers: 4
 Periodic GC: Disabled

Heap:
 garbage-first heap   total 131072K, used 8737K [0x0000000081400000, 0x0000000100000000)
  region size 1024K, 4 young (4096K), 2 survivors (2048K)
 Metaspace       used 12947K, committed 13184K, reserved 1114112K
  class space    used 1336K, committed 1472K, reserved 1048576K

Heap Regions: E=young(eden), S=young(survivor), O=old, HS=humongous(starts), HC=humongous(continues), CS=collection set, F=free, OA=open archive, CA=closed archive, TAMS=top-at-mark-start (previous, next)
|   0|0x0000000081400000, 0x0000000081500000, 0x0000000081500000|100%|HS|  |TAMS 0x0000000081400000, 0x0000000081400000| Complete 
|   1|0x0000000081500000, 0x0000000081600000, 0x0000000081600000|100%|HS|  |TAMS 0x0000000081500000, 0x0000000081500000| Complete 
|   2|0x0000000081600000, 0x0000000081700000, 0x0000000081700000|100%| O|  |TAMS 0x0000000081600000, 0x0000000081600000| Untracked 
|   3|0x0000000081700000, 0x0000000081800000, 0x0000000081800000|100%| O|  |TAMS 0x0000000081700000, 0x0000000081700000| Untracked 
|   4|0x0000000081800000, 0x0000000081900000, 0x0000000081900000|100%| O|  |TAMS 0x0000000081800000, 0x0000000081800000| Untracked 
|   5|0x0000000081900000, 0x0000000081988400, 0x0000000081a00000| 53%| O|  |TAMS 0x0000000081900000, 0x0000000081900000| Untracked 
|   6|0x0000000081a00000, 0x0000000081a00000, 0x0000000081b00000|  0%| F|  |TAMS 0x0000000081a00000, 0x0000000081a00000| Untracked 
|   7|0x0000000081b00000, 0x0000000081b00000, 0x0000000081c00000|  0%| F|  |TAMS 0x0000000081b00000, 0x0000000081b00000| Untracked 
|   8|0x0000000081c00000, 0x0000000081c00000, 0x0000000081d00000|  0%| F|  |TAMS 0x0000000081c00000, 0x0000000081c00000| Untracked 
|   9|0x0000000081d00000, 0x0000000081d00000, 0x0000000081e00000|  0%| F|  |TAMS 0x0000000081d00000, 0x0000000081d00000| Untracked 
|  10|0x0000000081e00000, 0x0000000081e00000, 0x0000000081f00000|  0%| F|  |TAMS 0x0000000081e00000, 0x0000000081e00000| Untracked 
|  11|0x0000000081f00000, 0x0000000081f00000, 0x0000000082000000|  0%| F|  |TAMS 0x0000000081f00000, 0x0000000081f00000| Untracked 
|  12|0x0000000082000000, 0x0000000082000000, 0x0000000082100000|  0%| F|  |TAMS 0x0000000082000000, 0x0000000082000000| Untracked 
|  13|0x0000000082100000, 0x0000000082100000, 0x0000000082200000|  0%| F|  |TAMS 0x0000000082100000, 0x0000000082100000| Untracked 
|  14|0x0000000082200000, 0x0000000082200000, 0x0000000082300000|  0%| F|  |TAMS 0x0000000082200000, 0x0000000082200000| Untracked 
|  15|0x0000000082300000, 0x0000000082300000, 0x0000000082400000|  0%| F|  |TAMS 0x0000000082300000, 0x0000000082300000| Untracked 
|  16|0x0000000082400000, 0x0000000082400000, 0x0000000082500000|  0%| F|  |TAMS 0x0000000082400000, 0x0000000082400000| Untracked 
|  17|0x0000000082500000, 0x0000000082500000, 0x0000000082600000|  0%| F|  |TAMS 0x0000000082500000, 0x0000000082500000| Untracked 
|  18|0x0000000082600000, 0x0000000082600000, 0x0000000082700000|  0%| F|  |TAMS 0x0000000082600000, 0x0000000082600000| Untracked 
|  19|0x0000000082700000, 0x0000000082700000, 0x0000000082800000|  0%| F|  |TAMS 0x0000000082700000, 0x0000000082700000| Untracked 
|  20|0x0000000082800000, 0x0000000082800000, 0x0000000082900000|  0%| F|  |TAMS 0x0000000082800000, 0x0000000082800000| Untracked 
|  21|0x0000000082900000, 0x0000000082900000, 0x0000000082a00000|  0%| F|  |TAMS 0x0000000082900000, 0x0000000082900000| Untracked 
|  22|0x0000000082a00000, 0x0000000082a00000, 0x0000000082b00000|  0%| F|  |TAMS 0x0000000082a00000, 0x0000000082a00000| Untracked 
|  23|0x0000000082b00000, 0x0000000082b00000, 0x0000000082c00000|  0%| F|  |TAMS 0x0000000082b00000, 0x0000000082b00000| Untracked 
|  24|0x0000000082c00000, 0x0000000082c00000, 0x0000000082d00000|  0%| F|  |TAMS 0x0000000082c00000, 0x0000000082c00000| Untracked 
|  25|0x0000000082d00000, 0x0000000082d00000, 0x0000000082e00000|  0%| F|  |TAMS 0x0000000082d00000, 0x0000000082d00000| Untracked 
|  26|0x0000000082e00000, 0x0000000082e00000, 0x0000000082f00000|  0%| F|  |TAMS 0x0000000082e00000, 0x0000000082e00000| Untracked 
|  27|0x0000000082f00000, 0x0000000082f00000, 0x0000000083000000|  0%| F|  |TAMS 0x0000000082f00000, 0x0000000082f00000| Untracked 
|  28|0x0000000083000000, 0x0000000083000000, 0x0000000083100000|  0%| F|  |TAMS 0x0000000083000000, 0x0000000083000000| Untracked 
|  29|0x0000000083100000, 0x0000000083100000, 0x0000000083200000|  0%| F|  |TAMS 0x0000000083100000, 0x0000000083100000| Untracked 
|  30|0x0000000083200000, 0x0000000083200000, 0x0000000083300000|  0%| F|  |TAMS 0x0000000083200000, 0x0000000083200000| Untracked 
|  31|0x0000000083300000, 0x0000000083300000, 0x0000000083400000|  0%| F|  |TAMS 0x0000000083300000, 0x0000000083300000| Untracked 
|  32|0x0000000083400000, 0x0000000083400000, 0x0000000083500000|  0%| F|  |TAMS 0x0000000083400000, 0x0000000083400000| Untracked 
|  33|0x0000000083500000, 0x0000000083500000, 0x0000000083600000|  0%| F|  |TAMS 0x0000000083500000, 0x0000000083500000| Untracked 
|  34|0x0000000083600000, 0x0000000083600000, 0x0000000083700000|  0%| F|  |TAMS 0x0000000083600000, 0x0000000083600000| Untracked 
|  35|0x0000000083700000, 0x0000000083700000, 0x0000000083800000|  0%| F|  |TAMS 0x0000000083700000, 0x0000000083700000| Untracked 
|  36|0x0000000083800000, 0x0000000083800000, 0x0000000083900000|  0%| F|  |TAMS 0x0000000083800000, 0x0000000083800000| Untracked 
|  37|0x0000000083900000, 0x0000000083900000, 0x0000000083a00000|  0%| F|  |TAMS 0x0000000083900000, 0x0000000083900000| Untracked 
|  38|0x0000000083a00000, 0x0000000083a00000, 0x0000000083b00000|  0%| F|  |TAMS 0x0000000083a00000, 0x0000000083a00000| Untracked 
|  39|0x0000000083b00000, 0x0000000083b00000, 0x0000000083c00000|  0%| F|  |TAMS 0x0000000083b00000, 0x0000000083b00000| Untracked 
|  40|0x0000000083c00000, 0x0000000083c00000, 0x0000000083d00000|  0%| F|  |TAMS 0x0000000083c00000, 0x0000000083c00000| Untracked 
|  41|0x0000000083d00000, 0x0000000083d00000, 0x0000000083e00000|  0%| F|  |TAMS 0x0000000083d00000, 0x0000000083d00000| Untracked 
|  42|0x0000000083e00000, 0x0000000083e00000, 0x0000000083f00000|  0%| F|  |TAMS 0x0000000083e00000, 0x0000000083e00000| Untracked 
|  43|0x0000000083f00000, 0x0000000083f00000, 0x0000000084000000|  0%| F|  |TAMS 0x0000000083f00000, 0x0000000083f00000| Untracked 
|  44|0x0000000084000000, 0x0000000084000000, 0x0000000084100000|  0%| F|  |TAMS 0x0000000084000000, 0x0000000084000000| Untracked 
|  45|0x0000000084100000, 0x0000000084100000, 0x0000000084200000|  0%| F|  |TAMS 0x0000000084100000, 0x0000000084100000| Untracked 
|  46|0x0000000084200000, 0x0000000084200000, 0x0000000084300000|  0%| F|  |TAMS 0x0000000084200000, 0x0000000084200000| Untracked 
|  47|0x0000000084300000, 0x0000000084300000, 0x0000000084400000|  0%| F|  |TAMS 0x0000000084300000, 0x0000000084300000| Untracked 
|  48|0x0000000084400000, 0x0000000084400000, 0x0000000084500000|  0%| F|  |TAMS 0x0000000084400000, 0x0000000084400000| Untracked 
|  49|0x0000000084500000, 0x0000000084500000, 0x0000000084600000|  0%| F|  |TAMS 0x0000000084500000, 0x0000000084500000| Untracked 
|  50|0x0000000084600000, 0x0000000084600000, 0x0000000084700000|  0%| F|  |TAMS 0x0000000084600000, 0x0000000084600000| Untracked 
|  51|0x0000000084700000, 0x0000000084700000, 0x0000000084800000|  0%| F|  |TAMS 0x0000000084700000, 0x0000000084700000| Untracked 
|  52|0x0000000084800000, 0x0000000084800000, 0x0000000084900000|  0%| F|  |TAMS 0x0000000084800000, 0x0000000084800000| Untracked 
|  53|0x0000000084900000, 0x0000000084900000, 0x0000000084a00000|  0%| F|  |TAMS 0x0000000084900000, 0x0000000084900000| Untracked 
|  54|0x0000000084a00000, 0x0000000084a00000, 0x0000000084b00000|  0%| F|  |TAMS 0x0000000084a00000, 0x0000000084a00000| Untracked 
|  55|0x0000000084b00000, 0x0000000084b00000, 0x0000000084c00000|  0%| F|  |TAMS 0x0000000084b00000, 0x0000000084b00000| Untracked 
|  56|0x0000000084c00000, 0x0000000084c00000, 0x0000000084d00000|  0%| F|  |TAMS 0x0000000084c00000, 0x0000000084c00000| Untracked 
|  57|0x0000000084d00000, 0x0000000084d00000, 0x0000000084e00000|  0%| F|  |TAMS 0x0000000084d00000, 0x0000000084d00000| Untracked 
|  58|0x0000000084e00000, 0x0000000084e00000, 0x0000000084f00000|  0%| F|  |TAMS 0x0000000084e00000, 0x0000000084e00000| Untracked 
|  59|0x0000000084f00000, 0x0000000084f00000, 0x0000000085000000|  0%| F|  |TAMS 0x0000000084f00000, 0x0000000084f00000| Untracked 
|  60|0x0000000085000000, 0x0000000085000000, 0x0000000085100000|  0%| F|  |TAMS 0x0000000085000000, 0x0000000085000000| Untracked 
|  61|0x0000000085100000, 0x0000000085100000, 0x0000000085200000|  0%| F|  |TAMS 0x0000000085100000, 0x0000000085100000| Untracked 
|  62|0x0000000085200000, 0x0000000085200000, 0x0000000085300000|  0%| F|  |TAMS 0x0000000085200000, 0x0000000085200000| Untracked 
|  63|0x0000000085300000, 0x0000000085300000, 0x0000000085400000|  0%| F|  |TAMS 0x0000000085300000, 0x0000000085300000| Untracked 
|  64|0x0000000085400000, 0x0000000085400000, 0x0000000085500000|  0%| F|  |TAMS 0x0000000085400000, 0x0000000085400000| Untracked 
|  65|0x0000000085500000, 0x0000000085500000, 0x0000000085600000|  0%| F|  |TAMS 0x0000000085500000, 0x0000000085500000| Untracked 
|  66|0x0000000085600000, 0x0000000085600000, 0x0000000085700000|  0%| F|  |TAMS 0x0000000085600000, 0x0000000085600000| Untracked 
|  67|0x0000000085700000, 0x0000000085700000, 0x0000000085800000|  0%| F|  |TAMS 0x0000000085700000, 0x0000000085700000| Untracked 
|  68|0x0000000085800000, 0x0000000085800000, 0x0000000085900000|  0%| F|  |TAMS 0x0000000085800000, 0x0000000085800000| Untracked 
|  69|0x0000000085900000, 0x0000000085900000, 0x0000000085a00000|  0%| F|  |TAMS 0x0000000085900000, 0x0000000085900000| Untracked 
|  70|0x0000000085a00000, 0x0000000085a00000, 0x0000000085b00000|  0%| F|  |TAMS 0x0000000085a00000, 0x0000000085a00000| Untracked 
|  71|0x0000000085b00000, 0x0000000085b00000, 0x0000000085c00000|  0%| F|  |TAMS 0x0000000085b00000, 0x0000000085b00000| Untracked 
|  72|0x0000000085c00000, 0x0000000085c00000, 0x0000000085d00000|  0%| F|  |TAMS 0x0000000085c00000, 0x0000000085c00000| Untracked 
|  73|0x0000000085d00000, 0x0000000085d00000, 0x0000000085e00000|  0%| F|  |TAMS 0x0000000085d00000, 0x0000000085d00000| Untracked 
|  74|0x0000000085e00000, 0x0000000085e00000, 0x0000000085f00000|  0%| F|  |TAMS 0x0000000085e00000, 0x0000000085e00000| Untracked 
|  75|0x0000000085f00000, 0x0000000085f00000, 0x0000000086000000|  0%| F|  |TAMS 0x0000000085f00000, 0x0000000085f00000| Untracked 
|  76|0x0000000086000000, 0x0000000086000000, 0x0000000086100000|  0%| F|  |TAMS 0x0000000086000000, 0x0000000086000000| Untracked 
|  77|0x0000000086100000, 0x0000000086100000, 0x0000000086200000|  0%| F|  |TAMS 0x0000000086100000, 0x0000000086100000| Untracked 
|  78|0x0000000086200000, 0x0000000086200000, 0x0000000086300000|  0%| F|  |TAMS 0x0000000086200000, 0x0000000086200000| Untracked 
|  79|0x0000000086300000, 0x0000000086300000, 0x0000000086400000|  0%| F|  |TAMS 0x0000000086300000, 0x0000000086300000| Untracked 
|  80|0x0000000086400000, 0x0000000086400000, 0x0000000086500000|  0%| F|  |TAMS 0x0000000086400000, 0x0000000086400000| Untracked 
|  81|0x0000000086500000, 0x0000000086500000, 0x0000000086600000|  0%| F|  |TAMS 0x0000000086500000, 0x0000000086500000| Untracked 
|  82|0x0000000086600000, 0x0000000086600000, 0x0000000086700000|  0%| F|  |TAMS 0x0000000086600000, 0x0000000086600000| Untracked 
|  83|0x0000000086700000, 0x0000000086700000, 0x0000000086800000|  0%| F|  |TAMS 0x0000000086700000, 0x0000000086700000| Untracked 
|  84|0x0000000086800000, 0x0000000086800000, 0x0000000086900000|  0%| F|  |TAMS 0x0000000086800000, 0x0000000086800000| Untracked 
|  85|0x0000000086900000, 0x0000000086900000, 0x0000000086a00000|  0%| F|  |TAMS 0x0000000086900000, 0x0000000086900000| Untracked 
|  86|0x0000000086a00000, 0x0000000086a00000, 0x0000000086b00000|  0%| F|  |TAMS 0x0000000086a00000, 0x0000000086a00000| Untracked 
|  87|0x0000000086b00000, 0x0000000086b00000, 0x0000000086c00000|  0%| F|  |TAMS 0x0000000086b00000, 0x0000000086b00000| Untracked 
|  88|0x0000000086c00000, 0x0000000086c00000, 0x0000000086d00000|  0%| F|  |TAMS 0x0000000086c00000, 0x0000000086c00000| Untracked 
|  89|0x0000000086d00000, 0x0000000086d00000, 0x0000000086e00000|  0%| F|  |TAMS 0x0000000086d00000, 0x0000000086d00000| Untracked 
|  90|0x0000000086e00000, 0x0000000086e00000, 0x0000000086f00000|  0%| F|  |TAMS 0x0000000086e00000, 0x0000000086e00000| Untracked 
|  91|0x0000000086f00000, 0x0000000086f00000, 0x0000000087000000|  0%| F|  |TAMS 0x0000000086f00000, 0x0000000086f00000| Untracked 
|  92|0x0000000087000000, 0x0000000087000000, 0x0000000087100000|  0%| F|  |TAMS 0x0000000087000000, 0x0000000087000000| Untracked 
|  93|0x0000000087100000, 0x0000000087100000, 0x0000000087200000|  0%| F|  |TAMS 0x0000000087100000, 0x0000000087100000| Untracked 
|  94|0x0000000087200000, 0x0000000087200000, 0x0000000087300000|  0%| F|  |TAMS 0x0000000087200000, 0x0000000087200000| Untracked 
|  95|0x0000000087300000, 0x0000000087300000, 0x0000000087400000|  0%| F|  |TAMS 0x0000000087300000, 0x0000000087300000| Untracked 
|  96|0x0000000087400000, 0x0000000087400000, 0x0000000087500000|  0%| F|  |TAMS 0x0000000087400000, 0x0000000087400000| Untracked 
|  97|0x0000000087500000, 0x0000000087500000, 0x0000000087600000|  0%| F|  |TAMS 0x0000000087500000, 0x0000000087500000| Untracked 
|  98|0x0000000087600000, 0x0000000087600000, 0x0000000087700000|  0%| F|  |TAMS 0x0000000087600000, 0x0000000087600000| Untracked 
|  99|0x0000000087700000, 0x0000000087700000, 0x0000000087800000|  0%| F|  |TAMS 0x0000000087700000, 0x0000000087700000| Untracked 
| 100|0x0000000087800000, 0x0000000087800000, 0x0000000087900000|  0%| F|  |TAMS 0x0000000087800000, 0x0000000087800000| Untracked 
| 101|0x0000000087900000, 0x0000000087900000, 0x0000000087a00000|  0%| F|  |TAMS 0x0000000087900000, 0x0000000087900000| Untracked 
| 102|0x0000000087a00000, 0x0000000087a00000, 0x0000000087b00000|  0%| F|  |TAMS 0x0000000087a00000, 0x0000000087a00000| Untracked 
| 103|0x0000000087b00000, 0x0000000087b00000, 0x0000000087c00000|  0%| F|  |TAMS 0x0000000087b00000, 0x0000000087b00000| Untracked 
| 104|0x0000000087c00000, 0x0000000087c00000, 0x0000000087d00000|  0%| F|  |TAMS 0x0000000087c00000, 0x0000000087c00000| Untracked 
| 105|0x0000000087d00000, 0x0000000087d00000, 0x0000000087e00000|  0%| F|  |TAMS 0x0000000087d00000, 0x0000000087d00000| Untracked 
| 106|0x0000000087e00000, 0x0000000087e00000, 0x0000000087f00000|  0%| F|  |TAMS 0x0000000087e00000, 0x0000000087e00000| Untracked 
| 107|0x0000000087f00000, 0x0000000087f00000, 0x0000000088000000|  0%| F|  |TAMS 0x0000000087f00000, 0x0000000087f00000| Untracked 
| 108|0x0000000088000000, 0x0000000088000000, 0x0000000088100000|  0%| F|  |TAMS 0x0000000088000000, 0x0000000088000000| Untracked 
| 109|0x0000000088100000, 0x0000000088100000, 0x0000000088200000|  0%| F|  |TAMS 0x0000000088100000, 0x0000000088100000| Untracked 
| 110|0x0000000088200000, 0x0000000088200000, 0x0000000088300000|  0%| F|  |TAMS 0x0000000088200000, 0x0000000088200000| Untracked 
| 111|0x0000000088300000, 0x0000000088300000, 0x0000000088400000|  0%| F|  |TAMS 0x0000000088300000, 0x0000000088300000| Untracked 
| 112|0x0000000088400000, 0x0000000088400000, 0x0000000088500000|  0%| F|  |TAMS 0x0000000088400000, 0x0000000088400000| Untracked 
| 113|0x0000000088500000, 0x0000000088600000, 0x0000000088600000|100%| S|CS|TAMS 0x0000000088500000, 0x0000000088500000| Complete 
| 114|0x0000000088600000, 0x0000000088700000, 0x0000000088700000|100%| S|CS|TAMS 0x0000000088600000, 0x0000000088600000| Complete 
| 115|0x0000000088700000, 0x0000000088700000, 0x0000000088800000|  0%| F|  |TAMS 0x0000000088700000, 0x0000000088700000| Untracked 
| 116|0x0000000088800000, 0x0000000088800000, 0x0000000088900000|  0%| F|  |TAMS 0x0000000088800000, 0x0000000088800000| Untracked 
| 117|0x0000000088900000, 0x0000000088900000, 0x0000000088a00000|  0%| F|  |TAMS 0x0000000088900000, 0x0000000088900000| Untracked 
| 118|0x0000000088a00000, 0x0000000088a00000, 0x0000000088b00000|  0%| F|  |TAMS 0x0000000088a00000, 0x0000000088a00000| Untracked 
| 119|0x0000000088b00000, 0x0000000088b00000, 0x0000000088c00000|  0%| F|  |TAMS 0x0000000088b00000, 0x0000000088b00000| Untracked 
| 120|0x0000000088c00000, 0x0000000088c00000, 0x0000000088d00000|  0%| F|  |TAMS 0x0000000088c00000, 0x0000000088c00000| Untracked 
| 121|0x0000000088d00000, 0x0000000088d00000, 0x0000000088e00000|  0%| F|  |TAMS 0x0000000088d00000, 0x0000000088d00000| Untracked 
| 122|0x0000000088e00000, 0x0000000088e00000, 0x0000000088f00000|  0%| F|  |TAMS 0x0000000088e00000, 0x0000000088e00000| Untracked 
| 123|0x0000000088f00000, 0x0000000088f00000, 0x0000000089000000|  0%| F|  |TAMS 0x0000000088f00000, 0x0000000088f00000| Untracked 
| 124|0x0000000089000000, 0x0000000089000000, 0x0000000089100000|  0%| F|  |TAMS 0x0000000089000000, 0x0000000089000000| Untracked 
| 125|0x0000000089100000, 0x0000000089100000, 0x0000000089200000|  0%| F|  |TAMS 0x0000000089100000, 0x0000000089100000| Untracked 
| 126|0x0000000089200000, 0x00000000892c61e0, 0x0000000089300000| 77%| E|  |TAMS 0x0000000089200000, 0x0000000089200000| Complete 
| 127|0x0000000089300000, 0x0000000089400000, 0x0000000089400000|100%| E|CS|TAMS 0x0000000089300000, 0x0000000089300000| Complete 

Card table byte_map: [0x000001b64f360000,0x000001b64f760000] _byte_map_base: 0x000001b64ef56000

Marking Bits (Prev, Next): (CMBitMap*) 0x000001b64890f330, (CMBitMap*) 0x000001b64890f370
 Prev Bits: [0x000001b64fb60000, 0x000001b651b10000)
 Next Bits: [0x000001b651b10000, 0x000001b653ac0000)

Polling page: 0x000001b648070000

Metaspace:

Usage:
  Non-class:     11.34 MB used.
      Class:      1.30 MB used.
       Both:     12.64 MB used.

Virtual space:
  Non-class space:       64.00 MB reserved,      11.44 MB ( 18%) committed,  1 nodes.
      Class space:        1.00 GB reserved,       1.44 MB ( <1%) committed,  1 nodes.
             Both:        1.06 GB reserved,      12.88 MB (  1%) committed. 

Chunk freelists:
   Non-Class:  4.56 MB
       Class:  14.54 MB
        Both:  19.11 MB

MaxMetaspaceSize: unlimited
CompressedClassSpaceSize: 1.00 GB
Initial GC threshold: 21.00 MB
Current GC threshold: 21.00 MB
CDS: off
MetaspaceReclaimPolicy: balanced
 - commit_granule_bytes: 65536.
 - commit_granule_words: 8192.
 - virtual_space_node_default_size: 8388608.
 - enlarge_chunks_in_place: 1.
 - new_chunks_are_fully_committed: 0.
 - uncommit_free_chunks: 1.
 - use_allocation_guard: 0.
 - handle_deallocations: 1.


Internal statistics:

num_allocs_failed_limit: 0.
num_arena_births: 142.
num_arena_deaths: 0.
num_vsnodes_births: 2.
num_vsnodes_deaths: 0.
num_space_committed: 206.
num_space_uncommitted: 0.
num_chunks_returned_to_freelist: 0.
num_chunks_taken_from_freelist: 238.
num_chunk_merges: 0.
num_chunk_splits: 129.
num_chunks_enlarged: 55.
num_inconsistent_stats: 0.

CodeCache: size=49152Kb used=3554Kb max_used=3554Kb free=45597Kb
 bounds [0x000001b64bf60000, 0x000001b64c2e0000, 0x000001b64ef60000]
 total_blobs=1436 nmethods=994 adapters=368
 compilation: enabled
              stopped_count=0, restarted_count=0
 full_count=0

Compilation events (20 events):
Event: 1.114 Thread 0x000001b655ea5bb0 nmethod 983 0x000001b64c2d5210 code [0x000001b64c2d53c0, 0x000001b64c2d5608]
Event: 1.115 Thread 0x000001b65a19cd80 nmethod 985 0x000001b64c2d5790 code [0x000001b64c2d5980, 0x000001b64c2d5df8]
Event: 1.117 Thread 0x000001b65a19cd80  986       1       java.lang.ClassLoader::checkName (37 bytes)
Event: 1.117 Thread 0x000001b65a19cd80 nmethod 986 0x000001b64c2d6090 code [0x000001b64c2d6260, 0x000001b64c2d6578]
Event: 1.117 Thread 0x000001b65a19cd80  987       1       java.lang.reflect.Constructor::getRoot (5 bytes)
Event: 1.117 Thread 0x000001b655ea5bb0  988       1       java.lang.invoke.LambdaFormEditor$TransformKey::bval (26 bytes)
Event: 1.117 Thread 0x000001b65a19cd80 nmethod 987 0x000001b64c2d6790 code [0x000001b64c2d6920, 0x000001b64c2d69f8]
Event: 1.117 Thread 0x000001b655ea5bb0 nmethod 988 0x000001b64c2d6a90 code [0x000001b64c2d6c20, 0x000001b64c2d6cd8]
Event: 1.118 Thread 0x000001b655ea5bb0  989       1       java.security.CodeSource::getLocationNoFragString (5 bytes)
Event: 1.118 Thread 0x000001b655ea5bb0 nmethod 989 0x000001b64c2d6d90 code [0x000001b64c2d6f20, 0x000001b64c2d6ff8]
Event: 1.119 Thread 0x000001b655ea5bb0  990       1       java.util.zip.ZipEntry::getSize (5 bytes)
Event: 1.119 Thread 0x000001b65a19a450  991       1       java.nio.Buffer::position (52 bytes)
Event: 1.119 Thread 0x000001b655ea5bb0 nmethod 990 0x000001b64c2d7090 code [0x000001b64c2d7220, 0x000001b64c2d72f8]
Event: 1.119 Thread 0x000001b65a19a450 nmethod 991 0x000001b64c2d7390 code [0x000001b64c2d7520, 0x000001b64c2d7648]
Event: 1.120 Thread 0x000001b65a19a450  992       1       java.lang.String::indexOf (18 bytes)
Event: 1.120 Thread 0x000001b655ea5bb0  993       1       java.lang.String::indexOf (113 bytes)
Event: 1.120 Thread 0x000001b65a19a450 nmethod 992 0x000001b64c2d7710 code [0x000001b64c2d78a0, 0x000001b64c2d79a8]
Event: 1.120 Thread 0x000001b655ea5bb0 nmethod 993 0x000001b64c2d7a90 code [0x000001b64c2d7ca0, 0x000001b64c2d80a8]
Event: 1.124 Thread 0x000001b65a19a450  994       1       sun.net.www.ParseUtil::firstEncodeIndex (86 bytes)
Event: 1.125 Thread 0x000001b65a19a450 nmethod 994 0x000001b64c2d8310 code [0x000001b64c2d84e0, 0x000001b64c2d8808]

GC Heap History (2 events):
Event: 1.067 GC heap before
{Heap before GC invocations=0 (full 0):
 garbage-first heap   total 131072K, used 14336K [0x0000000081400000, 0x0000000100000000)
  region size 1024K, 13 young (13312K), 0 survivors (0K)
 Metaspace       used 12342K, committed 12544K, reserved 1114112K
  class space    used 1263K, committed 1344K, reserved 1048576K
}
Event: 1.076 GC heap after
{Heap after GC invocations=1 (full 0):
 garbage-first heap   total 131072K, used 7713K [0x0000000081400000, 0x0000000100000000)
  region size 1024K, 2 young (2048K), 2 survivors (2048K)
 Metaspace       used 12342K, committed 12544K, reserved 1114112K
  class space    used 1263K, committed 1344K, reserved 1048576K
}

Dll operation events (7 events):
Event: 0.030 Loaded shared library C:\Users\pc\Downloads\spring-tool-suite-4-4.19.0.RELEASE-e4.28.0-win32.win32.x86_64.self-extracting (1)\sts-4.19.0.RELEASE\plugins\org.eclipse.justj.openjdk.hotspot.jre.full.win32.x86_64_17.0.7.v20230425-1502\jre\bin\java.dll
Event: 0.450 Loaded shared library C:\Users\pc\Downloads\spring-tool-suite-4-4.19.0.RELEASE-e4.28.0-win32.win32.x86_64.self-extracting (1)\sts-4.19.0.RELEASE\plugins\org.eclipse.justj.openjdk.hotspot.jre.full.win32.x86_64_17.0.7.v20230425-1502\jre\bin\jimage.dll
Event: 0.468 Loaded shared library C:\Users\pc\Downloads\spring-tool-suite-4-4.19.0.RELEASE-e4.28.0-win32.win32.x86_64.self-extracting (1)\sts-4.19.0.RELEASE\plugins\org.eclipse.justj.openjdk.hotspot.jre.full.win32.x86_64_17.0.7.v20230425-1502\jre\bin\net.dll
Event: 0.470 Loaded shared library C:\Users\pc\Downloads\spring-tool-suite-4-4.19.0.RELEASE-e4.28.0-win32.win32.x86_64.self-extracting (1)\sts-4.19.0.RELEASE\plugins\org.eclipse.justj.openjdk.hotspot.jre.full.win32.x86_64_17.0.7.v20230425-1502\jre\bin\nio.dll
Event: 0.478 Loaded shared library C:\Users\pc\Downloads\spring-tool-suite-4-4.19.0.RELEASE-e4.28.0-win32.win32.x86_64.self-extracting (1)\sts-4.19.0.RELEASE\plugins\org.eclipse.justj.openjdk.hotspot.jre.full.win32.x86_64_17.0.7.v20230425-1502\jre\bin\zip.dll
Event: 0.590 Loaded shared library C:\Users\pc\Downloads\spring-tool-suite-4-4.19.0.RELEASE-e4.28.0-win32.win32.x86_64.self-extracting (1)\sts-4.19.0.RELEASE\plugins\org.eclipse.justj.openjdk.hotspot.jre.full.win32.x86_64_17.0.7.v20230425-1502\jre\bin\management.dll
Event: 0.616 Loaded shared library C:\Users\pc\Downloads\spring-tool-suite-4-4.19.0.RELEASE-e4.28.0-win32.win32.x86_64.self-extracting (1)\sts-4.19.0.RELEASE\plugins\org.eclipse.justj.openjdk.hotspot.jre.full.win32.x86_64_17.0.7.v20230425-1502\jre\bin\management_ext.d

Deoptimization events (0 events):
No events

Classes unloaded (0 events):
No events

Classes redefined (0 events):
No events

Internal exceptions (15 events):
Event: 0.586 Thread 0x000001b6488b3750 Exception <a 'java/lang/NoSuchMethodError'{0x0000000088debdf0}: 'java.lang.Object java.lang.invoke.DirectMethodHandle$Holder.invokeStaticInit(java.lang.Object)'> (0x0000000088debdf0) 
thrown [s\src\hotspot\share\interpreter\linkResolver.cpp, line 759]
Event: 0.621 Thread 0x000001b6488b3750 Exception <a 'java/lang/NoSuchMethodError'{0x0000000088c071a0}: 'int java.lang.invoke.DirectMethodHandle$Holder.invokeInterface(java.lang.Object, java.lang.Object)'> (0x0000000088c071a0) 
thrown [s\src\hotspot\share\interpreter\linkResolver.cpp, line 759]
Event: 0.621 Thread 0x000001b6488b3750 Exception <a 'java/lang/IncompatibleClassChangeError'{0x0000000088c0a7a0}: Found class java.lang.Object, but interface was expected> (0x0000000088c0a7a0) 
thrown [s\src\hotspot\share\interpreter\linkResolver.cpp, line 826]
Event: 0.623 Thread 0x000001b6488b3750 Exception <a 'java/lang/NoSuchMethodError'{0x0000000088c10350}: 'void java.lang.invoke.DirectMethodHandle$Holder.invokeStatic(java.lang.Object, java.lang.Object)'> (0x0000000088c10350) 
thrown [s\src\hotspot\share\interpreter\linkResolver.cpp, line 759]
Event: 0.702 Thread 0x000001b6488b3750 Exception <a 'java/lang/NoSuchMethodError'{0x0000000088cde6b8}: 'int java.lang.invoke.DirectMethodHandle$Holder.invokeSpecial(java.lang.Object, java.lang.Object, java.lang.Object)'> (0x0000000088cde6b8) 
thrown [s\src\hotspot\share\interpreter\linkResolver.cpp, line 759]
Event: 0.784 Thread 0x000001b6488b3750 Exception <a 'java/lang/NoSuchMethodError'{0x0000000088bea1c8}: 'void java.lang.invoke.DirectMethodHandle$Holder.invokeStatic(java.lang.Object, java.lang.Object, java.lang.Object)'> (0x0000000088bea1c8) 
thrown [s\src\hotspot\share\interpreter\linkResolver.cpp, line 759]
Event: 0.817 Thread 0x000001b6488b3750 Exception <a 'java/lang/NoSuchMethodError'{0x0000000088a34a20}: 'int java.lang.invoke.DirectMethodHandle$Holder.invokeSpecialIFC(java.lang.Object, java.lang.Object, java.lang.Object)'> (0x0000000088a34a20) 
thrown [s\src\hotspot\share\interpreter\linkResolver.cpp, line 759]
Event: 0.863 Thread 0x000001b6488b3750 Exception <a 'java/lang/NoSuchMethodError'{0x0000000088aac180}: 'java.lang.Object java.lang.invoke.DirectMethodHandle$Holder.invokeStaticInit(java.lang.Object, int, int, int, int)'> (0x0000000088aac180) 
thrown [s\src\hotspot\share\interpreter\linkResolver.cpp, line 759]
Event: 0.954 Thread 0x000001b6488b3750 Exception <a 'java/lang/NoSuchMethodError'{0x000000008897f318}: 'java.lang.Object java.lang.invoke.DirectMethodHandle$Holder.invokeStaticInit(java.lang.Object, java.lang.Object, int, int, int, int)'> (0x000000008897f318) 
thrown [s\src\hotspot\share\interpreter\linkResolver.cpp, line 759]
Event: 0.982 Thread 0x000001b6488b3750 Exception <a 'java/lang/ClassNotFoundException'{0x000000008899aa88}: javax/management/remote/rmi/RMIServerImpl_Skel> (0x000000008899aa88) 
thrown [s\src\hotspot\share\classfile\systemDictionary.cpp, line 256]
Event: 1.035 Thread 0x000001b6488b3750 Exception <a 'java/lang/ClassNotFoundException'{0x0000000088817818}: jdk/internal/agent/resources/spi/agentProvider> (0x0000000088817818) 
thrown [s\src\hotspot\share\classfile\systemDictionary.cpp, line 256]
Event: 1.081 Thread 0x000001b65a9760e0 Exception <a 'java/lang/NoSuchMethodError'{0x0000000089345698}: static [B.<clinit>()V> (0x0000000089345698) 
thrown [s\src\hotspot\share\prims\jni.cpp, line 1107]
Event: 1.094 Thread 0x000001b65a9760e0 Exception <a 'java/lang/ClassNotFoundException'{0x0000000089383388}: javax/management/remote/rmi/RMIConnectionImpl_Skel> (0x0000000089383388) 
thrown [s\src\hotspot\share\classfile\systemDictionary.cpp, line 256]
Event: 1.095 Thread 0x000001b65a735a10 Exception <a 'java/lang/NoSuchMethodError'{0x00000000893e2080}: 'java.lang.Object java.lang.invoke.Invokers$Holder.linkToTargetMethod(java.lang.Object, long, java.lang.Object)'> (0x00000000893e2080) 
thrown [s\src\hotspot\share\interpreter\linkResolver.cpp, line 759]
Event: 1.104 Thread 0x000001b65a9760e0 Exception <a 'java/lang/reflect/InvocationTargetException'{0x00000000892486b0}> (0x00000000892486b0) 
thrown [s\src\hotspot\share\runtime\reflection.cpp, line 1121]

VM Operations (15 events):
Event: 0.425 Executing VM operation: HandshakeAllThreads
Event: 0.425 Executing VM operation: HandshakeAllThreads done
Event: 0.629 Executing VM operation: HandshakeAllThreads
Event: 0.629 Executing VM operation: HandshakeAllThreads done
Event: 0.799 Executing VM operation: HandshakeAllThreads
Event: 0.799 Executing VM operation: HandshakeAllThreads done
Event: 0.842 Executing VM operation: HandshakeAllThreads
Event: 0.842 Executing VM operation: HandshakeAllThreads done
Event: 0.981 Executing VM operation: HandshakeAllThreads
Event: 0.981 Executing VM operation: HandshakeAllThreads done
Event: 1.067 Executing VM operation: G1CollectForAllocation
Event: 1.076 Executing VM operation: G1CollectForAllocation done
Event: 1.093 Executing VM operation: HandshakeAllThreads
Event: 1.093 Executing VM operation: HandshakeAllThreads done
Event: 1.125 Executing VM operation: HandshakeAllThreads

Events (20 events):
Event: 1.104 loading class java/security/PrivilegedActionException done
Event: 1.104 loading class java/lang/reflect/InvocationTargetException
Event: 1.104 loading class java/lang/reflect/InvocationTargetException done
Event: 1.106 loading class java/io/PrintWriter
Event: 1.119 loading class java/lang/NoSuchFieldError
Event: 1.119 loading class java/lang/NoSuchFieldError done
Event: 1.119 loading class java/util/ServiceConfigurationError
Event: 1.119 loading class java/util/ServiceConfigurationError done
Event: 1.119 loading class java/lang/InstantiationException
Event: 1.119 loading class java/lang/InstantiationException done
Event: 1.119 loading class java/lang/IllegalAccessException
Event: 1.119 loading class java/lang/IllegalAccessException done
Event: 1.120 loading class java/lang/UnsupportedOperationException
Event: 1.120 loading class java/lang/UnsupportedOperationException done
Event: 1.121 loading class java/util/concurrent/LinkedBlockingQueue
Event: 1.121 loading class java/util/concurrent/LinkedBlockingQueue done
Event: 1.121 loading class java/util/concurrent/LinkedBlockingQueue$Node
Event: 1.121 loading class java/util/concurrent/LinkedBlockingQueue$Node done
Event: 1.124 loading class java/lang/InheritableThreadLocal
Event: 1.124 loading class java/lang/InheritableThreadLocal done


Dynamic libraries:
0x00007ff6ab2a0000 - 0x00007ff6ab2ae000 	C:\Users\pc\Downloads\spring-tool-suite-4-4.19.0.RELEASE-e4.28.0-win32.win32.x86_64.self-extracting (1)\sts-4.19.0.RELEASE\plugins\org.eclipse.justj.openjdk.hotspot.jre.full.win32.x86_64_17.0.7.v20230425-1502\jre\bin\javaw.exe
0x00007ffbda690000 - 0x00007ffbda888000 	C:\WINDOWS\SYSTEM32\ntdll.dll
0x00007ffbd9d90000 - 0x00007ffbd9e4d000 	C:\WINDOWS\System32\KERNEL32.DLL
0x00007ffbd7f30000 - 0x00007ffbd8226000 	C:\WINDOWS\System32\KERNELBASE.dll
0x00007ffbd83b0000 - 0x00007ffbd84b0000 	C:\WINDOWS\System32\ucrtbase.dll
0x00007ffb98600000 - 0x00007ffb98617000 	C:\Users\pc\Downloads\spring-tool-suite-4-4.19.0.RELEASE-e4.28.0-win32.win32.x86_64.self-extracting (1)\sts-4.19.0.RELEASE\plugins\org.eclipse.justj.openjdk.hotspot.jre.full.win32.x86_64_17.0.7.v20230425-1502\jre\bin\jli.dll
0x00007ffbda050000 - 0x00007ffbda1ee000 	C:\WINDOWS\System32\USER32.dll
0x00007ffbd8380000 - 0x00007ffbd83a2000 	C:\WINDOWS\System32\win32u.dll
0x00007ffbd9270000 - 0x00007ffbd929c000 	C:\WINDOWS\System32\GDI32.dll
0x00007ffbd8230000 - 0x00007ffbd834a000 	C:\WINDOWS\System32\gdi32full.dll
0x00007ffbd8730000 - 0x00007ffbd87cd000 	C:\WINDOWS\System32\msvcp_win.dll
0x00007ffb985e0000 - 0x00007ffb985f9000 	C:\Users\pc\Downloads\spring-tool-suite-4-4.19.0.RELEASE-e4.28.0-win32.win32.x86_64.self-extracting (1)\sts-4.19.0.RELEASE\plugins\org.eclipse.justj.openjdk.hotspot.jre.full.win32.x86_64_17.0.7.v20230425-1502\jre\bin\VCRUNTIME140.dll
0x00007ffbcb9e0000 - 0x00007ffbcbc7a000 	C:\WINDOWS\WinSxS\amd64_microsoft.windows.common-controls_6595b64144ccf1df_6.0.19041.3636_none_60b6a03d71f818d5\COMCTL32.dll
0x00007ffbd9670000 - 0x00007ffbd970e000 	C:\WINDOWS\System32\msvcrt.dll
0x00007ffbd9f80000 - 0x00007ffbd9fb0000 	C:\WINDOWS\System32\IMM32.DLL
0x00007ffb99cc0000 - 0x00007ffb99ccc000 	C:\Users\pc\Downloads\spring-tool-suite-4-4.19.0.RELEASE-e4.28.0-win32.win32.x86_64.self-extracting (1)\sts-4.19.0.RELEASE\plugins\org.eclipse.justj.openjdk.hotspot.jre.full.win32.x86_64_17.0.7.v20230425-1502\jre\bin\vcruntime140_1.dll
0x00007ffb86150000 - 0x00007ffb861e1000 	C:\Users\pc\Downloads\spring-tool-suite-4-4.19.0.RELEASE-e4.28.0-win32.win32.x86_64.self-extracting (1)\sts-4.19.0.RELEASE\plugins\org.eclipse.justj.openjdk.hotspot.jre.full.win32.x86_64_17.0.7.v20230425-1502\jre\bin\msvcp140.dll
0x00007ffb89e20000 - 0x00007ffb8aa68000 	C:\Users\pc\Downloads\spring-tool-suite-4-4.19.0.RELEASE-e4.28.0-win32.win32.x86_64.self-extracting (1)\sts-4.19.0.RELEASE\plugins\org.eclipse.justj.openjdk.hotspot.jre.full.win32.x86_64_17.0.7.v20230425-1502\jre\bin\server\jvm.dll
0x00007ffbd91b0000 - 0x00007ffbd9263000 	C:\WINDOWS\System32\ADVAPI32.dll
0x00007ffbd9fb0000 - 0x00007ffbda04f000 	C:\WINDOWS\System32\sechost.dll
0x00007ffbd9010000 - 0x00007ffbd9136000 	C:\WINDOWS\System32\RPCRT4.dll
0x00007ffbd8350000 - 0x00007ffbd8377000 	C:\WINDOWS\System32\bcrypt.dll
0x00007ffbbc2b0000 - 0x00007ffbbc2b9000 	C:\WINDOWS\SYSTEM32\WSOCK32.dll
0x00007ffbd9600000 - 0x00007ffbd966b000 	C:\WINDOWS\System32\WS2_32.dll
0x00007ffbcd230000 - 0x00007ffbcd257000 	C:\WINDOWS\SYSTEM32\WINMM.dll
0x00007ffbc9160000 - 0x00007ffbc916a000 	C:\WINDOWS\SYSTEM32\VERSION.dll
0x00007ffbd5bf0000 - 0x00007ffbd5c02000 	C:\WINDOWS\SYSTEM32\kernel.appcore.dll
0x00007ffbb9040000 - 0x00007ffbb904a000 	C:\Users\pc\Downloads\spring-tool-suite-4-4.19.0.RELEASE-e4.28.0-win32.win32.x86_64.self-extracting (1)\sts-4.19.0.RELEASE\plugins\org.eclipse.justj.openjdk.hotspot.jre.full.win32.x86_64_17.0.7.v20230425-1502\jre\bin\jimage.dll
0x00007ffbcfb00000 - 0x00007ffbcfce4000 	C:\WINDOWS\SYSTEM32\DBGHELP.DLL
0x00007ffbcf070000 - 0x00007ffbcf0a4000 	C:\WINDOWS\SYSTEM32\dbgcore.DLL
0x00007ffbd7ea0000 - 0x00007ffbd7f22000 	C:\WINDOWS\System32\bcryptPrimitives.dll
0x00007ffbabe70000 - 0x00007ffbabe95000 	C:\Users\pc\Downloads\spring-tool-suite-4-4.19.0.RELEASE-e4.28.0-win32.win32.x86_64.self-extracting (1)\sts-4.19.0.RELEASE\plugins\org.eclipse.justj.openjdk.hotspot.jre.full.win32.x86_64_17.0.7.v20230425-1502\jre\bin\java.dll
0x00007ffbb6e00000 - 0x00007ffbb6e18000 	C:\Users\pc\Downloads\spring-tool-suite-4-4.19.0.RELEASE-e4.28.0-win32.win32.x86_64.self-extracting (1)\sts-4.19.0.RELEASE\plugins\org.eclipse.justj.openjdk.hotspot.jre.full.win32.x86_64_17.0.7.v20230425-1502\jre\bin\zip.dll
0x00007ffbd88b0000 - 0x00007ffbd8ff5000 	C:\WINDOWS\System32\SHELL32.dll
0x00007ffbd5f00000 - 0x00007ffbd669b000 	C:\WINDOWS\SYSTEM32\windows.storage.dll
0x00007ffbd92a0000 - 0x00007ffbd95f4000 	C:\WINDOWS\System32\combase.dll
0x00007ffbd77b0000 - 0x00007ffbd77dd000 	C:\WINDOWS\SYSTEM32\Wldp.dll
0x00007ffbd9b80000 - 0x00007ffbd9c2d000 	C:\WINDOWS\System32\SHCORE.dll
0x00007ffbd9140000 - 0x00007ffbd9195000 	C:\WINDOWS\System32\shlwapi.dll
0x00007ffbd7d80000 - 0x00007ffbd7da5000 	C:\WINDOWS\SYSTEM32\profapi.dll
0x00007ffbb4a30000 - 0x00007ffbb4a49000 	C:\Users\pc\Downloads\spring-tool-suite-4-4.19.0.RELEASE-e4.28.0-win32.win32.x86_64.self-extracting (1)\sts-4.19.0.RELEASE\plugins\org.eclipse.justj.openjdk.hotspot.jre.full.win32.x86_64_17.0.7.v20230425-1502\jre\bin\net.dll
0x00007ffbcfee0000 - 0x00007ffbcffea000 	C:\WINDOWS\SYSTEM32\WINHTTP.dll
0x00007ffbd7510000 - 0x00007ffbd757a000 	C:\WINDOWS\system32\mswsock.dll
0x00007ffbb0a70000 - 0x00007ffbb0a85000 	C:\Users\pc\Downloads\spring-tool-suite-4-4.19.0.RELEASE-e4.28.0-win32.win32.x86_64.self-extracting (1)\sts-4.19.0.RELEASE\plugins\org.eclipse.justj.openjdk.hotspot.jre.full.win32.x86_64_17.0.7.v20230425-1502\jre\bin\nio.dll
0x00007ffbab8d0000 - 0x00007ffbab8d9000 	C:\Users\pc\Downloads\spring-tool-suite-4-4.19.0.RELEASE-e4.28.0-win32.win32.x86_64.self-extracting (1)\sts-4.19.0.RELEASE\plugins\org.eclipse.justj.openjdk.hotspot.jre.full.win32.x86_64_17.0.7.v20230425-1502\jre\bin\management.dll
0x00007ffbab8c0000 - 0x00007ffbab8cb000 	C:\Users\pc\Downloads\spring-tool-suite-4-4.19.0.RELEASE-e4.28.0-win32.win32.x86_64.self-extracting (1)\sts-4.19.0.RELEASE\plugins\org.eclipse.justj.openjdk.hotspot.jre.full.win32.x86_64_17.0.7.v20230425-1502\jre\bin\management_ext.dll
0x00007ffbd9c50000 - 0x00007ffbd9c58000 	C:\WINDOWS\System32\PSAPI.DLL
0x00007ffbc9060000 - 0x00007ffbc9077000 	C:\WINDOWS\system32\napinsp.dll
0x00007ffbc78a0000 - 0x00007ffbc78bb000 	C:\WINDOWS\system32\pnrpnsp.dll
0x00007ffbbb810000 - 0x00007ffbbb825000 	C:\WINDOWS\system32\wshbth.dll
0x00007ffbd1990000 - 0x00007ffbd19ad000 	C:\WINDOWS\system32\NLAapi.dll
0x00007ffbd7200000 - 0x00007ffbd723b000 	C:\WINDOWS\SYSTEM32\IPHLPAPI.DLL
0x00007ffbd7250000 - 0x00007ffbd731a000 	C:\WINDOWS\SYSTEM32\DNSAPI.dll
0x00007ffbd91a0000 - 0x00007ffbd91a8000 	C:\WINDOWS\System32\NSI.dll
0x00007ffbc7880000 - 0x00007ffbc7892000 	C:\WINDOWS\System32\winrnr.dll
0x00007ffbc9150000 - 0x00007ffbc915a000 	C:\Windows\System32\rasadhlp.dll
0x00007ffbca4c0000 - 0x00007ffbca540000 	C:\WINDOWS\System32\fwpuclnt.dll
0x00007ffbd7700000 - 0x00007ffbd7718000 	C:\WINDOWS\SYSTEM32\CRYPTSP.dll
0x00007ffbd6e40000 - 0x00007ffbd6e74000 	C:\WINDOWS\system32\rsaenh.dll
0x00007ffbd7d00000 - 0x00007ffbd7d2e000 	C:\WINDOWS\SYSTEM32\USERENV.dll
0x00007ffbd7720000 - 0x00007ffbd772c000 	C:\WINDOWS\SYSTEM32\CRYPTBASE.dll
0x00007ffbd0b20000 - 0x00007ffbd0b37000 	C:\WINDOWS\SYSTEM32\dhcpcsvc6.DLL
0x00007ffbd10d0000 - 0x00007ffbd10ed000 	C:\WINDOWS\SYSTEM32\dhcpcsvc.DLL

dbghelp: loaded successfully - version: 4.0.5 - missing functions: none
symbol engine: initialized successfully - sym options: 0x614 - pdb path: .;C:\Users\pc\Downloads\spring-tool-suite-4-4.19.0.RELEASE-e4.28.0-win32.win32.x86_64.self-extracting (1)\sts-4.19.0.RELEASE\plugins\org.eclipse.justj.openjdk.hotspot.jre.full.win32.x86_64_17.0.7.v20230425-1502\jre\bin;C:\WINDOWS\SYSTEM32;C:\WINDOWS\WinSxS\amd64_microsoft.windows.common-controls_6595b64144ccf1df_6.0.19041.3636_none_60b6a03d71f818d5;C:\Users\pc\Downloads\spring-tool-suite-4-4.19.0.RELEASE-e4.28.0-win32.win32.x86_64.self-extracting (1)\sts-4.19.0.RELEASE\plugins\org.eclipse.justj.openjdk.hotspot.jre.full.win32.x86_64_17.0.7.v20230425-1502\jre\bin\server

VM Arguments:
jvm_args: -Dcom.sun.management.jmxremote -Dcom.sun.management.jmxremote.port=62269 -Dcom.sun.management.jmxremote.authenticate=false -Dcom.sun.management.jmxremote.ssl=false -Djava.rmi.server.hostname=localhost -Dspring.jmx.enabled=true -Dmanagement.endpoints.jmx.exposure.include=* -Dspring.application.admin.enabled=true -XX:TieredStopAtLevel=1 -Dspring.boot.project.name=back-end-ecom -Dfile.encoding=UTF-8 -XX:+ShowCodeDetailsInExceptionMessages 
java_command: com.example.demo.BackEndEcomApplication --spring.output.ansi.enabled=always
java_class_path (initial): C:\Users\pc\Documents\workspace-spring-tool-suite-4-4.19.0.RELEASE\back-end-ecom\target\classes;C:\Users\pc\.m2\repository\org\springframework\boot\spring-boot-starter-data-jpa\3.2.1\spring-boot-starter-data-jpa-3.2.1.jar;C:\Users\pc\.m2\repository\org\springframework\boot\spring-boot-starter-aop\3.2.1\spring-boot-starter-aop-3.2.1.jar;C:\Users\pc\.m2\repository\org\aspectj\aspectjweaver\1.9.21\aspectjweaver-1.9.21.jar;C:\Users\pc\.m2\repository\org\hibernate\orm\hibernate-core\6.4.1.Final\hibernate-core-6.4.1.Final.jar;C:\Users\pc\.m2\repository\jakarta\persistence\jakarta.persistence-api\3.1.0\jakarta.persistence-api-3.1.0.jar;C:\Users\pc\.m2\repository\jakarta\transaction\jakarta.transaction-api\2.0.1\jakarta.transaction-api-2.0.1.jar;C:\Users\pc\.m2\repository\org\jboss\logging\jboss-logging\3.5.3.Final\jboss-logging-3.5.3.Final.jar;C:\Users\pc\.m2\repository\org\hibernate\common\hibernate-commons-annotations\6.0.6.Final\hibernate-commons-annotations-6.0.6.Final.jar;C:\Users\pc\.m2\repository\io\smallrye\jandex\3.1.2\jandex-3.1.2.jar;C:\Users\pc\.m2\repository\com\fasterxml\classmate\1.6.0\classmate-1.6.0.jar;C:\Users\pc\.m2\repository\net\bytebuddy\byte-buddy\1.14.10\byte-buddy-1.14.10.jar;C:\Users\pc\.m2\repository\org\glassfish\jaxb\jaxb-runtime\4.0.4\jaxb-runtime-4.0.4.jar;C:\Users\pc\.m2\repository\org\glassfish\jaxb\jaxb-core\4.0.4\jaxb-core-4.0.4.jar;C:\Users\pc\.m2\repository\org\eclipse\angus\angus-activation\2.0.1\angus-activation-2.0.1.jar;C:\Users\pc\.m2\repository\org\glassfish\jaxb\txw2\4.0.4\txw2-4.0.4.jar;C:\Users\pc\.m2\repository\com\sun\istack\istack-commons-runtime\4.1.2\istack-commons-runtime-4.1.2.jar;C:\Users\pc\.m2\repository\jakarta\inject\jakarta.inject-api\2.0.1\jakarta.inject-api-2.0.1.jar;C:\Users\pc\.m2\repository\org\antlr\antlr4-runtime\4.13.0\antlr4-runtime-4.13.0.jar;C:\Users\pc\.m2\repository\org\springframework\data\spring-data-jpa\3.2.1\spring-data-jpa-3.2.1.jar;C:\Users\pc\.m2\repository\org\spri
Launcher Type: SUN_STANDARD

[Global flags]
     intx CICompilerCount                          = 3                                         {product} {ergonomic}
     uint ConcGCThreads                            = 1                                         {product} {ergonomic}
     uint G1ConcRefinementThreads                  = 4                                         {product} {ergonomic}
   size_t G1HeapRegionSize                         = 1048576                                   {product} {ergonomic}
    uintx GCDrainStackTargetSize                   = 64                                        {product} {ergonomic}
   size_t InitialHeapSize                          = 134217728                                 {product} {ergonomic}
     bool ManagementServer                         = true                                      {product} {command line}
   size_t MarkStackSize                            = 4194304                                   {product} {ergonomic}
   size_t MaxHeapSize                              = 2126512128                                {product} {ergonomic}
   size_t MaxNewSize                               = 1275068416                                {product} {ergonomic}
   size_t MinHeapDeltaBytes                        = 1048576                                   {product} {ergonomic}
   size_t MinHeapSize                              = 8388608                                   {product} {ergonomic}
    uintx NonProfiledCodeHeapSize                  = 0                                      {pd product} {ergonomic}
     bool ProfileInterpreter                       = false                                  {pd product} {command line}
    uintx ProfiledCodeHeapSize                     = 0                                      {pd product} {ergonomic}
     bool ShowCodeDetailsInExceptionMessages       = true                                   {manageable} {command line}
   size_t SoftMaxHeapSize                          = 2126512128                             {manageable} {ergonomic}
     intx TieredStopAtLevel                        = 1                                         {product} {command line}
     bool UseCompressedClassPointers               = true                           {product lp64_product} {ergonomic}
     bool UseCompressedOops                        = true                           {product lp64_product} {ergonomic}
     bool UseG1GC                                  = true                                      {product} {ergonomic}
     bool UseLargePagesIndividualAllocation        = false                                  {pd product} {ergonomic}

Logging:
Log output configuration:
 #0: stdout all=warning uptime,level,tags
 #1: stderr all=off uptime,level,tags

Environment Variables:
JAVA_HOME=C:\Program Files\Java\jdk-19
PATH=C:/Users/pc/Downloads/spring-tool-suite-4-4.19.0.RELEASE-e4.28.0-win32.win32.x86_64.self-extracting (1)/sts-4.19.0.RELEASE//plugins/org.eclipse.justj.openjdk.hotspot.jre.full.win32.x86_64_17.0.7.v20230425-1502/jre/bin/server;C:/Users/pc/Downloads/spring-tool-suite-4-4.19.0.RELEASE-e4.28.0-win32.win32.x86_64.self-extracting (1)/sts-4.19.0.RELEASE//plugins/org.eclipse.justj.openjdk.hotspot.jre.full.win32.x86_64_17.0.7.v20230425-1502/jre/bin;C:\Program Files\Common Files\Oracle\Java\javapath;C:\Program Files (x86)\AMD APP\bin\x86_64;C:\Program Files (x86)\AMD APP\bin\x86;C:\WINDOWS\system32;C:\WINDOWS;C:\WINDOWS\System32\Wbem;C:\WINDOWS\System32\WindowsPowerShell\v1.0\;C:\Program Files\nodejs\;C:\Program Files (x86)\Intel\OpenCL SDK\3.0\bin\x86;C:\Program Files (x86)\Intel\OpenCL SDK\3.0\bin\x64;C:\WINDOWS\System32\OpenSSH\;C:\Program Files\Java\jdk-1.bin;C:\Program Files\Java\jdk-19\bin;C:\Program Files\Git\cmd;C:\Program Files (x86)\Common Files\DivX Shared\DesktopService;C:\xampp\php;C:\composer;C:\Program Files\PuTTY\;C:\Program Files\Amazon\AWSCLIV2\;C:\Users\pc\AppData\Local\Microsoft\WindowsApps;C:\Users\pc\AppData\Local\Programs\Microsoft VS Code\bin;C:\Users\pc\AppData\Roaming\npm;C:\Users\pc\AppData\Local\GitHubDesktop\bin;C:\Users\pc\AppData\Roaming\Composer\vendor\bin;C:\Users\pc\Downloads\spring-tool-suite-4-4.19.0.RELEASE-e4.28.0-win32.win32.x86_64.self-extracting (1)\sts-4.19.0.RELEASE;
USERNAME=pc
OS=Windows_NT
PROCESSOR_IDENTIFIER=Intel64 Family 6 Model 60 Stepping 3, GenuineIntel
TMP=C:\Users\pc\AppData\Local\Temp
TEMP=C:\Users\pc\AppData\Local\Temp



---------------  S Y S T E M  ---------------

OS:
 Windows 10 , 64 bit Build 19041 (10.0.19041.3636)
OS uptime: 0 days 5:59 hours

CPU: total 4 (initial active 4) (2 cores per cpu, 2 threads per core) family 6 model 60 stepping 3 microcode 0x27, cx8, cmov, fxsr, ht, mmx, sse, sse2, sse3, ssse3, sse4.1, sse4.2, popcnt, lzcnt, tsc, tscinvbit, avx, avx2, aes, erms, clmul, bmi1, bmi2, fma, vzeroupper, clflush

Memory: 4k page, system-wide physical 8107M (294M free)
TotalPageFile size 9996M (AvailPageFile size 28M)
current process WorkingSet (physical memory assigned to process): 67M, peak: 67M
current process commit charge ("private bytes"): 208M, peak: 208M

vm_info: OpenJDK 64-Bit Server VM (17.0.7+7) for windows-amd64 JRE (17.0.7+7), built on Apr 18 2023 22:10:42 by "temurin" with MS VC++ 16.7 (VS2019)

END.
