#
# There is insufficient memory for the Java Runtime Environment to continue.
# Native memory allocation (mmap) failed to map 65536 bytes for Failed to commit metaspace.
# Possible reasons:
#   The system is out of physical RAM or swap space
#   The process is running with CompressedOops enabled, and the Java Heap may be blocking the growth of the native heap
# Possible solutions:
#   Reduce memory load on the system
#   Increase physical memory or swap space
#   Check if swap backing store is full
#   Decrease Java heap size (-Xmx/-Xms)
#   Decrease number of Java threads
#   Decrease Java thread stack sizes (-Xss)
#   Set larger code cache with -XX:ReservedCodeCacheSize=
#   JVM is running with Unscaled Compressed Oops mode in which the Java heap is
#     placed in the first 4GB address space. The Java Heap base address is the
#     maximum limit for the native heap growth. Please use -XX:HeapBaseMinAddress
#     to set the Java Heap base and to place the Java Heap above 4GB virtual address.
# This output file may be truncated or incomplete.
#
#  Out of Memory Error (virtualSpaceNode.cpp:110), pid=11236, tid=10364
#
# JRE version: OpenJDK Runtime Environment Temurin-17.0.7+7 (17.0.7+7) (build 17.0.7+7)
# Java VM: OpenJDK 64-Bit Server VM Temurin-17.0.7+7 (17.0.7+7, mixed mode, emulated-client, tiered, compressed oops, compressed class ptrs, g1 gc, windows-amd64)
# No core dump will be written. Minidumps are not enabled by default on client versions of Windows
#

---------------  S U M M A R Y ------------

Command Line: -Dcom.sun.management.jmxremote -Dcom.sun.management.jmxremote.port=62283 -Dcom.sun.management.jmxremote.authenticate=false -Dcom.sun.management.jmxremote.ssl=false -Djava.rmi.server.hostname=localhost -Dspring.jmx.enabled=true -Dmanagement.endpoints.jmx.exposure.include=* -Dspring.application.admin.enabled=true -XX:TieredStopAtLevel=1 -Dspring.boot.project.name=back-end-ecom -Dfile.encoding=UTF-8 -XX:+ShowCodeDetailsInExceptionMessages com.example.demo.BackEndEcomApplication --spring.output.ansi.enabled=always

Host: Intel(R) Core(TM) i5-4200M CPU @ 2.50GHz, 4 cores, 7G,  Windows 10 , 64 bit Build 19041 (10.0.19041.3636)
Time: Thu Feb 15 22:31:07 2024 Morocco Standard Time elapsed time: 38.941692 seconds (0d 0h 0m 38s)

---------------  T H R E A D  ---------------

Current thread (0x00000212ee5749c0):  JavaThread "restartedMain" [_thread_in_vm, id=10364, stack(0x0000005ffbb00000,0x0000005ffbc00000)]

Stack: [0x0000005ffbb00000,0x0000005ffbc00000]
Native frames: (J=compiled Java code, j=interpreted, Vv=VM code, C=native code)
V  [jvm.dll+0x67754a]
V  [jvm.dll+0x834304]
V  [jvm.dll+0x835aae]
V  [jvm.dll+0x836113]
V  [jvm.dll+0x24696f]
V  [jvm.dll+0x83039b]
V  [jvm.dll+0x61c006]
V  [jvm.dll+0x1c169e]
V  [jvm.dll+0x61e961]
V  [jvm.dll+0x61c9a6]
V  [jvm.dll+0x36cff2]
V  [jvm.dll+0x1e311b]
V  [jvm.dll+0x53ea79]
V  [jvm.dll+0x7afc28]
V  [jvm.dll+0x7afd14]
V  [jvm.dll+0x40de05]
V  [jvm.dll+0x413f58]
C  [java.dll+0x17ec]

Java frames: (J=compiled Java code, j=interpreted, Vv=VM code)
J 1252  java.lang.ClassLoader.defineClass1(Ljava/lang/ClassLoader;Ljava/lang/String;[BIILjava/security/ProtectionDomain;Ljava/lang/String;)Ljava/lang/Class; java.base@17.0.7 (0 bytes) @ 0x00000212dfc8b4db [0x00000212dfc8b420+0x00000000000000bb]
J 1419 c1 java.lang.ClassLoader.defineClass(Ljava/lang/String;[BIILjava/security/ProtectionDomain;)Ljava/lang/Class; java.base@17.0.7 (43 bytes) @ 0x00000212dfcd315c [0x00000212dfcd3060+0x00000000000000fc]
J 1283 c1 jdk.internal.loader.BuiltinClassLoader.defineClass(Ljava/lang/String;Ljdk/internal/loader/Resource;)Ljava/lang/Class; java.base@17.0.7 (121 bytes) @ 0x00000212dfc9ab44 [0x00000212dfc9a6a0+0x00000000000004a4]
J 1272 c1 jdk.internal.loader.BuiltinClassLoader.findClassOnClassPathOrNull(Ljava/lang/String;)Ljava/lang/Class; java.base@17.0.7 (64 bytes) @ 0x00000212dfc967c4 [0x00000212dfc96520+0x00000000000002a4]
J 1078 c1 jdk.internal.loader.BuiltinClassLoader.loadClassOrNull(Ljava/lang/String;Z)Ljava/lang/Class; java.base@17.0.7 (143 bytes) @ 0x00000212dfc3e244 [0x00000212dfc3de00+0x0000000000000444]
J 1197 c1 jdk.internal.loader.ClassLoaders$AppClassLoader.loadClass(Ljava/lang/String;Z)Ljava/lang/Class; java.base@17.0.7 (40 bytes) @ 0x00000212dfc730a4 [0x00000212dfc72f60+0x0000000000000144]
J 1193 c1 java.lang.ClassLoader.loadClass(Ljava/lang/String;)Ljava/lang/Class; java.base@17.0.7 (7 bytes) @ 0x00000212dfc71e64 [0x00000212dfc71e20+0x0000000000000044]
v  ~StubRoutines::call_stub
j  org.hibernate.boot.internal.BootstrapContextImpl.<init>(Lorg/hibernate/boot/registry/StandardServiceRegistry;Lorg/hibernate/boot/spi/MetadataBuildingOptions;)V+37
j  org.hibernate.boot.internal.MetadataBuilderImpl.<init>(Lorg/hibernate/boot/MetadataSources;Lorg/hibernate/boot/registry/StandardServiceRegistry;)V+31
j  org.hibernate.boot.MetadataSources.getMetadataBuilder(Lorg/hibernate/boot/registry/StandardServiceRegistry;)Lorg/hibernate/boot/MetadataBuilder;+7
j  org.hibernate.jpa.boot.internal.EntityManagerFactoryBuilderImpl.<init>(Lorg/hibernate/jpa/boot/spi/PersistenceUnitDescriptor;Ljava/util/Map;Ljava/lang/ClassLoader;Lorg/hibernate/boot/registry/classloading/spi/ClassLoaderService;Ljava/util/function/Consumer;)V+193
j  org.hibernate.jpa.boot.internal.EntityManagerFactoryBuilderImpl.<init>(Lorg/hibernate/jpa/boot/spi/PersistenceUnitDescriptor;Ljava/util/Map;)V+6
j  org.springframework.orm.jpa.vendor.SpringHibernateJpaPersistenceProvider.createContainerEntityManagerFactory(Ljakarta/persistence/spi/PersistenceUnitInfo;Ljava/util/Map;)Ljakarta/persistence/EntityManagerFactory;+56
j  org.springframework.orm.jpa.LocalContainerEntityManagerFactoryBean.createNativeEntityManagerFactory()Ljakarta/persistence/EntityManagerFactory;+111
j  org.springframework.orm.jpa.AbstractEntityManagerFactoryBean.buildNativeEntityManagerFactory()Ljakarta/persistence/EntityManagerFactory;+1
j  org.springframework.orm.jpa.AbstractEntityManagerFactoryBean.afterPropertiesSet()V+192
j  org.springframework.orm.jpa.LocalContainerEntityManagerFactoryBean.afterPropertiesSet()V+84
j  org.springframework.beans.factory.support.AbstractAutowireCapableBeanFactory.invokeInitMethods(Ljava/lang/String;Ljava/lang/Object;Lorg/springframework/beans/factory/support/RootBeanDefinition;)V+56
j  org.springframework.beans.factory.support.AbstractAutowireCapableBeanFactory.initializeBean(Ljava/lang/String;Ljava/lang/Object;Lorg/springframework/beans/factory/support/RootBeanDefinition;)Ljava/lang/Object;+34
j  org.springframework.beans.factory.support.AbstractAutowireCapableBeanFactory.doCreateBean(Ljava/lang/String;Lorg/springframework/beans/factory/support/RootBeanDefinition;[Ljava/lang/Object;)Ljava/lang/Object;+228
j  org.springframework.beans.factory.support.AbstractAutowireCapableBeanFactory.createBean(Ljava/lang/String;Lorg/springframework/beans/factory/support/RootBeanDefinition;[Ljava/lang/Object;)Ljava/lang/Object;+153
j  org.springframework.beans.factory.support.AbstractBeanFactory.lambda$doGetBean$0(Ljava/lang/String;Lorg/springframework/beans/factory/support/RootBeanDefinition;[Ljava/lang/Object;)Ljava/lang/Object;+4
j  org.springframework.beans.factory.support.AbstractBeanFactory$$Lambda$401+0x000000010038e1d8.getObject()Ljava/lang/Object;+16
j  org.springframework.beans.factory.support.DefaultSingletonBeanRegistry.getSingleton(Ljava/lang/String;Lorg/springframework/beans/factory/ObjectFactory;)Ljava/lang/Object;+114
J 2862 c1 org.springframework.beans.factory.support.AbstractBeanFactory.doGetBean(Ljava/lang/String;Ljava/lang/Class;[Ljava/lang/Object;Z)Ljava/lang/Object; (740 bytes) @ 0x00000212dff2a22c [0x00000212dff29c80+0x00000000000005ac]
j  org.springframework.beans.factory.support.AbstractBeanFactory.getBean(Ljava/lang/String;)Ljava/lang/Object;+5
j  org.springframework.context.support.AbstractApplicationContext.getBean(Ljava/lang/String;)Ljava/lang/Object;+9
j  org.springframework.context.support.AbstractApplicationContext.finishBeanFactoryInitialization(Lorg/springframework/beans/factory/config/ConfigurableListableBeanFactory;)V+106
j  org.springframework.context.support.AbstractApplicationContext.refresh()V+94
j  org.springframework.boot.web.servlet.context.ServletWebServerApplicationContext.refresh()V+1
j  org.springframework.boot.SpringApplication.refresh(Lorg/springframework/context/ConfigurableApplicationContext;)V+1
j  org.springframework.boot.SpringApplication.refreshContext(Lorg/springframework/context/ConfigurableApplicationContext;)V+16
j  org.springframework.boot.SpringApplication.run([Ljava/lang/String;)Lorg/springframework/context/ConfigurableApplicationContext;+110
j  org.springframework.boot.SpringApplication.run([Ljava/lang/Class;[Ljava/lang/String;)Lorg/springframework/context/ConfigurableApplicationContext;+9
j  org.springframework.boot.SpringApplication.run(Ljava/lang/Class;[Ljava/lang/String;)Lorg/springframework/context/ConfigurableApplicationContext;+9
j  com.example.demo.BackEndEcomApplication.main([Ljava/lang/String;)V+3
v  ~StubRoutines::call_stub
j  jdk.internal.reflect.NativeMethodAccessorImpl.invoke0(Ljava/lang/reflect/Method;Ljava/lang/Object;[Ljava/lang/Object;)Ljava/lang/Object;+0 java.base@17.0.7
j  jdk.internal.reflect.NativeMethodAccessorImpl.invoke(Ljava/lang/Object;[Ljava/lang/Object;)Ljava/lang/Object;+133 java.base@17.0.7
j  jdk.internal.reflect.DelegatingMethodAccessorImpl.invoke(Ljava/lang/Object;[Ljava/lang/Object;)Ljava/lang/Object;+6 java.base@17.0.7
j  java.lang.reflect.Method.invoke(Ljava/lang/Object;[Ljava/lang/Object;)Ljava/lang/Object;+59 java.base@17.0.7
j  org.springframework.boot.devtools.restart.RestartLauncher.run()V+47
v  ~StubRoutines::call_stub

---------------  P R O C E S S  ---------------

Threads class SMR info:
_java_thread_list=0x00000212ef42b9e0, length=24, elements={
0x00000212dc283750, 0x00000212e98a4630, 0x00000212e98a6140, 0x00000212e99cc000,
0x00000212e99ccc70, 0x00000212e99cd8e0, 0x00000212e99cf6a0, 0x00000212e99d0100,
0x00000212e9a030d0, 0x00000212e9809c00, 0x00000212e9bae3c0, 0x00000212ee3d2e70,
0x00000212ee3bbf30, 0x00000212ee36c6d0, 0x00000212ee36cba0, 0x00000212ee36d070,
0x00000212ee5530d0, 0x00000212ee55dfb0, 0x00000212ee575830, 0x00000212ee5749c0,
0x00000212ee574e90, 0x00000212ee5744f0, 0x00000212ee575360, 0x00000212ef3667c0
}

Java Threads: ( => current thread )
  0x00000212dc283750 JavaThread "main" [_thread_blocked, id=11080, stack(0x0000005ff9a00000,0x0000005ff9b00000)]
  0x00000212e98a4630 JavaThread "Reference Handler" daemon [_thread_blocked, id=5976, stack(0x0000005ffa100000,0x0000005ffa200000)]
  0x00000212e98a6140 JavaThread "Finalizer" daemon [_thread_blocked, id=13636, stack(0x0000005ffa200000,0x0000005ffa300000)]
  0x00000212e99cc000 JavaThread "Signal Dispatcher" daemon [_thread_blocked, id=12808, stack(0x0000005ffa300000,0x0000005ffa400000)]
  0x00000212e99ccc70 JavaThread "Attach Listener" daemon [_thread_blocked, id=9744, stack(0x0000005ffa400000,0x0000005ffa500000)]
  0x00000212e99cd8e0 JavaThread "Service Thread" daemon [_thread_blocked, id=13536, stack(0x0000005ffa500000,0x0000005ffa600000)]
  0x00000212e99cf6a0 JavaThread "Monitor Deflation Thread" daemon [_thread_blocked, id=15032, stack(0x0000005ffa600000,0x0000005ffa700000)]
  0x00000212e99d0100 JavaThread "C1 CompilerThread0" daemon [_thread_blocked, id=13164, stack(0x0000005ffa700000,0x0000005ffa800000)]
  0x00000212e9a030d0 JavaThread "Sweeper thread" daemon [_thread_blocked, id=15300, stack(0x0000005ffa800000,0x0000005ffa900000)]
  0x00000212e9809c00 JavaThread "Common-Cleaner" daemon [_thread_blocked, id=12040, stack(0x0000005ffa900000,0x0000005ffaa00000)]
  0x00000212e9bae3c0 JavaThread "Notification Thread" daemon [_thread_blocked, id=10200, stack(0x0000005ffab00000,0x0000005ffac00000)]
  0x00000212ee3d2e70 JavaThread "RMI TCP Accept-0" daemon [_thread_in_native, id=12864, stack(0x0000005ffad00000,0x0000005ffae00000)]
  0x00000212ee3bbf30 JavaThread "RMI TCP Accept-62283" daemon [_thread_in_native, id=976, stack(0x0000005ffae00000,0x0000005ffaf00000)]
  0x00000212ee36c6d0 JavaThread "RMI TCP Connection(idle)" daemon [_thread_blocked, id=2336, stack(0x0000005ffaf00000,0x0000005ffb000000)]
  0x00000212ee36cba0 JavaThread "RMI Scheduler(0)" daemon [_thread_blocked, id=14504, stack(0x0000005ffb000000,0x0000005ffb100000)]
  0x00000212ee36d070 JavaThread "RMI TCP Connection(2)-127.0.0.1" daemon [_thread_in_native, id=10052, stack(0x0000005ffb100000,0x0000005ffb200000)]
  0x00000212ee5530d0 JavaThread "JMX server connection timeout 20" daemon [_thread_blocked, id=1348, stack(0x0000005ffb200000,0x0000005ffb300000)]
  0x00000212ee55dfb0 JavaThread "RMI TCP Accept-0" daemon [_thread_in_native, id=2360, stack(0x0000005ffb300000,0x0000005ffb400000)]
  0x00000212ee575830 JavaThread "Thread-0" [_thread_blocked, id=304, stack(0x0000005ffba00000,0x0000005ffbb00000)]
=>0x00000212ee5749c0 JavaThread "restartedMain" [_thread_in_vm, id=10364, stack(0x0000005ffbb00000,0x0000005ffbc00000)]
  0x00000212ee574e90 JavaThread "Catalina-utility-1" [_thread_blocked, id=9392, stack(0x0000005ffaa00000,0x0000005ffab00000)]
  0x00000212ee5744f0 JavaThread "Catalina-utility-2" [_thread_blocked, id=2144, stack(0x0000005ffbc00000,0x0000005ffbd00000)]
  0x00000212ee575360 JavaThread "container-0" [_thread_blocked, id=12252, stack(0x0000005ffbd00000,0x0000005ffbe00000)]
  0x00000212ef3667c0 JavaThread "mysql-cj-abandoned-connection-cleanup" daemon [_thread_blocked, id=9172, stack(0x0000005ffbe00000,0x0000005ffbf00000)]

Other Threads:
  0x00000212e987cfd0 VMThread "VM Thread" [stack: 0x0000005ffa000000,0x0000005ffa100000] [id=2628]
  0x00000212dc284510 WatcherThread [stack: 0x0000005ffb400000,0x0000005ffb500000] [id=1800]
  0x00000212dc2ded20 GCTaskThread "GC Thread#0" [stack: 0x0000005ff9b00000,0x0000005ff9c00000] [id=9804]
  0x00000212ee5608a0 GCTaskThread "GC Thread#1" [stack: 0x0000005ffb500000,0x0000005ffb600000] [id=5656]
  0x00000212dc2847a0 GCTaskThread "GC Thread#2" [stack: 0x0000005ffb600000,0x0000005ffb700000] [id=14620]
  0x00000212ee5998f0 GCTaskThread "GC Thread#3" [stack: 0x0000005ffb700000,0x0000005ffb800000] [id=10532]
  0x00000212dc2ef9e0 ConcurrentGCThread "G1 Main Marker" [stack: 0x0000005ff9c00000,0x0000005ff9d00000] [id=1156]
  0x00000212dc2f03f0 ConcurrentGCThread "G1 Conc#0" [stack: 0x0000005ff9d00000,0x0000005ff9e00000] [id=9856]
  0x00000212dc33dd10 ConcurrentGCThread "G1 Refine#0" [stack: 0x0000005ff9e00000,0x0000005ff9f00000] [id=13412]
  0x00000212ee575fe0 ConcurrentGCThread "G1 Refine#1" [stack: 0x0000005ffb800000,0x0000005ffb900000] [id=5932]
  0x00000212ee5762c0 ConcurrentGCThread "G1 Refine#2" [stack: 0x0000005ffb900000,0x0000005ffba00000] [id=12000]
  0x00000212dc33e730 ConcurrentGCThread "G1 Service" [stack: 0x0000005ff9f00000,0x0000005ffa000000] [id=9772]

Threads with active compile tasks:

VM state: not at safepoint (normal execution)

VM Mutex/Monitor currently owned by a thread:  ([mutex/lock_event])
[0x00000212dc27bbe0] Metaspace_lock - owner thread: 0x00000212ee5749c0

Heap address: 0x0000000081400000, size: 2028 MB, Compressed Oops mode: 32-bit

CDS archive(s) not mapped
Compressed class space mapped at: 0x0000000100000000-0x0000000140000000, reserved size: 1073741824
Narrow klass base: 0x0000000000000000, Narrow klass shift: 3, Narrow klass range: 0x140000000

GC Precious Log:
 CPUs: 4 total, 4 available
 Memory: 8107M
 Large Page Support: Disabled
 NUMA Support: Disabled
 Compressed Oops: Enabled (32-bit)
 Heap Region Size: 1M
 Heap Min Capacity: 8M
 Heap Initial Capacity: 128M
 Heap Max Capacity: 2028M
 Pre-touch: Disabled
 Parallel Workers: 4
 Concurrent Workers: 1
 Concurrent Refinement Workers: 4
 Periodic GC: Disabled

Heap:
 garbage-first heap   total 49152K, used 29975K [0x0000000081400000, 0x0000000100000000)
  region size 1024K, 11 young (11264K), 2 survivors (2048K)
 Metaspace       used 42598K, committed 43072K, reserved 1114112K
  class space    used 5543K, committed 5760K, reserved 1048576K

Heap Regions: E=young(eden), S=young(survivor), O=old, HS=humongous(starts), HC=humongous(continues), CS=collection set, F=free, OA=open archive, CA=closed archive, TAMS=top-at-mark-start (previous, next)
|   0|0x0000000081400000, 0x0000000081500000, 0x0000000081500000|100%|HS|  |TAMS 0x0000000081500000, 0x0000000081400000| Complete 
|   1|0x0000000081500000, 0x0000000081600000, 0x0000000081600000|100%|HS|  |TAMS 0x0000000081600000, 0x0000000081500000| Complete 
|   2|0x0000000081600000, 0x0000000081700000, 0x0000000081700000|100%| O|  |TAMS 0x0000000081700000, 0x0000000081600000| Untracked 
|   3|0x0000000081700000, 0x0000000081800000, 0x0000000081800000|100%| O|  |TAMS 0x0000000081800000, 0x0000000081700000| Untracked 
|   4|0x0000000081800000, 0x0000000081900000, 0x0000000081900000|100%| O|  |TAMS 0x0000000081900000, 0x0000000081800000| Untracked 
|   5|0x0000000081900000, 0x0000000081a00000, 0x0000000081a00000|100%| O|  |TAMS 0x0000000081a00000, 0x0000000081900000| Untracked 
|   6|0x0000000081a00000, 0x0000000081b00000, 0x0000000081b00000|100%| O|  |TAMS 0x0000000081b00000, 0x0000000081a00000| Untracked 
|   7|0x0000000081b00000, 0x0000000081bc0800, 0x0000000081c00000| 75%| O|  |TAMS 0x0000000081bc0800, 0x0000000081b00000| Untracked 
|   8|0x0000000081c00000, 0x0000000081d00000, 0x0000000081d00000|100%| O|  |TAMS 0x0000000081d00000, 0x0000000081c00000| Untracked 
|   9|0x0000000081d00000, 0x0000000081e00000, 0x0000000081e00000|100%| O|  |TAMS 0x0000000081e00000, 0x0000000081d00000| Untracked 
|  10|0x0000000081e00000, 0x0000000081f00000, 0x0000000081f00000|100%| O|  |TAMS 0x0000000081f00000, 0x0000000081e00000| Untracked 
|  11|0x0000000081f00000, 0x0000000082000000, 0x0000000082000000|100%| O|  |TAMS 0x0000000082000000, 0x0000000081f00000| Untracked 
|  12|0x0000000082000000, 0x0000000082100000, 0x0000000082100000|100%| O|  |TAMS 0x0000000082100000, 0x0000000082000000| Untracked 
|  13|0x0000000082100000, 0x0000000082200000, 0x0000000082200000|100%| O|  |TAMS 0x0000000082200000, 0x0000000082100000| Untracked 
|  14|0x0000000082200000, 0x0000000082300000, 0x0000000082300000|100%| O|  |TAMS 0x0000000082300000, 0x0000000082200000| Untracked 
|  15|0x0000000082300000, 0x0000000082400000, 0x0000000082400000|100%| O|  |TAMS 0x0000000082400000, 0x0000000082300000| Untracked 
|  16|0x0000000082400000, 0x0000000082500000, 0x0000000082500000|100%| O|  |TAMS 0x000000008240a200, 0x0000000082400000| Untracked 
|  17|0x0000000082500000, 0x0000000082600000, 0x0000000082600000|100%| O|  |TAMS 0x0000000082500000, 0x0000000082500000| Untracked 
|  18|0x0000000082600000, 0x0000000082700000, 0x0000000082700000|100%| O|  |TAMS 0x0000000082600000, 0x0000000082600000| Untracked 
|  19|0x0000000082700000, 0x0000000082800000, 0x0000000082800000|100%| O|  |TAMS 0x0000000082700000, 0x0000000082700000| Untracked 
|  20|0x0000000082800000, 0x0000000082867200, 0x0000000082900000| 40%| O|  |TAMS 0x0000000082800000, 0x0000000082800000| Untracked 
|  21|0x0000000082900000, 0x0000000082900000, 0x0000000082a00000|  0%| F|  |TAMS 0x0000000082900000, 0x0000000082900000| Untracked 
|  22|0x0000000082a00000, 0x0000000082a00000, 0x0000000082b00000|  0%| F|  |TAMS 0x0000000082a00000, 0x0000000082a00000| Untracked 
|  23|0x0000000082b00000, 0x0000000082b00000, 0x0000000082c00000|  0%| F|  |TAMS 0x0000000082b00000, 0x0000000082b00000| Untracked 
|  24|0x0000000082c00000, 0x0000000082c00000, 0x0000000082d00000|  0%| F|  |TAMS 0x0000000082c00000, 0x0000000082c00000| Untracked 
|  25|0x0000000082d00000, 0x0000000082d00000, 0x0000000082e00000|  0%| F|  |TAMS 0x0000000082d00000, 0x0000000082d00000| Untracked 
|  26|0x0000000082e00000, 0x0000000082e00000, 0x0000000082f00000|  0%| F|  |TAMS 0x0000000082e00000, 0x0000000082e00000| Untracked 
|  27|0x0000000082f00000, 0x0000000082f00000, 0x0000000083000000|  0%| F|  |TAMS 0x0000000082f00000, 0x0000000082f00000| Untracked 
|  28|0x0000000083000000, 0x0000000083000000, 0x0000000083100000|  0%| F|  |TAMS 0x0000000083000000, 0x0000000083000000| Untracked 
|  29|0x0000000083100000, 0x000000008311e3a0, 0x0000000083200000| 11%| S|CS|TAMS 0x0000000083100000, 0x0000000083100000| Complete 
|  30|0x0000000083200000, 0x0000000083300000, 0x0000000083300000|100%| S|CS|TAMS 0x0000000083200000, 0x0000000083200000| Complete 
|  31|0x0000000083300000, 0x0000000083300000, 0x0000000083400000|  0%| F|  |TAMS 0x0000000083300000, 0x0000000083300000| Untracked 
|  32|0x0000000083400000, 0x0000000083400000, 0x0000000083500000|  0%| F|  |TAMS 0x0000000083400000, 0x0000000083400000| Untracked 
|  33|0x0000000083500000, 0x0000000083500000, 0x0000000083600000|  0%| F|  |TAMS 0x0000000083500000, 0x0000000083500000| Untracked 
|  34|0x0000000083600000, 0x0000000083600000, 0x0000000083700000|  0%| F|  |TAMS 0x0000000083600000, 0x0000000083600000| Untracked 
|  35|0x0000000083700000, 0x0000000083700000, 0x0000000083800000|  0%| F|  |TAMS 0x0000000083700000, 0x0000000083700000| Untracked 
|  36|0x0000000083800000, 0x0000000083800000, 0x0000000083900000|  0%| F|  |TAMS 0x0000000083800000, 0x0000000083800000| Untracked 
|  37|0x0000000083900000, 0x0000000083900000, 0x0000000083a00000|  0%| F|  |TAMS 0x0000000083900000, 0x0000000083900000| Untracked 
|  38|0x0000000083a00000, 0x0000000083a00000, 0x0000000083b00000|  0%| F|  |TAMS 0x0000000083a00000, 0x0000000083a00000| Untracked 
|  39|0x0000000083b00000, 0x0000000083bf5cc0, 0x0000000083c00000| 96%| E|  |TAMS 0x0000000083b00000, 0x0000000083b00000| Complete 
|  40|0x0000000083c00000, 0x0000000083d00000, 0x0000000083d00000|100%| E|CS|TAMS 0x0000000083c00000, 0x0000000083c00000| Complete 
|  41|0x0000000083d00000, 0x0000000083e00000, 0x0000000083e00000|100%| E|CS|TAMS 0x0000000083d00000, 0x0000000083d00000| Complete 
|  42|0x0000000083e00000, 0x0000000083f00000, 0x0000000083f00000|100%| E|CS|TAMS 0x0000000083e00000, 0x0000000083e00000| Complete 
|  43|0x0000000083f00000, 0x0000000084000000, 0x0000000084000000|100%| E|CS|TAMS 0x0000000083f00000, 0x0000000083f00000| Complete 
| 116|0x0000000088800000, 0x0000000088900000, 0x0000000088900000|100%| E|CS|TAMS 0x0000000088800000, 0x0000000088800000| Complete 
| 117|0x0000000088900000, 0x0000000088a00000, 0x0000000088a00000|100%| E|CS|TAMS 0x0000000088900000, 0x0000000088900000| Complete 
| 118|0x0000000088a00000, 0x0000000088b00000, 0x0000000088b00000|100%| E|CS|TAMS 0x0000000088a00000, 0x0000000088a00000| Complete 
| 127|0x0000000089300000, 0x0000000089400000, 0x0000000089400000|100%| E|CS|TAMS 0x0000000089300000, 0x0000000089300000| Complete 

Card table byte_map: [0x00000212e2d30000,0x00000212e3130000] _byte_map_base: 0x00000212e2926000

Marking Bits (Prev, Next): (CMBitMap*) 0x00000212dc2df330, (CMBitMap*) 0x00000212dc2df370
 Prev Bits: [0x00000212e3530000, 0x00000212e54e0000)
 Next Bits: [0x00000212e54e0000, 0x00000212e7490000)

Polling page: 0x00000212dba40000

Metaspace:

Usage:
  Non-class:     36.19 MB used.
      Class:      5.41 MB used.
       Both:     41.60 MB used.

Virtual space:
  Non-class space:       64.00 MB reserved,      36.44 MB ( 57%) committed,  1 nodes.
      Class space:        1.00 GB reserved,       5.62 MB ( <1%) committed,  1 nodes.
             Both:        1.06 GB reserved,      42.06 MB (  4%) committed. 

Chunk freelists:
   Non-Class:  10.77 MB
       Class:  10.17 MB
        Both:  20.94 MB

MaxMetaspaceSize: unlimited
CompressedClassSpaceSize: 1.00 GB
Initial GC threshold: 21.00 MB
Current GC threshold: 59.06 MB
CDS: off
MetaspaceReclaimPolicy: balanced
 - commit_granule_bytes: 65536.
 - commit_granule_words: 8192.
 - virtual_space_node_default_size: 8388608.
 - enlarge_chunks_in_place: 1.
 - new_chunks_are_fully_committed: 0.
 - uncommit_free_chunks: 1.
 - use_allocation_guard: 0.
 - handle_deallocations: 1.


Internal statistics:

num_allocs_failed_limit: 6.
num_arena_births: 630.
num_arena_deaths: 0.
num_vsnodes_births: 2.
num_vsnodes_deaths: 0.
num_space_committed: 673.
num_space_uncommitted: 0.
num_chunks_returned_to_freelist: 6.
num_chunks_taken_from_freelist: 1857.
num_chunk_merges: 3.
num_chunk_splits: 1271.
num_chunks_enlarged: 922.
num_inconsistent_stats: 0.

CodeCache: size=49152Kb used=7567Kb max_used=7818Kb free=41584Kb
 bounds [0x00000212df930000, 0x00000212e00e0000, 0x00000212e2930000]
 total_blobs=4641 nmethods=4112 adapters=455
 compilation: enabled
              stopped_count=0, restarted_count=0
 full_count=0

Compilation events (20 events):
Event: 36.916 Thread 0x00000212e99d0100 4103       1       java.io.BufferedOutputStream::flushBuffer (29 bytes)
Event: 36.916 Thread 0x00000212e99d0100 nmethod 4103 0x00000212dfe79410 code [0x00000212dfe795a0, 0x00000212dfe796a8]
Event: 36.916 Thread 0x00000212e99d0100 4104       1       java.lang.AbstractStringBuilder::append (33 bytes)
Event: 36.917 Thread 0x00000212e99d0100 nmethod 4104 0x00000212dfe79010 code [0x00000212dfe791c0, 0x00000212dfe79328]
Event: 37.390 Thread 0x00000212e99d0100 4105       1       java.lang.CompoundEnumeration::hasMoreElements (5 bytes)
Event: 37.390 Thread 0x00000212e99d0100 nmethod 4105 0x00000212dfe78d10 code [0x00000212dfe78ea0, 0x00000212dfe78f88]
Event: 37.420 Thread 0x00000212e99d0100 4106       1       java.io.DataOutputStream::<init> (19 bytes)
Event: 37.420 Thread 0x00000212e99d0100 nmethod 4106 0x00000212dfe78790 code [0x00000212dfe78940, 0x00000212dfe78c38]
Event: 37.775 Thread 0x00000212e99d0100 4107       1       java.lang.invoke.DelegatingMethodHandle::rebind (8 bytes)
Event: 37.775 Thread 0x00000212e99d0100 nmethod 4107 0x00000212dfe78410 code [0x00000212dfe785c0, 0x00000212dfe786d8]
Event: 37.775 Thread 0x00000212e99d0100 4108       1       java.lang.invoke.SimpleMethodHandle::speciesData (4 bytes)
Event: 37.775 Thread 0x00000212e99d0100 nmethod 4108 0x00000212dfe78110 code [0x00000212dfe782a0, 0x00000212dfe78378]
Event: 37.779 Thread 0x00000212e99d0100 4109       1       jdk.internal.loader.ClassLoaders::platformClassLoader (4 bytes)
Event: 37.779 Thread 0x00000212e99d0100 nmethod 4109 0x00000212dfe77e10 code [0x00000212dfe77fa0, 0x00000212dfe78058]
Event: 38.001 Thread 0x00000212e99d0100 4110       1       java.lang.Math::min (12 bytes)
Event: 38.001 Thread 0x00000212e99d0100 nmethod 4110 0x00000212dfe77b10 code [0x00000212dfe77ca0, 0x00000212dfe77d58]
Event: 38.542 Thread 0x00000212e99d0100 4111       1       java.lang.invoke.BoundMethodHandle::bindSingle (7 bytes)
Event: 38.543 Thread 0x00000212e99d0100 nmethod 4111 0x00000212dfe77710 code [0x00000212dfe778a0, 0x00000212dfe77a28]
Event: 38.561 Thread 0x00000212e99d0100 4112       1       java.lang.invoke.SimpleMethodHandle::copyWithExtendL (7 bytes)
Event: 38.561 Thread 0x00000212e99d0100 nmethod 4112 0x00000212dfe77310 code [0x00000212dfe774a0, 0x00000212dfe77648]

GC Heap History (20 events):
Event: 2.740 GC heap before
{Heap before GC invocations=3 (full 0):
 garbage-first heap   total 131072K, used 18605K [0x0000000081400000, 0x0000000100000000)
  region size 1024K, 12 young (12288K), 3 survivors (3072K)
 Metaspace       used 21217K, committed 21504K, reserved 1114112K
  class space    used 2580K, committed 2752K, reserved 1048576K
}
Event: 2.744 GC heap after
{Heap after GC invocations=4 (full 0):
 garbage-first heap   total 131072K, used 11010K [0x0000000081400000, 0x0000000100000000)
  region size 1024K, 3 young (3072K), 3 survivors (3072K)
 Metaspace       used 21217K, committed 21504K, reserved 1114112K
  class space    used 2580K, committed 2752K, reserved 1048576K
}
Event: 3.067 GC heap before
{Heap before GC invocations=5 (full 0):
 garbage-first heap   total 40960K, used 30466K [0x0000000081400000, 0x0000000100000000)
  region size 1024K, 24 young (24576K), 3 survivors (3072K)
 Metaspace       used 26745K, committed 27008K, reserved 1114112K
  class space    used 3215K, committed 3328K, reserved 1048576K
}
Event: 3.074 GC heap after
{Heap after GC invocations=6 (full 0):
 garbage-first heap   total 40960K, used 12164K [0x0000000081400000, 0x0000000100000000)
  region size 1024K, 5 young (5120K), 5 survivors (5120K)
 Metaspace       used 26745K, committed 27008K, reserved 1114112K
  class space    used 3215K, committed 3328K, reserved 1048576K
}
Event: 17.960 GC heap before
{Heap before GC invocations=6 (full 0):
 garbage-first heap   total 40960K, used 26500K [0x0000000081400000, 0x0000000100000000)
  region size 1024K, 20 young (20480K), 5 survivors (5120K)
 Metaspace       used 29549K, committed 29888K, reserved 1114112K
  class space    used 3640K, committed 3840K, reserved 1048576K
}
Event: 17.970 GC heap after
{Heap after GC invocations=7 (full 0):
 garbage-first heap   total 40960K, used 13822K [0x0000000081400000, 0x0000000100000000)
  region size 1024K, 3 young (3072K), 3 survivors (3072K)
 Metaspace       used 29549K, committed 29888K, reserved 1114112K
  class space    used 3640K, committed 3840K, reserved 1048576K
}
Event: 20.725 GC heap before
{Heap before GC invocations=7 (full 0):
 garbage-first heap   total 40960K, used 28158K [0x0000000081400000, 0x0000000100000000)
  region size 1024K, 18 young (18432K), 3 survivors (3072K)
 Metaspace       used 30829K, committed 31104K, reserved 1114112K
  class space    used 3814K, committed 3968K, reserved 1048576K
}
Event: 20.730 GC heap after
{Heap after GC invocations=8 (full 0):
 garbage-first heap   total 40960K, used 15420K [0x0000000081400000, 0x0000000100000000)
  region size 1024K, 2 young (2048K), 2 survivors (2048K)
 Metaspace       used 30829K, committed 31104K, reserved 1114112K
  class space    used 3814K, committed 3968K, reserved 1048576K
}
Event: 21.660 GC heap before
{Heap before GC invocations=8 (full 0):
 garbage-first heap   total 40960K, used 28732K [0x0000000081400000, 0x0000000100000000)
  region size 1024K, 15 young (15360K), 2 survivors (2048K)
 Metaspace       used 31380K, committed 31680K, reserved 1114112K
  class space    used 3902K, committed 4096K, reserved 1048576K
}
Event: 21.664 GC heap after
{Heap after GC invocations=9 (full 0):
 garbage-first heap   total 40960K, used 16258K [0x0000000081400000, 0x0000000100000000)
  region size 1024K, 1 young (1024K), 1 survivors (1024K)
 Metaspace       used 31380K, committed 31680K, reserved 1114112K
  class space    used 3902K, committed 4096K, reserved 1048576K
}
Event: 22.068 GC heap before
{Heap before GC invocations=9 (full 0):
 garbage-first heap   total 40960K, used 29570K [0x0000000081400000, 0x0000000100000000)
  region size 1024K, 14 young (14336K), 1 survivors (1024K)
 Metaspace       used 33258K, committed 33664K, reserved 1114112K
  class space    used 4165K, committed 4352K, reserved 1048576K
}
Event: 22.071 GC heap after
{Heap after GC invocations=10 (full 0):
 garbage-first heap   total 40960K, used 17098K [0x0000000081400000, 0x0000000100000000)
  region size 1024K, 2 young (2048K), 2 survivors (2048K)
 Metaspace       used 33258K, committed 33664K, reserved 1114112K
  class space    used 4165K, committed 4352K, reserved 1048576K
}
Event: 22.443 GC heap before
{Heap before GC invocations=10 (full 0):
 garbage-first heap   total 40960K, used 30410K [0x0000000081400000, 0x0000000100000000)
  region size 1024K, 15 young (15360K), 2 survivors (2048K)
 Metaspace       used 34387K, committed 34752K, reserved 1114112K
  class space    used 4357K, committed 4544K, reserved 1048576K
}
Event: 22.448 GC heap after
{Heap after GC invocations=11 (full 0):
 garbage-first heap   total 40960K, used 18131K [0x0000000081400000, 0x0000000100000000)
  region size 1024K, 2 young (2048K), 2 survivors (2048K)
 Metaspace       used 34387K, committed 34752K, reserved 1114112K
  class space    used 4357K, committed 4544K, reserved 1048576K
}
Event: 22.676 GC heap before
{Heap before GC invocations=11 (full 0):
 garbage-first heap   total 40960K, used 25299K [0x0000000081400000, 0x0000000100000000)
  region size 1024K, 10 young (10240K), 2 survivors (2048K)
 Metaspace       used 35735K, committed 36096K, reserved 1114112K
  class space    used 4554K, committed 4736K, reserved 1048576K
}
Event: 22.681 GC heap after
{Heap after GC invocations=12 (full 0):
 garbage-first heap   total 49152K, used 18705K [0x0000000081400000, 0x0000000100000000)
  region size 1024K, 2 young (2048K), 2 survivors (2048K)
 Metaspace       used 35735K, committed 36096K, reserved 1114112K
  class space    used 4554K, committed 4736K, reserved 1048576K
}
Event: 26.095 GC heap before
{Heap before GC invocations=13 (full 0):
 garbage-first heap   total 49152K, used 38161K [0x0000000081400000, 0x0000000100000000)
  region size 1024K, 21 young (21504K), 2 survivors (2048K)
 Metaspace       used 38820K, committed 39296K, reserved 1114112K
  class space    used 5035K, committed 5248K, reserved 1048576K
}
Event: 26.100 GC heap after
{Heap after GC invocations=14 (full 0):
 garbage-first heap   total 49152K, used 20797K [0x0000000081400000, 0x0000000100000000)
  region size 1024K, 3 young (3072K), 3 survivors (3072K)
 Metaspace       used 38820K, committed 39296K, reserved 1114112K
  class space    used 5035K, committed 5248K, reserved 1048576K
}
Event: 27.537 GC heap before
{Heap before GC invocations=14 (full 0):
 garbage-first heap   total 49152K, used 38205K [0x0000000081400000, 0x0000000100000000)
  region size 1024K, 20 young (20480K), 3 survivors (3072K)
 Metaspace       used 40569K, committed 41088K, reserved 1114112K
  class space    used 5275K, committed 5504K, reserved 1048576K
}
Event: 27.544 GC heap after
{Heap after GC invocations=15 (full 0):
 garbage-first heap   total 49152K, used 21783K [0x0000000081400000, 0x0000000100000000)
  region size 1024K, 2 young (2048K), 2 survivors (2048K)
 Metaspace       used 40569K, committed 41088K, reserved 1114112K
  class space    used 5275K, committed 5504K, reserved 1048576K
}

Dll operation events (8 events):
Event: 0.015 Loaded shared library C:\Users\pc\Downloads\spring-tool-suite-4-4.19.0.RELEASE-e4.28.0-win32.win32.x86_64.self-extracting (1)\sts-4.19.0.RELEASE\plugins\org.eclipse.justj.openjdk.hotspot.jre.full.win32.x86_64_17.0.7.v20230425-1502\jre\bin\java.dll
Event: 0.316 Loaded shared library C:\Users\pc\Downloads\spring-tool-suite-4-4.19.0.RELEASE-e4.28.0-win32.win32.x86_64.self-extracting (1)\sts-4.19.0.RELEASE\plugins\org.eclipse.justj.openjdk.hotspot.jre.full.win32.x86_64_17.0.7.v20230425-1502\jre\bin\jimage.dll
Event: 0.336 Loaded shared library C:\Users\pc\Downloads\spring-tool-suite-4-4.19.0.RELEASE-e4.28.0-win32.win32.x86_64.self-extracting (1)\sts-4.19.0.RELEASE\plugins\org.eclipse.justj.openjdk.hotspot.jre.full.win32.x86_64_17.0.7.v20230425-1502\jre\bin\net.dll
Event: 0.338 Loaded shared library C:\Users\pc\Downloads\spring-tool-suite-4-4.19.0.RELEASE-e4.28.0-win32.win32.x86_64.self-extracting (1)\sts-4.19.0.RELEASE\plugins\org.eclipse.justj.openjdk.hotspot.jre.full.win32.x86_64_17.0.7.v20230425-1502\jre\bin\nio.dll
Event: 0.346 Loaded shared library C:\Users\pc\Downloads\spring-tool-suite-4-4.19.0.RELEASE-e4.28.0-win32.win32.x86_64.self-extracting (1)\sts-4.19.0.RELEASE\plugins\org.eclipse.justj.openjdk.hotspot.jre.full.win32.x86_64_17.0.7.v20230425-1502\jre\bin\zip.dll
Event: 0.434 Loaded shared library C:\Users\pc\Downloads\spring-tool-suite-4-4.19.0.RELEASE-e4.28.0-win32.win32.x86_64.self-extracting (1)\sts-4.19.0.RELEASE\plugins\org.eclipse.justj.openjdk.hotspot.jre.full.win32.x86_64_17.0.7.v20230425-1502\jre\bin\management.dll
Event: 0.453 Loaded shared library C:\Users\pc\Downloads\spring-tool-suite-4-4.19.0.RELEASE-e4.28.0-win32.win32.x86_64.self-extracting (1)\sts-4.19.0.RELEASE\plugins\org.eclipse.justj.openjdk.hotspot.jre.full.win32.x86_64_17.0.7.v20230425-1502\jre\bin\management_ext.d
Event: 8.055 Loaded shared library C:\Users\pc\Downloads\spring-tool-suite-4-4.19.0.RELEASE-e4.28.0-win32.win32.x86_64.self-extracting (1)\sts-4.19.0.RELEASE\plugins\org.eclipse.justj.openjdk.hotspot.jre.full.win32.x86_64_17.0.7.v20230425-1502\jre\bin\sunmscapi.dll

Deoptimization events (4 events):
Event: 3.098 Thread 0x00000212ee5749c0 DEOPT PACKING pc=0x00000212dfdf9819 sp=0x0000005ffbbfc910
Event: 3.098 Thread 0x00000212ee5749c0 DEOPT UNPACKING pc=0x00000212df987143 sp=0x0000005ffbbfbdf0 mode 3
Event: 10.547 Thread 0x00000212ee5749c0 DEOPT PACKING pc=0x00000212dfab1fd5 sp=0x0000005ffbbfcf80
Event: 10.547 Thread 0x00000212ee5749c0 DEOPT UNPACKING pc=0x00000212df987143 sp=0x0000005ffbbfc428 mode 3

Classes unloaded (0 events):
No events

Classes redefined (0 events):
No events

Internal exceptions (20 events):
Event: 22.748 Thread 0x00000212ee5749c0 Exception <a 'java/lang/NoSuchMethodError'{0x0000000088a95310}: 'void java.lang.invoke.DirectMethodHandle$Holder.invokeSpecial(java.lang.Object, java.lang.Object, java.lang.Object, java.lang.Object, java.lang.Object, java.lang.Object)'> (0x0000000088a95310) 
thrown [s\src\hotspot\share\interpreter\linkResolver.cpp, line 759]
Event: 23.049 Thread 0x00000212ee5749c0 Exception <a 'java/lang/NoSuchMethodError'{0x0000000083e83640}: 'java.lang.Object java.lang.invoke.DirectMethodHandle$Holder.invokeSpecialIFC(java.lang.Object, java.lang.Object, java.lang.Object)'> (0x0000000083e83640) 
thrown [s\src\hotspot\share\interpreter\linkResolver.cpp, line 759]
Event: 24.186 Thread 0x00000212ee5749c0 Exception <a 'java/lang/NoSuchMethodError'{0x00000000838029c8}: 'void java.lang.invoke.DirectMethodHandle$Holder.invokeInterface(java.lang.Object, java.lang.Object, int)'> (0x00000000838029c8) 
thrown [s\src\hotspot\share\interpreter\linkResolver.cpp, line 759]
Event: 24.190 Thread 0x00000212ee5749c0 Exception <a 'java/lang/IncompatibleClassChangeError'{0x0000000083852768}: Found class java.lang.Object, but interface was expected> (0x0000000083852768) 
thrown [s\src\hotspot\share\interpreter\linkResolver.cpp, line 826]
Event: 24.193 Thread 0x00000212ee5749c0 Exception <a 'java/lang/NoSuchMethodError'{0x000000008386b7f0}: 'void java.lang.invoke.DirectMethodHandle$Holder.invokeStatic(java.lang.Object, int, java.lang.Object)'> (0x000000008386b7f0) 
thrown [s\src\hotspot\share\interpreter\linkResolver.cpp, line 759]
Event: 24.235 Thread 0x00000212ee5749c0 Exception <a 'java/lang/NoSuchMethodError'{0x00000000838a7e70}: 'void java.lang.invoke.DirectMethodHandle$Holder.invokeVirtual(java.lang.Object, java.lang.Object, int)'> (0x00000000838a7e70) 
thrown [s\src\hotspot\share\interpreter\linkResolver.cpp, line 759]
Event: 24.236 Thread 0x00000212ee5749c0 Exception <a 'java/lang/NoSuchMethodError'{0x00000000838ae0b8}: 'void java.lang.invoke.DirectMethodHandle$Holder.invokeStatic(java.lang.Object, java.lang.Object, java.lang.Object, int, java.lang.Object)'> (0x00000000838ae0b8) 
thrown [s\src\hotspot\share\interpreter\linkResolver.cpp, line 759]
Event: 24.236 Thread 0x00000212ee5749c0 Exception <a 'java/lang/NoSuchMethodError'{0x00000000838b55d0}: 'java.lang.Object java.lang.invoke.DirectMethodHandle$Holder.newInvokeSpecial(java.lang.Object, java.lang.Object, java.lang.Object, int)'> (0x00000000838b55d0) 
thrown [s\src\hotspot\share\interpreter\linkResolver.cpp, line 759]
Event: 24.236 Thread 0x00000212ee5749c0 Exception <a 'java/lang/NoSuchMethodError'{0x00000000838b98b8}: 'java.lang.Object java.lang.invoke.DirectMethodHandle$Holder.invokeSpecial(java.lang.Object, java.lang.Object, java.lang.Object, java.lang.Object, int)'> (0x00000000838b98b8) 
thrown [s\src\hotspot\share\interpreter\linkResolver.cpp, line 759]
Event: 24.236 Thread 0x00000212ee5749c0 Exception <a 'java/lang/NoSuchMethodError'{0x00000000838bd480}: 'java.lang.Object java.lang.invoke.Invokers$Holder.linkToTargetMethod(java.lang.Object, java.lang.Object, int, java.lang.Object)'> (0x00000000838bd480) 
thrown [s\src\hotspot\share\interpreter\linkResolver.cpp, line 759]
Event: 26.278 Thread 0x00000212ee5749c0 Exception <a 'sun/nio/fs/WindowsException'{0x00000000888d4040}> (0x00000000888d4040) 
thrown [s\src\hotspot\share\prims\jni.cpp, line 516]
Event: 26.278 Thread 0x00000212ee5749c0 Exception <a 'sun/nio/fs/WindowsException'{0x00000000888d99b0}> (0x00000000888d99b0) 
thrown [s\src\hotspot\share\prims\jni.cpp, line 516]
Event: 26.279 Thread 0x00000212ee5749c0 Exception <a 'sun/nio/fs/WindowsException'{0x00000000888da058}> (0x00000000888da058) 
thrown [s\src\hotspot\share\prims\jni.cpp, line 516]
Event: 26.414 Thread 0x00000212ee5749c0 Exception <a 'java/lang/NoSuchMethodError'{0x0000000083e1ce58}: 'java.lang.Object java.lang.invoke.DirectMethodHandle$Holder.invokeSpecial(java.lang.Object, java.lang.Object, long, java.lang.Object, java.lang.Object, java.lang.Object, java.lang.Object, java.lang.Object, java.lang.Object)'> (0x0000000083e1ce58) 
thrown [s\src\hotspot\share\interpreter\linkResolver.cpp, line 759]
Event: 26.414 Thread 0x00000212ee5749c0 Exception <a 'java/lang/NoSuchMethodError'{0x0000000083e21980}: 'java.lang.Object java.lang.invoke.DelegatingMethodHandle$Holder.reinvoke_L(java.lang.Object, long, java.lang.Object, java.lang.Object, java.lang.Object, java.lang.Object, java.lang.Object, java.lang.Object)'> (0x0000000083e21980) 
thrown [s\src\hotspot\share\interpreter\linkResolver.cpp, line 759]
Event: 26.698 Thread 0x00000212ee5749c0 Exception <a 'java/io/FileNotFoundException'{0x0000000083d74cf0}> (0x0000000083d74cf0) 
thrown [s\src\hotspot\share\prims\jni.cpp, line 516]
Event: 26.755 Thread 0x00000212ee5749c0 Exception <a 'java/lang/NoSuchMethodError'{0x0000000083ce6f40}: 'int java.lang.invoke.DirectMethodHandle$Holder.invokeInterface(java.lang.Object, java.lang.Object, java.lang.Object, java.lang.Object)'> (0x0000000083ce6f40) 
thrown [s\src\hotspot\share\interpreter\linkResolver.cpp, line 759]
Event: 26.868 Thread 0x00000212ee5749c0 Exception <a 'java/lang/NoSuchMethodError'{0x0000000083962fb0}: 'long java.lang.invoke.DirectMethodHandle$Holder.invokeVirtual(java.lang.Object, java.lang.Object)'> (0x0000000083962fb0) 
thrown [s\src\hotspot\share\interpreter\linkResolver.cpp, line 759]
Event: 26.875 Thread 0x00000212ee5749c0 Exception <a 'java/io/FileNotFoundException'{0x00000000839954a8}> (0x00000000839954a8) 
thrown [s\src\hotspot\share\prims\jni.cpp, line 516]
Event: 27.546 Thread 0x00000212ee5749c0 Exception <a 'sun/nio/fs/WindowsException'{0x0000000089308fb8}> (0x0000000089308fb8) 
thrown [s\src\hotspot\share\prims\jni.cpp, line 516]

VM Operations (20 events):
Event: 26.805 Executing VM operation: HandshakeAllThreads
Event: 26.805 Executing VM operation: HandshakeAllThreads done
Event: 26.918 Executing VM operation: HandshakeAllThreads
Event: 26.918 Executing VM operation: HandshakeAllThreads done
Event: 27.145 Executing VM operation: HandshakeAllThreads
Event: 27.145 Executing VM operation: HandshakeAllThreads done
Event: 27.145 Executing VM operation: Cleanup
Event: 27.145 Executing VM operation: Cleanup done
Event: 27.537 Executing VM operation: G1CollectForAllocation
Event: 27.544 Executing VM operation: G1CollectForAllocation done
Event: 29.552 Executing VM operation: Cleanup
Event: 29.552 Executing VM operation: Cleanup done
Event: 33.578 Executing VM operation: Cleanup
Event: 33.578 Executing VM operation: Cleanup done
Event: 34.588 Executing VM operation: Cleanup
Event: 34.589 Executing VM operation: Cleanup done
Event: 37.592 Executing VM operation: Cleanup
Event: 37.593 Executing VM operation: Cleanup done
Event: 38.605 Executing VM operation: Cleanup
Event: 38.606 Executing VM operation: Cleanup done

Events (20 events):
Event: 26.934 loading class java/util/concurrent/ForkJoinPool$DefaultCommonPoolForkJoinWorkerThreadFactory
Event: 26.934 loading class java/util/concurrent/ForkJoinPool$DefaultCommonPoolForkJoinWorkerThreadFactory done
Event: 26.934 loading class java/util/concurrent/ForkJoinPool$WorkQueue
Event: 26.934 loading class java/util/concurrent/ForkJoinPool$WorkQueue done
Event: 26.934 loading class java/util/concurrent/ForkJoinWorkerThread
Event: 26.934 loading class java/util/concurrent/ForkJoinWorkerThread done
Event: 26.954 loading class java/util/concurrent/locks/AbstractQueuedSynchronizer$ExclusiveNode
Event: 26.954 loading class java/util/concurrent/locks/AbstractQueuedSynchronizer$ExclusiveNode done
Event: 27.111 Thread 0x00000212ee575360 Thread added: 0x00000212ee575360
Event: 27.145 loading class java/util/concurrent/Executors$FinalizableDelegatedExecutorService
Event: 27.145 loading class java/util/concurrent/Executors$DelegatedExecutorService
Event: 27.145 loading class java/util/concurrent/Executors$DelegatedExecutorService done
Event: 27.145 loading class java/util/concurrent/Executors$FinalizableDelegatedExecutorService done
Event: 27.146 Thread 0x00000212ef3667c0 Thread added: 0x00000212ef3667c0
Event: 27.530 loading class javax/naming/Referenceable
Event: 27.530 loading class javax/naming/Referenceable done
Event: 29.071 loading class java/lang/instrument/ClassFileTransformer
Event: 29.072 loading class java/lang/instrument/ClassFileTransformer done
Event: 35.988 loading class java/util/ImmutableCollections$Map1
Event: 35.988 loading class java/util/ImmutableCollections$Map1 done


Dynamic libraries:
0x00007ff6ab2a0000 - 0x00007ff6ab2ae000 	C:\Users\pc\Downloads\spring-tool-suite-4-4.19.0.RELEASE-e4.28.0-win32.win32.x86_64.self-extracting (1)\sts-4.19.0.RELEASE\plugins\org.eclipse.justj.openjdk.hotspot.jre.full.win32.x86_64_17.0.7.v20230425-1502\jre\bin\javaw.exe
0x00007ffbda690000 - 0x00007ffbda888000 	C:\WINDOWS\SYSTEM32\ntdll.dll
0x00007ffbd9d90000 - 0x00007ffbd9e4d000 	C:\WINDOWS\System32\KERNEL32.DLL
0x00007ffbd7f30000 - 0x00007ffbd8226000 	C:\WINDOWS\System32\KERNELBASE.dll
0x00007ffbd83b0000 - 0x00007ffbd84b0000 	C:\WINDOWS\System32\ucrtbase.dll
0x00007ffb98600000 - 0x00007ffb98617000 	C:\Users\pc\Downloads\spring-tool-suite-4-4.19.0.RELEASE-e4.28.0-win32.win32.x86_64.self-extracting (1)\sts-4.19.0.RELEASE\plugins\org.eclipse.justj.openjdk.hotspot.jre.full.win32.x86_64_17.0.7.v20230425-1502\jre\bin\jli.dll
0x00007ffbda050000 - 0x00007ffbda1ee000 	C:\WINDOWS\System32\USER32.dll
0x00007ffbd8380000 - 0x00007ffbd83a2000 	C:\WINDOWS\System32\win32u.dll
0x00007ffbd9270000 - 0x00007ffbd929c000 	C:\WINDOWS\System32\GDI32.dll
0x00007ffbd8230000 - 0x00007ffbd834a000 	C:\WINDOWS\System32\gdi32full.dll
0x00007ffbd8730000 - 0x00007ffbd87cd000 	C:\WINDOWS\System32\msvcp_win.dll
0x00007ffb985e0000 - 0x00007ffb985f9000 	C:\Users\pc\Downloads\spring-tool-suite-4-4.19.0.RELEASE-e4.28.0-win32.win32.x86_64.self-extracting (1)\sts-4.19.0.RELEASE\plugins\org.eclipse.justj.openjdk.hotspot.jre.full.win32.x86_64_17.0.7.v20230425-1502\jre\bin\VCRUNTIME140.dll
0x00007ffbcb9e0000 - 0x00007ffbcbc7a000 	C:\WINDOWS\WinSxS\amd64_microsoft.windows.common-controls_6595b64144ccf1df_6.0.19041.3636_none_60b6a03d71f818d5\COMCTL32.dll
0x00007ffbd9670000 - 0x00007ffbd970e000 	C:\WINDOWS\System32\msvcrt.dll
0x00007ffbd9f80000 - 0x00007ffbd9fb0000 	C:\WINDOWS\System32\IMM32.DLL
0x00007ffb99cc0000 - 0x00007ffb99ccc000 	C:\Users\pc\Downloads\spring-tool-suite-4-4.19.0.RELEASE-e4.28.0-win32.win32.x86_64.self-extracting (1)\sts-4.19.0.RELEASE\plugins\org.eclipse.justj.openjdk.hotspot.jre.full.win32.x86_64_17.0.7.v20230425-1502\jre\bin\vcruntime140_1.dll
0x00007ffb86150000 - 0x00007ffb861e1000 	C:\Users\pc\Downloads\spring-tool-suite-4-4.19.0.RELEASE-e4.28.0-win32.win32.x86_64.self-extracting (1)\sts-4.19.0.RELEASE\plugins\org.eclipse.justj.openjdk.hotspot.jre.full.win32.x86_64_17.0.7.v20230425-1502\jre\bin\msvcp140.dll
0x00007ffb89e20000 - 0x00007ffb8aa68000 	C:\Users\pc\Downloads\spring-tool-suite-4-4.19.0.RELEASE-e4.28.0-win32.win32.x86_64.self-extracting (1)\sts-4.19.0.RELEASE\plugins\org.eclipse.justj.openjdk.hotspot.jre.full.win32.x86_64_17.0.7.v20230425-1502\jre\bin\server\jvm.dll
0x00007ffbd91b0000 - 0x00007ffbd9263000 	C:\WINDOWS\System32\ADVAPI32.dll
0x00007ffbd9fb0000 - 0x00007ffbda04f000 	C:\WINDOWS\System32\sechost.dll
0x00007ffbd9010000 - 0x00007ffbd9136000 	C:\WINDOWS\System32\RPCRT4.dll
0x00007ffbd8350000 - 0x00007ffbd8377000 	C:\WINDOWS\System32\bcrypt.dll
0x00007ffbbc2b0000 - 0x00007ffbbc2b9000 	C:\WINDOWS\SYSTEM32\WSOCK32.dll
0x00007ffbd9600000 - 0x00007ffbd966b000 	C:\WINDOWS\System32\WS2_32.dll
0x00007ffbcd230000 - 0x00007ffbcd257000 	C:\WINDOWS\SYSTEM32\WINMM.dll
0x00007ffbc9160000 - 0x00007ffbc916a000 	C:\WINDOWS\SYSTEM32\VERSION.dll
0x00007ffbd5bf0000 - 0x00007ffbd5c02000 	C:\WINDOWS\SYSTEM32\kernel.appcore.dll
0x00007ffbb9040000 - 0x00007ffbb904a000 	C:\Users\pc\Downloads\spring-tool-suite-4-4.19.0.RELEASE-e4.28.0-win32.win32.x86_64.self-extracting (1)\sts-4.19.0.RELEASE\plugins\org.eclipse.justj.openjdk.hotspot.jre.full.win32.x86_64_17.0.7.v20230425-1502\jre\bin\jimage.dll
0x00007ffbcfb00000 - 0x00007ffbcfce4000 	C:\WINDOWS\SYSTEM32\DBGHELP.DLL
0x00007ffbcf070000 - 0x00007ffbcf0a4000 	C:\WINDOWS\SYSTEM32\dbgcore.DLL
0x00007ffbd7ea0000 - 0x00007ffbd7f22000 	C:\WINDOWS\System32\bcryptPrimitives.dll
0x00007ffbabe70000 - 0x00007ffbabe95000 	C:\Users\pc\Downloads\spring-tool-suite-4-4.19.0.RELEASE-e4.28.0-win32.win32.x86_64.self-extracting (1)\sts-4.19.0.RELEASE\plugins\org.eclipse.justj.openjdk.hotspot.jre.full.win32.x86_64_17.0.7.v20230425-1502\jre\bin\java.dll
0x00007ffbb6e00000 - 0x00007ffbb6e18000 	C:\Users\pc\Downloads\spring-tool-suite-4-4.19.0.RELEASE-e4.28.0-win32.win32.x86_64.self-extracting (1)\sts-4.19.0.RELEASE\plugins\org.eclipse.justj.openjdk.hotspot.jre.full.win32.x86_64_17.0.7.v20230425-1502\jre\bin\zip.dll
0x00007ffbd88b0000 - 0x00007ffbd8ff5000 	C:\WINDOWS\System32\SHELL32.dll
0x00007ffbd5f00000 - 0x00007ffbd669b000 	C:\WINDOWS\SYSTEM32\windows.storage.dll
0x00007ffbd92a0000 - 0x00007ffbd95f4000 	C:\WINDOWS\System32\combase.dll
0x00007ffbd77b0000 - 0x00007ffbd77dd000 	C:\WINDOWS\SYSTEM32\Wldp.dll
0x00007ffbd9b80000 - 0x00007ffbd9c2d000 	C:\WINDOWS\System32\SHCORE.dll
0x00007ffbd9140000 - 0x00007ffbd9195000 	C:\WINDOWS\System32\shlwapi.dll
0x00007ffbd7d80000 - 0x00007ffbd7da5000 	C:\WINDOWS\SYSTEM32\profapi.dll
0x00007ffbb4a30000 - 0x00007ffbb4a49000 	C:\Users\pc\Downloads\spring-tool-suite-4-4.19.0.RELEASE-e4.28.0-win32.win32.x86_64.self-extracting (1)\sts-4.19.0.RELEASE\plugins\org.eclipse.justj.openjdk.hotspot.jre.full.win32.x86_64_17.0.7.v20230425-1502\jre\bin\net.dll
0x00007ffbcfee0000 - 0x00007ffbcffea000 	C:\WINDOWS\SYSTEM32\WINHTTP.dll
0x00007ffbd7510000 - 0x00007ffbd757a000 	C:\WINDOWS\system32\mswsock.dll
0x00007ffbb0a70000 - 0x00007ffbb0a85000 	C:\Users\pc\Downloads\spring-tool-suite-4-4.19.0.RELEASE-e4.28.0-win32.win32.x86_64.self-extracting (1)\sts-4.19.0.RELEASE\plugins\org.eclipse.justj.openjdk.hotspot.jre.full.win32.x86_64_17.0.7.v20230425-1502\jre\bin\nio.dll
0x00007ffbab8d0000 - 0x00007ffbab8d9000 	C:\Users\pc\Downloads\spring-tool-suite-4-4.19.0.RELEASE-e4.28.0-win32.win32.x86_64.self-extracting (1)\sts-4.19.0.RELEASE\plugins\org.eclipse.justj.openjdk.hotspot.jre.full.win32.x86_64_17.0.7.v20230425-1502\jre\bin\management.dll
0x00007ffbab8c0000 - 0x00007ffbab8cb000 	C:\Users\pc\Downloads\spring-tool-suite-4-4.19.0.RELEASE-e4.28.0-win32.win32.x86_64.self-extracting (1)\sts-4.19.0.RELEASE\plugins\org.eclipse.justj.openjdk.hotspot.jre.full.win32.x86_64_17.0.7.v20230425-1502\jre\bin\management_ext.dll
0x00007ffbd9c50000 - 0x00007ffbd9c58000 	C:\WINDOWS\System32\PSAPI.DLL
0x00007ffbc9060000 - 0x00007ffbc9077000 	C:\WINDOWS\system32\napinsp.dll
0x00007ffbc78a0000 - 0x00007ffbc78bb000 	C:\WINDOWS\system32\pnrpnsp.dll
0x00007ffbbb810000 - 0x00007ffbbb825000 	C:\WINDOWS\system32\wshbth.dll
0x00007ffbd1990000 - 0x00007ffbd19ad000 	C:\WINDOWS\system32\NLAapi.dll
0x00007ffbd7200000 - 0x00007ffbd723b000 	C:\WINDOWS\SYSTEM32\IPHLPAPI.DLL
0x00007ffbd7250000 - 0x00007ffbd731a000 	C:\WINDOWS\SYSTEM32\DNSAPI.dll
0x00007ffbd91a0000 - 0x00007ffbd91a8000 	C:\WINDOWS\System32\NSI.dll
0x00007ffbc7880000 - 0x00007ffbc7892000 	C:\WINDOWS\System32\winrnr.dll
0x00007ffbc9150000 - 0x00007ffbc915a000 	C:\Windows\System32\rasadhlp.dll
0x00007ffbca4c0000 - 0x00007ffbca540000 	C:\WINDOWS\System32\fwpuclnt.dll
0x00007ffbd7700000 - 0x00007ffbd7718000 	C:\WINDOWS\SYSTEM32\CRYPTSP.dll
0x00007ffbd6e40000 - 0x00007ffbd6e74000 	C:\WINDOWS\system32\rsaenh.dll
0x00007ffbd7d00000 - 0x00007ffbd7d2e000 	C:\WINDOWS\SYSTEM32\USERENV.dll
0x00007ffbd7720000 - 0x00007ffbd772c000 	C:\WINDOWS\SYSTEM32\CRYPTBASE.dll
0x00007ffbd0b20000 - 0x00007ffbd0b37000 	C:\WINDOWS\SYSTEM32\dhcpcsvc6.DLL
0x00007ffbd10d0000 - 0x00007ffbd10ed000 	C:\WINDOWS\SYSTEM32\dhcpcsvc.DLL
0x00007ffbaf0b0000 - 0x00007ffbaf0be000 	C:\Users\pc\Downloads\spring-tool-suite-4-4.19.0.RELEASE-e4.28.0-win32.win32.x86_64.self-extracting (1)\sts-4.19.0.RELEASE\plugins\org.eclipse.justj.openjdk.hotspot.jre.full.win32.x86_64_17.0.7.v20230425-1502\jre\bin\sunmscapi.dll
0x00007ffbd8560000 - 0x00007ffbd86bd000 	C:\WINDOWS\System32\CRYPT32.dll
0x00007ffbd7820000 - 0x00007ffbd7848000 	C:\WINDOWS\SYSTEM32\ncrypt.dll
0x00007ffbd77e0000 - 0x00007ffbd781b000 	C:\WINDOWS\SYSTEM32\NTASN1.dll

dbghelp: loaded successfully - version: 4.0.5 - missing functions: none
symbol engine: initialized successfully - sym options: 0x614 - pdb path: .;C:\Users\pc\Downloads\spring-tool-suite-4-4.19.0.RELEASE-e4.28.0-win32.win32.x86_64.self-extracting (1)\sts-4.19.0.RELEASE\plugins\org.eclipse.justj.openjdk.hotspot.jre.full.win32.x86_64_17.0.7.v20230425-1502\jre\bin;C:\WINDOWS\SYSTEM32;C:\WINDOWS\WinSxS\amd64_microsoft.windows.common-controls_6595b64144ccf1df_6.0.19041.3636_none_60b6a03d71f818d5;C:\Users\pc\Downloads\spring-tool-suite-4-4.19.0.RELEASE-e4.28.0-win32.win32.x86_64.self-extracting (1)\sts-4.19.0.RELEASE\plugins\org.eclipse.justj.openjdk.hotspot.jre.full.win32.x86_64_17.0.7.v20230425-1502\jre\bin\server

VM Arguments:
jvm_args: -Dcom.sun.management.jmxremote -Dcom.sun.management.jmxremote.port=62283 -Dcom.sun.management.jmxremote.authenticate=false -Dcom.sun.management.jmxremote.ssl=false -Djava.rmi.server.hostname=localhost -Dspring.jmx.enabled=true -Dmanagement.endpoints.jmx.exposure.include=* -Dspring.application.admin.enabled=true -XX:TieredStopAtLevel=1 -Dspring.boot.project.name=back-end-ecom -Dfile.encoding=UTF-8 -XX:+ShowCodeDetailsInExceptionMessages 
java_command: com.example.demo.BackEndEcomApplication --spring.output.ansi.enabled=always
java_class_path (initial): C:\Users\pc\Documents\workspace-spring-tool-suite-4-4.19.0.RELEASE\back-end-ecom\target\classes;C:\Users\pc\.m2\repository\org\springframework\boot\spring-boot-starter-data-jpa\3.2.1\spring-boot-starter-data-jpa-3.2.1.jar;C:\Users\pc\.m2\repository\org\springframework\boot\spring-boot-starter-aop\3.2.1\spring-boot-starter-aop-3.2.1.jar;C:\Users\pc\.m2\repository\org\aspectj\aspectjweaver\1.9.21\aspectjweaver-1.9.21.jar;C:\Users\pc\.m2\repository\org\hibernate\orm\hibernate-core\6.4.1.Final\hibernate-core-6.4.1.Final.jar;C:\Users\pc\.m2\repository\jakarta\persistence\jakarta.persistence-api\3.1.0\jakarta.persistence-api-3.1.0.jar;C:\Users\pc\.m2\repository\jakarta\transaction\jakarta.transaction-api\2.0.1\jakarta.transaction-api-2.0.1.jar;C:\Users\pc\.m2\repository\org\jboss\logging\jboss-logging\3.5.3.Final\jboss-logging-3.5.3.Final.jar;C:\Users\pc\.m2\repository\org\hibernate\common\hibernate-commons-annotations\6.0.6.Final\hibernate-commons-annotations-6.0.6.Final.jar;C:\Users\pc\.m2\repository\io\smallrye\jandex\3.1.2\jandex-3.1.2.jar;C:\Users\pc\.m2\repository\com\fasterxml\classmate\1.6.0\classmate-1.6.0.jar;C:\Users\pc\.m2\repository\net\bytebuddy\byte-buddy\1.14.10\byte-buddy-1.14.10.jar;C:\Users\pc\.m2\repository\org\glassfish\jaxb\jaxb-runtime\4.0.4\jaxb-runtime-4.0.4.jar;C:\Users\pc\.m2\repository\org\glassfish\jaxb\jaxb-core\4.0.4\jaxb-core-4.0.4.jar;C:\Users\pc\.m2\repository\org\eclipse\angus\angus-activation\2.0.1\angus-activation-2.0.1.jar;C:\Users\pc\.m2\repository\org\glassfish\jaxb\txw2\4.0.4\txw2-4.0.4.jar;C:\Users\pc\.m2\repository\com\sun\istack\istack-commons-runtime\4.1.2\istack-commons-runtime-4.1.2.jar;C:\Users\pc\.m2\repository\jakarta\inject\jakarta.inject-api\2.0.1\jakarta.inject-api-2.0.1.jar;C:\Users\pc\.m2\repository\org\antlr\antlr4-runtime\4.13.0\antlr4-runtime-4.13.0.jar;C:\Users\pc\.m2\repository\org\springframework\data\spring-data-jpa\3.2.1\spring-data-jpa-3.2.1.jar;C:\Users\pc\.m2\repository\org\spri
Launcher Type: SUN_STANDARD

[Global flags]
     intx CICompilerCount                          = 3                                         {product} {ergonomic}
     uint ConcGCThreads                            = 1                                         {product} {ergonomic}
     uint G1ConcRefinementThreads                  = 4                                         {product} {ergonomic}
   size_t G1HeapRegionSize                         = 1048576                                   {product} {ergonomic}
    uintx GCDrainStackTargetSize                   = 64                                        {product} {ergonomic}
   size_t InitialHeapSize                          = 134217728                                 {product} {ergonomic}
     bool ManagementServer                         = true                                      {product} {command line}
   size_t MarkStackSize                            = 4194304                                   {product} {ergonomic}
   size_t MaxHeapSize                              = 2126512128                                {product} {ergonomic}
   size_t MaxNewSize                               = 1275068416                                {product} {ergonomic}
   size_t MinHeapDeltaBytes                        = 1048576                                   {product} {ergonomic}
   size_t MinHeapSize                              = 8388608                                   {product} {ergonomic}
    uintx NonProfiledCodeHeapSize                  = 0                                      {pd product} {ergonomic}
     bool ProfileInterpreter                       = false                                  {pd product} {command line}
    uintx ProfiledCodeHeapSize                     = 0                                      {pd product} {ergonomic}
     bool ShowCodeDetailsInExceptionMessages       = true                                   {manageable} {command line}
   size_t SoftMaxHeapSize                          = 2126512128                             {manageable} {ergonomic}
     intx TieredStopAtLevel                        = 1                                         {product} {command line}
     bool UseCompressedClassPointers               = true                           {product lp64_product} {ergonomic}
     bool UseCompressedOops                        = true                           {product lp64_product} {ergonomic}
     bool UseG1GC                                  = true                                      {product} {ergonomic}
     bool UseLargePagesIndividualAllocation        = false                                  {pd product} {ergonomic}

Logging:
Log output configuration:
 #0: stdout all=warning uptime,level,tags
 #1: stderr all=off uptime,level,tags

Environment Variables:
JAVA_HOME=C:\Program Files\Java\jdk-19
PATH=C:/Users/pc/Downloads/spring-tool-suite-4-4.19.0.RELEASE-e4.28.0-win32.win32.x86_64.self-extracting (1)/sts-4.19.0.RELEASE//plugins/org.eclipse.justj.openjdk.hotspot.jre.full.win32.x86_64_17.0.7.v20230425-1502/jre/bin/server;C:/Users/pc/Downloads/spring-tool-suite-4-4.19.0.RELEASE-e4.28.0-win32.win32.x86_64.self-extracting (1)/sts-4.19.0.RELEASE//plugins/org.eclipse.justj.openjdk.hotspot.jre.full.win32.x86_64_17.0.7.v20230425-1502/jre/bin;C:\Program Files\Common Files\Oracle\Java\javapath;C:\Program Files (x86)\AMD APP\bin\x86_64;C:\Program Files (x86)\AMD APP\bin\x86;C:\WINDOWS\system32;C:\WINDOWS;C:\WINDOWS\System32\Wbem;C:\WINDOWS\System32\WindowsPowerShell\v1.0\;C:\Program Files\nodejs\;C:\Program Files (x86)\Intel\OpenCL SDK\3.0\bin\x86;C:\Program Files (x86)\Intel\OpenCL SDK\3.0\bin\x64;C:\WINDOWS\System32\OpenSSH\;C:\Program Files\Java\jdk-1.bin;C:\Program Files\Java\jdk-19\bin;C:\Program Files\Git\cmd;C:\Program Files (x86)\Common Files\DivX Shared\DesktopService;C:\xampp\php;C:\composer;C:\Program Files\PuTTY\;C:\Program Files\Amazon\AWSCLIV2\;C:\Users\pc\AppData\Local\Microsoft\WindowsApps;C:\Users\pc\AppData\Local\Programs\Microsoft VS Code\bin;C:\Users\pc\AppData\Roaming\npm;C:\Users\pc\AppData\Local\GitHubDesktop\bin;C:\Users\pc\AppData\Roaming\Composer\vendor\bin;C:\Users\pc\Downloads\spring-tool-suite-4-4.19.0.RELEASE-e4.28.0-win32.win32.x86_64.self-extracting (1)\sts-4.19.0.RELEASE;
USERNAME=pc
OS=Windows_NT
PROCESSOR_IDENTIFIER=Intel64 Family 6 Model 60 Stepping 3, GenuineIntel
TMP=C:\Users\pc\AppData\Local\Temp
TEMP=C:\Users\pc\AppData\Local\Temp



---------------  S Y S T E M  ---------------

OS:
 Windows 10 , 64 bit Build 19041 (10.0.19041.3636)
OS uptime: 0 days 6:00 hours

CPU: total 4 (initial active 4) (2 cores per cpu, 2 threads per core) family 6 model 60 stepping 3 microcode 0x27, cx8, cmov, fxsr, ht, mmx, sse, sse2, sse3, ssse3, sse4.1, sse4.2, popcnt, lzcnt, tsc, tscinvbit, avx, avx2, aes, erms, clmul, bmi1, bmi2, fma, vzeroupper, clflush

Memory: 4k page, system-wide physical 8107M (884M free)
TotalPageFile size 9996M (AvailPageFile size 778M)
current process WorkingSet (physical memory assigned to process): 149M, peak: 149M
current process commit charge ("private bytes"): 175M, peak: 222M

vm_info: OpenJDK 64-Bit Server VM (17.0.7+7) for windows-amd64 JRE (17.0.7+7), built on Apr 18 2023 22:10:42 by "temurin" with MS VC++ 16.7 (VS2019)

END.
